{"C:\\Users\\39366\\Desktop\\Master\\individualProjects\\Project1-TelemedicinePlatform\\TelemedicinePlatform\\frontend\\src\\icons.js": {"path":"C:\\Users\\39366\\Desktop\\Master\\individualProjects\\Project1-TelemedicinePlatform\\TelemedicinePlatform\\frontend\\src\\icons.js","statementMap":{"0":{"start":{"line":1,"column":14},"end":{"line":12,"column":1}}},"fnMap":{},"branchMap":{},"s":{"0":1},"f":{},"b":{},"_coverageSchema":"1a1c01bbd47fc00a2c39e90264f33305004495a9","hash":"dfb4f5db368c5ae989303888652e51f02ba443c4"}
,"C:\\Users\\39366\\Desktop\\Master\\individualProjects\\Project1-TelemedicinePlatform\\TelemedicinePlatform\\frontend\\src\\store.js": {"path":"C:\\Users\\39366\\Desktop\\Master\\individualProjects\\Project1-TelemedicinePlatform\\TelemedicinePlatform\\frontend\\src\\store.js","statementMap":{"0":{"start":{"line":65,"column":16},"end":{"line":107,"column":2}},"1":{"start":{"line":109,"column":30},"end":{"line":111,"column":6}},"2":{"start":{"line":113,"column":28},"end":{"line":115,"column":8}},"3":{"start":{"line":117,"column":21},"end":{"line":120,"column":1}},"4":{"start":{"line":122,"column":19},"end":{"line":122,"column":26}},"5":{"start":{"line":124,"column":14},"end":{"line":124,"column":80}}},"fnMap":{},"branchMap":{"0":{"loc":{"start":{"line":109,"column":30},"end":{"line":111,"column":6}},"type":"cond-expr","locations":[{"start":{"line":110,"column":4},"end":{"line":110,"column":48}},{"start":{"line":111,"column":4},"end":{"line":111,"column":6}}],"line":109},"1":{"loc":{"start":{"line":113,"column":28},"end":{"line":115,"column":8}},"type":"cond-expr","locations":[{"start":{"line":114,"column":4},"end":{"line":114,"column":48}},{"start":{"line":115,"column":4},"end":{"line":115,"column":8}}],"line":113}},"s":{"0":4,"1":4,"2":4,"3":4,"4":4,"5":4},"f":{},"b":{"0":[0,4],"1":[0,4]},"_coverageSchema":"1a1c01bbd47fc00a2c39e90264f33305004495a9","hash":"b10d1cf0c4e60146acda1196ba026f2f557c3939"}
,"C:\\Users\\39366\\Desktop\\Master\\individualProjects\\Project1-TelemedicinePlatform\\TelemedicinePlatform\\frontend\\src\\actions\\diseaseActions.js": {"path":"C:\\Users\\39366\\Desktop\\Master\\individualProjects\\Project1-TelemedicinePlatform\\TelemedicinePlatform\\frontend\\src\\actions\\diseaseActions.js","statementMap":{"0":{"start":{"line":21,"column":28},"end":{"line":43,"column":1}},"1":{"start":{"line":21,"column":34},"end":{"line":43,"column":1}},"2":{"start":{"line":22,"column":2},"end":{"line":42,"column":3}},"3":{"start":{"line":23,"column":4},"end":{"line":25,"column":6}},"4":{"start":{"line":26,"column":4},"end":{"line":26,"column":44}},"5":{"start":{"line":28,"column":21},"end":{"line":28,"column":53}},"6":{"start":{"line":30,"column":4},"end":{"line":33,"column":6}},"7":{"start":{"line":35,"column":4},"end":{"line":41,"column":6}},"8":{"start":{"line":45,"column":35},"end":{"line":64,"column":1}},"9":{"start":{"line":45,"column":50},"end":{"line":64,"column":1}},"10":{"start":{"line":46,"column":2},"end":{"line":63,"column":3}},"11":{"start":{"line":47,"column":4},"end":{"line":47,"column":52}},"12":{"start":{"line":49,"column":21},"end":{"line":49,"column":66}},"13":{"start":{"line":51,"column":4},"end":{"line":54,"column":6}},"14":{"start":{"line":56,"column":4},"end":{"line":62,"column":6}},"15":{"start":{"line":66,"column":29},"end":{"line":86,"column":1}},"16":{"start":{"line":66,"column":42},"end":{"line":86,"column":1}},"17":{"start":{"line":67,"column":2},"end":{"line":85,"column":3}},"18":{"start":{"line":68,"column":4},"end":{"line":70,"column":6}},"19":{"start":{"line":72,"column":21},"end":{"line":72,"column":63}},"20":{"start":{"line":73,"column":4},"end":{"line":76,"column":6}},"21":{"start":{"line":78,"column":4},"end":{"line":84,"column":6}},"22":{"start":{"line":88,"column":29},"end":{"line":111,"column":1}},"23":{"start":{"line":88,"column":37},"end":{"line":111,"column":1}},"24":{"start":{"line":89,"column":2},"end":{"line":110,"column":3}},"25":{"start":{"line":90,"column":4},"end":{"line":92,"column":6}},"26":{"start":{"line":94,"column":21},"end":{"line":94,"column":62}},"27":{"start":{"line":96,"column":4},"end":{"line":99,"column":6}},"28":{"start":{"line":102,"column":6},"end":{"line":104,"column":23}},"29":{"start":{"line":106,"column":4},"end":{"line":109,"column":6}},"30":{"start":{"line":113,"column":29},"end":{"line":136,"column":1}},"31":{"start":{"line":113,"column":42},"end":{"line":136,"column":1}},"32":{"start":{"line":114,"column":2},"end":{"line":135,"column":3}},"33":{"start":{"line":115,"column":4},"end":{"line":117,"column":6}},"34":{"start":{"line":119,"column":21},"end":{"line":119,"column":77}},"35":{"start":{"line":121,"column":4},"end":{"line":124,"column":6}},"36":{"start":{"line":127,"column":6},"end":{"line":129,"column":23}},"37":{"start":{"line":131,"column":4},"end":{"line":134,"column":6}}},"fnMap":{"0":{"name":"(anonymous_0)","decl":{"start":{"line":21,"column":28},"end":{"line":21,"column":29}},"loc":{"start":{"line":21,"column":34},"end":{"line":43,"column":1}},"line":21},"1":{"name":"(anonymous_1)","decl":{"start":{"line":21,"column":34},"end":{"line":21,"column":35}},"loc":{"start":{"line":21,"column":54},"end":{"line":43,"column":1}},"line":21},"2":{"name":"(anonymous_2)","decl":{"start":{"line":45,"column":35},"end":{"line":45,"column":36}},"loc":{"start":{"line":45,"column":50},"end":{"line":64,"column":1}},"line":45},"3":{"name":"(anonymous_3)","decl":{"start":{"line":45,"column":50},"end":{"line":45,"column":51}},"loc":{"start":{"line":45,"column":70},"end":{"line":64,"column":1}},"line":45},"4":{"name":"(anonymous_4)","decl":{"start":{"line":66,"column":29},"end":{"line":66,"column":30}},"loc":{"start":{"line":66,"column":42},"end":{"line":86,"column":1}},"line":66},"5":{"name":"(anonymous_5)","decl":{"start":{"line":66,"column":42},"end":{"line":66,"column":43}},"loc":{"start":{"line":66,"column":62},"end":{"line":86,"column":1}},"line":66},"6":{"name":"(anonymous_6)","decl":{"start":{"line":88,"column":29},"end":{"line":88,"column":30}},"loc":{"start":{"line":88,"column":37},"end":{"line":111,"column":1}},"line":88},"7":{"name":"(anonymous_7)","decl":{"start":{"line":88,"column":37},"end":{"line":88,"column":38}},"loc":{"start":{"line":88,"column":57},"end":{"line":111,"column":1}},"line":88},"8":{"name":"(anonymous_8)","decl":{"start":{"line":113,"column":29},"end":{"line":113,"column":30}},"loc":{"start":{"line":113,"column":42},"end":{"line":136,"column":1}},"line":113},"9":{"name":"(anonymous_9)","decl":{"start":{"line":113,"column":42},"end":{"line":113,"column":43}},"loc":{"start":{"line":113,"column":62},"end":{"line":136,"column":1}},"line":113}},"branchMap":{"0":{"loc":{"start":{"line":38,"column":8},"end":{"line":40,"column":25}},"type":"cond-expr","locations":[{"start":{"line":39,"column":12},"end":{"line":39,"column":39}},{"start":{"line":40,"column":12},"end":{"line":40,"column":25}}],"line":38},"1":{"loc":{"start":{"line":38,"column":8},"end":{"line":38,"column":53}},"type":"binary-expr","locations":[{"start":{"line":38,"column":8},"end":{"line":38,"column":22}},{"start":{"line":38,"column":26},"end":{"line":38,"column":53}}],"line":38},"2":{"loc":{"start":{"line":59,"column":8},"end":{"line":61,"column":25}},"type":"cond-expr","locations":[{"start":{"line":60,"column":12},"end":{"line":60,"column":39}},{"start":{"line":61,"column":12},"end":{"line":61,"column":25}}],"line":59},"3":{"loc":{"start":{"line":59,"column":8},"end":{"line":59,"column":53}},"type":"binary-expr","locations":[{"start":{"line":59,"column":8},"end":{"line":59,"column":22}},{"start":{"line":59,"column":26},"end":{"line":59,"column":53}}],"line":59},"4":{"loc":{"start":{"line":81,"column":8},"end":{"line":83,"column":25}},"type":"cond-expr","locations":[{"start":{"line":82,"column":12},"end":{"line":82,"column":39}},{"start":{"line":83,"column":12},"end":{"line":83,"column":25}}],"line":81},"5":{"loc":{"start":{"line":81,"column":8},"end":{"line":81,"column":53}},"type":"binary-expr","locations":[{"start":{"line":81,"column":8},"end":{"line":81,"column":22}},{"start":{"line":81,"column":26},"end":{"line":81,"column":53}}],"line":81},"6":{"loc":{"start":{"line":102,"column":6},"end":{"line":104,"column":23}},"type":"cond-expr","locations":[{"start":{"line":103,"column":10},"end":{"line":103,"column":37}},{"start":{"line":104,"column":10},"end":{"line":104,"column":23}}],"line":102},"7":{"loc":{"start":{"line":102,"column":6},"end":{"line":102,"column":51}},"type":"binary-expr","locations":[{"start":{"line":102,"column":6},"end":{"line":102,"column":20}},{"start":{"line":102,"column":24},"end":{"line":102,"column":51}}],"line":102},"8":{"loc":{"start":{"line":127,"column":6},"end":{"line":129,"column":23}},"type":"cond-expr","locations":[{"start":{"line":128,"column":10},"end":{"line":128,"column":37}},{"start":{"line":129,"column":10},"end":{"line":129,"column":23}}],"line":127},"9":{"loc":{"start":{"line":127,"column":6},"end":{"line":127,"column":51}},"type":"binary-expr","locations":[{"start":{"line":127,"column":6},"end":{"line":127,"column":20}},{"start":{"line":127,"column":24},"end":{"line":127,"column":51}}],"line":127}},"s":{"0":2,"1":2,"2":2,"3":2,"4":2,"5":2,"6":0,"7":0,"8":2,"9":0,"10":0,"11":0,"12":0,"13":0,"14":0,"15":2,"16":0,"17":0,"18":0,"19":0,"20":0,"21":0,"22":2,"23":0,"24":0,"25":0,"26":0,"27":0,"28":0,"29":0,"30":2,"31":0,"32":0,"33":0,"34":0,"35":0,"36":0,"37":0},"f":{"0":2,"1":2,"2":0,"3":0,"4":0,"5":0,"6":0,"7":0,"8":0,"9":0},"b":{"0":[0,0],"1":[0,0],"2":[0,0],"3":[0,0],"4":[0,0],"5":[0,0],"6":[0,0],"7":[0,0],"8":[0,0],"9":[0,0]},"_coverageSchema":"1a1c01bbd47fc00a2c39e90264f33305004495a9","hash":"e543abb89ca8f05dde945219fc854f044ae03ad9"}
,"C:\\Users\\39366\\Desktop\\Master\\individualProjects\\Project1-TelemedicinePlatform\\TelemedicinePlatform\\frontend\\src\\actions\\doctorActions.js": {"path":"C:\\Users\\39366\\Desktop\\Master\\individualProjects\\Project1-TelemedicinePlatform\\TelemedicinePlatform\\frontend\\src\\actions\\doctorActions.js","statementMap":{"0":{"start":{"line":34,"column":21},"end":{"line":68,"column":1}},"1":{"start":{"line":34,"column":42},"end":{"line":68,"column":1}},"2":{"start":{"line":35,"column":2},"end":{"line":67,"column":3}},"3":{"start":{"line":36,"column":4},"end":{"line":38,"column":6}},"4":{"start":{"line":40,"column":19},"end":{"line":44,"column":5}},"5":{"start":{"line":46,"column":21},"end":{"line":50,"column":5}},"6":{"start":{"line":52,"column":4},"end":{"line":55,"column":6}},"7":{"start":{"line":58,"column":4},"end":{"line":58,"column":58}},"8":{"start":{"line":60,"column":4},"end":{"line":66,"column":6}},"9":{"start":{"line":71,"column":22},"end":{"line":76,"column":1}},"10":{"start":{"line":71,"column":28},"end":{"line":76,"column":1}},"11":{"start":{"line":72,"column":2},"end":{"line":72,"column":37}},"12":{"start":{"line":73,"column":2},"end":{"line":73,"column":35}},"13":{"start":{"line":74,"column":2},"end":{"line":74,"column":42}},"14":{"start":{"line":75,"column":2},"end":{"line":75,"column":39}},"15":{"start":{"line":78,"column":24},"end":{"line":123,"column":1}},"16":{"start":{"line":78,"column":60},"end":{"line":123,"column":1}},"17":{"start":{"line":82,"column":2},"end":{"line":122,"column":3}},"18":{"start":{"line":83,"column":4},"end":{"line":85,"column":6}},"19":{"start":{"line":89,"column":8},"end":{"line":89,"column":18}},"20":{"start":{"line":91,"column":19},"end":{"line":95,"column":5}},"21":{"start":{"line":97,"column":21},"end":{"line":101,"column":5}},"22":{"start":{"line":103,"column":4},"end":{"line":106,"column":6}},"23":{"start":{"line":115,"column":4},"end":{"line":121,"column":6}},"24":{"start":{"line":125,"column":32},"end":{"line":157,"column":1}},"25":{"start":{"line":125,"column":40},"end":{"line":157,"column":1}},"26":{"start":{"line":126,"column":2},"end":{"line":156,"column":3}},"27":{"start":{"line":127,"column":4},"end":{"line":129,"column":6}},"28":{"start":{"line":133,"column":8},"end":{"line":133,"column":18}},"29":{"start":{"line":135,"column":19},"end":{"line":140,"column":5}},"30":{"start":{"line":142,"column":21},"end":{"line":142,"column":66}},"31":{"start":{"line":144,"column":4},"end":{"line":147,"column":6}},"32":{"start":{"line":149,"column":4},"end":{"line":155,"column":6}},"33":{"start":{"line":159,"column":35},"end":{"line":200,"column":1}},"34":{"start":{"line":159,"column":45},"end":{"line":200,"column":1}},"35":{"start":{"line":160,"column":2},"end":{"line":199,"column":3}},"36":{"start":{"line":161,"column":4},"end":{"line":163,"column":6}},"37":{"start":{"line":167,"column":8},"end":{"line":167,"column":18}},"38":{"start":{"line":169,"column":19},"end":{"line":174,"column":5}},"39":{"start":{"line":176,"column":21},"end":{"line":176,"column":74}},"40":{"start":{"line":178,"column":4},"end":{"line":181,"column":6}},"41":{"start":{"line":182,"column":4},"end":{"line":185,"column":6}},"42":{"start":{"line":186,"column":4},"end":{"line":186,"column":58}},"43":{"start":{"line":189,"column":6},"end":{"line":191,"column":23}},"44":{"start":{"line":192,"column":4},"end":{"line":194,"column":5}},"45":{"start":{"line":193,"column":6},"end":{"line":193,"column":24}},"46":{"start":{"line":195,"column":4},"end":{"line":198,"column":6}},"47":{"start":{"line":202,"column":27},"end":{"line":237,"column":1}},"48":{"start":{"line":202,"column":33},"end":{"line":237,"column":1}},"49":{"start":{"line":203,"column":2},"end":{"line":236,"column":3}},"50":{"start":{"line":204,"column":4},"end":{"line":206,"column":6}},"51":{"start":{"line":210,"column":8},"end":{"line":210,"column":18}},"52":{"start":{"line":212,"column":19},"end":{"line":216,"column":5}},"53":{"start":{"line":218,"column":21},"end":{"line":218,"column":60}},"54":{"start":{"line":220,"column":4},"end":{"line":223,"column":6}},"55":{"start":{"line":226,"column":6},"end":{"line":228,"column":23}},"56":{"start":{"line":229,"column":4},"end":{"line":231,"column":5}},"57":{"start":{"line":230,"column":6},"end":{"line":230,"column":24}},"58":{"start":{"line":232,"column":4},"end":{"line":235,"column":6}},"59":{"start":{"line":239,"column":28},"end":{"line":271,"column":1}},"60":{"start":{"line":239,"column":36},"end":{"line":271,"column":1}},"61":{"start":{"line":240,"column":2},"end":{"line":270,"column":3}},"62":{"start":{"line":241,"column":4},"end":{"line":243,"column":6}},"63":{"start":{"line":247,"column":8},"end":{"line":247,"column":18}},"64":{"start":{"line":249,"column":19},"end":{"line":253,"column":5}},"65":{"start":{"line":255,"column":4},"end":{"line":255,"column":52}},"66":{"start":{"line":257,"column":4},"end":{"line":257,"column":45}},"67":{"start":{"line":260,"column":6},"end":{"line":262,"column":23}},"68":{"start":{"line":263,"column":4},"end":{"line":265,"column":5}},"69":{"start":{"line":264,"column":6},"end":{"line":264,"column":24}},"70":{"start":{"line":266,"column":4},"end":{"line":269,"column":6}},"71":{"start":{"line":273,"column":28},"end":{"line":310,"column":1}},"72":{"start":{"line":273,"column":38},"end":{"line":310,"column":1}},"73":{"start":{"line":274,"column":2},"end":{"line":309,"column":3}},"74":{"start":{"line":275,"column":4},"end":{"line":277,"column":6}},"75":{"start":{"line":281,"column":8},"end":{"line":281,"column":18}},"76":{"start":{"line":283,"column":19},"end":{"line":288,"column":5}},"77":{"start":{"line":290,"column":21},"end":{"line":290,"column":78}},"78":{"start":{"line":292,"column":4},"end":{"line":292,"column":45}},"79":{"start":{"line":294,"column":4},"end":{"line":294,"column":61}},"80":{"start":{"line":296,"column":4},"end":{"line":296,"column":44}},"81":{"start":{"line":299,"column":6},"end":{"line":301,"column":23}},"82":{"start":{"line":302,"column":4},"end":{"line":304,"column":5}},"83":{"start":{"line":303,"column":6},"end":{"line":303,"column":24}},"84":{"start":{"line":305,"column":4},"end":{"line":308,"column":6}},"85":{"start":{"line":312,"column":34},"end":{"line":347,"column":1}},"86":{"start":{"line":312,"column":42},"end":{"line":347,"column":1}},"87":{"start":{"line":313,"column":2},"end":{"line":346,"column":3}},"88":{"start":{"line":314,"column":4},"end":{"line":316,"column":6}},"89":{"start":{"line":320,"column":8},"end":{"line":320,"column":18}},"90":{"start":{"line":322,"column":19},"end":{"line":326,"column":5}},"91":{"start":{"line":328,"column":21},"end":{"line":328,"column":75}},"92":{"start":{"line":330,"column":4},"end":{"line":333,"column":6}},"93":{"start":{"line":336,"column":6},"end":{"line":338,"column":23}},"94":{"start":{"line":339,"column":4},"end":{"line":341,"column":5}},"95":{"start":{"line":340,"column":6},"end":{"line":340,"column":24}},"96":{"start":{"line":342,"column":4},"end":{"line":345,"column":6}}},"fnMap":{"0":{"name":"(anonymous_0)","decl":{"start":{"line":34,"column":21},"end":{"line":34,"column":22}},"loc":{"start":{"line":34,"column":42},"end":{"line":68,"column":1}},"line":34},"1":{"name":"(anonymous_1)","decl":{"start":{"line":34,"column":42},"end":{"line":34,"column":43}},"loc":{"start":{"line":34,"column":62},"end":{"line":68,"column":1}},"line":34},"2":{"name":"(anonymous_2)","decl":{"start":{"line":71,"column":22},"end":{"line":71,"column":23}},"loc":{"start":{"line":71,"column":28},"end":{"line":76,"column":1}},"line":71},"3":{"name":"(anonymous_3)","decl":{"start":{"line":71,"column":28},"end":{"line":71,"column":29}},"loc":{"start":{"line":71,"column":42},"end":{"line":76,"column":1}},"line":71},"4":{"name":"(anonymous_4)","decl":{"start":{"line":78,"column":24},"end":{"line":78,"column":25}},"loc":{"start":{"line":78,"column":60},"end":{"line":123,"column":1}},"line":78},"5":{"name":"(anonymous_5)","decl":{"start":{"line":78,"column":60},"end":{"line":78,"column":61}},"loc":{"start":{"line":81,"column":5},"end":{"line":123,"column":1}},"line":81},"6":{"name":"(anonymous_6)","decl":{"start":{"line":125,"column":32},"end":{"line":125,"column":33}},"loc":{"start":{"line":125,"column":40},"end":{"line":157,"column":1}},"line":125},"7":{"name":"(anonymous_7)","decl":{"start":{"line":125,"column":40},"end":{"line":125,"column":41}},"loc":{"start":{"line":125,"column":70},"end":{"line":157,"column":1}},"line":125},"8":{"name":"(anonymous_8)","decl":{"start":{"line":159,"column":35},"end":{"line":159,"column":36}},"loc":{"start":{"line":159,"column":45},"end":{"line":200,"column":1}},"line":159},"9":{"name":"(anonymous_9)","decl":{"start":{"line":159,"column":45},"end":{"line":159,"column":46}},"loc":{"start":{"line":159,"column":75},"end":{"line":200,"column":1}},"line":159},"10":{"name":"(anonymous_10)","decl":{"start":{"line":202,"column":27},"end":{"line":202,"column":28}},"loc":{"start":{"line":202,"column":33},"end":{"line":237,"column":1}},"line":202},"11":{"name":"(anonymous_11)","decl":{"start":{"line":202,"column":33},"end":{"line":202,"column":34}},"loc":{"start":{"line":202,"column":63},"end":{"line":237,"column":1}},"line":202},"12":{"name":"(anonymous_12)","decl":{"start":{"line":239,"column":28},"end":{"line":239,"column":29}},"loc":{"start":{"line":239,"column":36},"end":{"line":271,"column":1}},"line":239},"13":{"name":"(anonymous_13)","decl":{"start":{"line":239,"column":36},"end":{"line":239,"column":37}},"loc":{"start":{"line":239,"column":66},"end":{"line":271,"column":1}},"line":239},"14":{"name":"(anonymous_14)","decl":{"start":{"line":273,"column":28},"end":{"line":273,"column":29}},"loc":{"start":{"line":273,"column":38},"end":{"line":310,"column":1}},"line":273},"15":{"name":"(anonymous_15)","decl":{"start":{"line":273,"column":38},"end":{"line":273,"column":39}},"loc":{"start":{"line":273,"column":68},"end":{"line":310,"column":1}},"line":273},"16":{"name":"(anonymous_16)","decl":{"start":{"line":312,"column":34},"end":{"line":312,"column":35}},"loc":{"start":{"line":312,"column":42},"end":{"line":347,"column":1}},"line":312},"17":{"name":"(anonymous_17)","decl":{"start":{"line":312,"column":42},"end":{"line":312,"column":43}},"loc":{"start":{"line":312,"column":72},"end":{"line":347,"column":1}},"line":312}},"branchMap":{"0":{"loc":{"start":{"line":63,"column":8},"end":{"line":65,"column":25}},"type":"cond-expr","locations":[{"start":{"line":64,"column":12},"end":{"line":64,"column":39}},{"start":{"line":65,"column":12},"end":{"line":65,"column":25}}],"line":63},"1":{"loc":{"start":{"line":63,"column":8},"end":{"line":63,"column":53}},"type":"binary-expr","locations":[{"start":{"line":63,"column":8},"end":{"line":63,"column":22}},{"start":{"line":63,"column":26},"end":{"line":63,"column":53}}],"line":63},"2":{"loc":{"start":{"line":118,"column":8},"end":{"line":120,"column":25}},"type":"cond-expr","locations":[{"start":{"line":119,"column":12},"end":{"line":119,"column":39}},{"start":{"line":120,"column":12},"end":{"line":120,"column":25}}],"line":118},"3":{"loc":{"start":{"line":118,"column":8},"end":{"line":118,"column":53}},"type":"binary-expr","locations":[{"start":{"line":118,"column":8},"end":{"line":118,"column":22}},{"start":{"line":118,"column":26},"end":{"line":118,"column":53}}],"line":118},"4":{"loc":{"start":{"line":152,"column":8},"end":{"line":154,"column":25}},"type":"cond-expr","locations":[{"start":{"line":153,"column":12},"end":{"line":153,"column":39}},{"start":{"line":154,"column":12},"end":{"line":154,"column":25}}],"line":152},"5":{"loc":{"start":{"line":152,"column":8},"end":{"line":152,"column":53}},"type":"binary-expr","locations":[{"start":{"line":152,"column":8},"end":{"line":152,"column":22}},{"start":{"line":152,"column":26},"end":{"line":152,"column":53}}],"line":152},"6":{"loc":{"start":{"line":189,"column":6},"end":{"line":191,"column":23}},"type":"cond-expr","locations":[{"start":{"line":190,"column":10},"end":{"line":190,"column":37}},{"start":{"line":191,"column":10},"end":{"line":191,"column":23}}],"line":189},"7":{"loc":{"start":{"line":189,"column":6},"end":{"line":189,"column":51}},"type":"binary-expr","locations":[{"start":{"line":189,"column":6},"end":{"line":189,"column":20}},{"start":{"line":189,"column":24},"end":{"line":189,"column":51}}],"line":189},"8":{"loc":{"start":{"line":192,"column":4},"end":{"line":194,"column":5}},"type":"if","locations":[{"start":{"line":192,"column":4},"end":{"line":194,"column":5}},{"start":{"line":192,"column":4},"end":{"line":194,"column":5}}],"line":192},"9":{"loc":{"start":{"line":226,"column":6},"end":{"line":228,"column":23}},"type":"cond-expr","locations":[{"start":{"line":227,"column":10},"end":{"line":227,"column":37}},{"start":{"line":228,"column":10},"end":{"line":228,"column":23}}],"line":226},"10":{"loc":{"start":{"line":226,"column":6},"end":{"line":226,"column":51}},"type":"binary-expr","locations":[{"start":{"line":226,"column":6},"end":{"line":226,"column":20}},{"start":{"line":226,"column":24},"end":{"line":226,"column":51}}],"line":226},"11":{"loc":{"start":{"line":229,"column":4},"end":{"line":231,"column":5}},"type":"if","locations":[{"start":{"line":229,"column":4},"end":{"line":231,"column":5}},{"start":{"line":229,"column":4},"end":{"line":231,"column":5}}],"line":229},"12":{"loc":{"start":{"line":260,"column":6},"end":{"line":262,"column":23}},"type":"cond-expr","locations":[{"start":{"line":261,"column":10},"end":{"line":261,"column":37}},{"start":{"line":262,"column":10},"end":{"line":262,"column":23}}],"line":260},"13":{"loc":{"start":{"line":260,"column":6},"end":{"line":260,"column":51}},"type":"binary-expr","locations":[{"start":{"line":260,"column":6},"end":{"line":260,"column":20}},{"start":{"line":260,"column":24},"end":{"line":260,"column":51}}],"line":260},"14":{"loc":{"start":{"line":263,"column":4},"end":{"line":265,"column":5}},"type":"if","locations":[{"start":{"line":263,"column":4},"end":{"line":265,"column":5}},{"start":{"line":263,"column":4},"end":{"line":265,"column":5}}],"line":263},"15":{"loc":{"start":{"line":299,"column":6},"end":{"line":301,"column":23}},"type":"cond-expr","locations":[{"start":{"line":300,"column":10},"end":{"line":300,"column":37}},{"start":{"line":301,"column":10},"end":{"line":301,"column":23}}],"line":299},"16":{"loc":{"start":{"line":299,"column":6},"end":{"line":299,"column":51}},"type":"binary-expr","locations":[{"start":{"line":299,"column":6},"end":{"line":299,"column":20}},{"start":{"line":299,"column":24},"end":{"line":299,"column":51}}],"line":299},"17":{"loc":{"start":{"line":302,"column":4},"end":{"line":304,"column":5}},"type":"if","locations":[{"start":{"line":302,"column":4},"end":{"line":304,"column":5}},{"start":{"line":302,"column":4},"end":{"line":304,"column":5}}],"line":302},"18":{"loc":{"start":{"line":336,"column":6},"end":{"line":338,"column":23}},"type":"cond-expr","locations":[{"start":{"line":337,"column":10},"end":{"line":337,"column":37}},{"start":{"line":338,"column":10},"end":{"line":338,"column":23}}],"line":336},"19":{"loc":{"start":{"line":336,"column":6},"end":{"line":336,"column":51}},"type":"binary-expr","locations":[{"start":{"line":336,"column":6},"end":{"line":336,"column":20}},{"start":{"line":336,"column":24},"end":{"line":336,"column":51}}],"line":336},"20":{"loc":{"start":{"line":339,"column":4},"end":{"line":341,"column":5}},"type":"if","locations":[{"start":{"line":339,"column":4},"end":{"line":341,"column":5}},{"start":{"line":339,"column":4},"end":{"line":341,"column":5}}],"line":339}},"s":{"0":1,"1":0,"2":0,"3":0,"4":0,"5":0,"6":0,"7":0,"8":0,"9":1,"10":0,"11":0,"12":0,"13":0,"14":0,"15":1,"16":0,"17":0,"18":0,"19":0,"20":0,"21":0,"22":0,"23":0,"24":1,"25":0,"26":0,"27":0,"28":0,"29":0,"30":0,"31":0,"32":0,"33":1,"34":0,"35":0,"36":0,"37":0,"38":0,"39":0,"40":0,"41":0,"42":0,"43":0,"44":0,"45":0,"46":0,"47":1,"48":0,"49":0,"50":0,"51":0,"52":0,"53":0,"54":0,"55":0,"56":0,"57":0,"58":0,"59":1,"60":0,"61":0,"62":0,"63":0,"64":0,"65":0,"66":0,"67":0,"68":0,"69":0,"70":0,"71":1,"72":0,"73":0,"74":0,"75":0,"76":0,"77":0,"78":0,"79":0,"80":0,"81":0,"82":0,"83":0,"84":0,"85":1,"86":0,"87":0,"88":0,"89":0,"90":0,"91":0,"92":0,"93":0,"94":0,"95":0,"96":0},"f":{"0":0,"1":0,"2":0,"3":0,"4":0,"5":0,"6":0,"7":0,"8":0,"9":0,"10":0,"11":0,"12":0,"13":0,"14":0,"15":0,"16":0,"17":0},"b":{"0":[0,0],"1":[0,0],"2":[0,0],"3":[0,0],"4":[0,0],"5":[0,0],"6":[0,0],"7":[0,0],"8":[0,0],"9":[0,0],"10":[0,0],"11":[0,0],"12":[0,0],"13":[0,0],"14":[0,0],"15":[0,0],"16":[0,0],"17":[0,0],"18":[0,0],"19":[0,0],"20":[0,0]},"_coverageSchema":"1a1c01bbd47fc00a2c39e90264f33305004495a9","hash":"9594f93feb7cdcb6bb362a9aa1d8a29569a6880a"}
,"C:\\Users\\39366\\Desktop\\Master\\individualProjects\\Project1-TelemedicinePlatform\\TelemedicinePlatform\\frontend\\src\\actions\\patientActions.js": {"path":"C:\\Users\\39366\\Desktop\\Master\\individualProjects\\Project1-TelemedicinePlatform\\TelemedicinePlatform\\frontend\\src\\actions\\patientActions.js","statementMap":{"0":{"start":{"line":29,"column":28},"end":{"line":48,"column":1}},"1":{"start":{"line":29,"column":34},"end":{"line":48,"column":1}},"2":{"start":{"line":30,"column":2},"end":{"line":47,"column":3}},"3":{"start":{"line":31,"column":4},"end":{"line":31,"column":44}},"4":{"start":{"line":33,"column":21},"end":{"line":33,"column":53}},"5":{"start":{"line":35,"column":4},"end":{"line":38,"column":6}},"6":{"start":{"line":40,"column":4},"end":{"line":46,"column":6}},"7":{"start":{"line":50,"column":30},"end":{"line":69,"column":1}},"8":{"start":{"line":50,"column":38},"end":{"line":69,"column":1}},"9":{"start":{"line":51,"column":2},"end":{"line":68,"column":3}},"10":{"start":{"line":52,"column":4},"end":{"line":52,"column":39}},"11":{"start":{"line":54,"column":21},"end":{"line":54,"column":59}},"12":{"start":{"line":56,"column":4},"end":{"line":59,"column":6}},"13":{"start":{"line":61,"column":4},"end":{"line":67,"column":6}},"14":{"start":{"line":71,"column":37},"end":{"line":90,"column":1}},"15":{"start":{"line":71,"column":45},"end":{"line":90,"column":1}},"16":{"start":{"line":72,"column":2},"end":{"line":89,"column":3}},"17":{"start":{"line":73,"column":4},"end":{"line":73,"column":55}},"18":{"start":{"line":75,"column":21},"end":{"line":75,"column":77}},"19":{"start":{"line":77,"column":4},"end":{"line":80,"column":6}},"20":{"start":{"line":82,"column":4},"end":{"line":88,"column":6}},"21":{"start":{"line":92,"column":39},"end":{"line":111,"column":1}},"22":{"start":{"line":92,"column":45},"end":{"line":111,"column":1}},"23":{"start":{"line":93,"column":2},"end":{"line":110,"column":3}},"24":{"start":{"line":94,"column":4},"end":{"line":94,"column":57}},"25":{"start":{"line":96,"column":21},"end":{"line":96,"column":64}},"26":{"start":{"line":98,"column":4},"end":{"line":101,"column":6}},"27":{"start":{"line":103,"column":4},"end":{"line":109,"column":6}},"28":{"start":{"line":113,"column":38},"end":{"line":132,"column":1}},"29":{"start":{"line":113,"column":46},"end":{"line":132,"column":1}},"30":{"start":{"line":114,"column":2},"end":{"line":131,"column":3}},"31":{"start":{"line":115,"column":4},"end":{"line":115,"column":56}},"32":{"start":{"line":117,"column":21},"end":{"line":117,"column":70}},"33":{"start":{"line":119,"column":4},"end":{"line":122,"column":6}},"34":{"start":{"line":124,"column":4},"end":{"line":130,"column":6}},"35":{"start":{"line":134,"column":29},"end":{"line":155,"column":1}},"36":{"start":{"line":134,"column":42},"end":{"line":155,"column":1}},"37":{"start":{"line":135,"column":2},"end":{"line":154,"column":3}},"38":{"start":{"line":136,"column":4},"end":{"line":138,"column":6}},"39":{"start":{"line":140,"column":21},"end":{"line":140,"column":63}},"40":{"start":{"line":142,"column":4},"end":{"line":145,"column":6}},"41":{"start":{"line":147,"column":4},"end":{"line":153,"column":6}},"42":{"start":{"line":157,"column":29},"end":{"line":179,"column":1}},"43":{"start":{"line":157,"column":37},"end":{"line":179,"column":1}},"44":{"start":{"line":158,"column":2},"end":{"line":178,"column":3}},"45":{"start":{"line":159,"column":4},"end":{"line":161,"column":6}},"46":{"start":{"line":163,"column":4},"end":{"line":163,"column":45}},"47":{"start":{"line":165,"column":4},"end":{"line":167,"column":6}},"48":{"start":{"line":170,"column":6},"end":{"line":172,"column":23}},"49":{"start":{"line":174,"column":4},"end":{"line":177,"column":6}},"50":{"start":{"line":181,"column":29},"end":{"line":204,"column":1}},"51":{"start":{"line":181,"column":42},"end":{"line":204,"column":1}},"52":{"start":{"line":182,"column":2},"end":{"line":203,"column":3}},"53":{"start":{"line":183,"column":4},"end":{"line":185,"column":6}},"54":{"start":{"line":187,"column":21},"end":{"line":187,"column":77}},"55":{"start":{"line":189,"column":4},"end":{"line":192,"column":6}},"56":{"start":{"line":195,"column":6},"end":{"line":197,"column":23}},"57":{"start":{"line":199,"column":4},"end":{"line":202,"column":6}}},"fnMap":{"0":{"name":"(anonymous_0)","decl":{"start":{"line":29,"column":28},"end":{"line":29,"column":29}},"loc":{"start":{"line":29,"column":34},"end":{"line":48,"column":1}},"line":29},"1":{"name":"(anonymous_1)","decl":{"start":{"line":29,"column":34},"end":{"line":29,"column":35}},"loc":{"start":{"line":29,"column":54},"end":{"line":48,"column":1}},"line":29},"2":{"name":"(anonymous_2)","decl":{"start":{"line":50,"column":30},"end":{"line":50,"column":31}},"loc":{"start":{"line":50,"column":38},"end":{"line":69,"column":1}},"line":50},"3":{"name":"(anonymous_3)","decl":{"start":{"line":50,"column":38},"end":{"line":50,"column":39}},"loc":{"start":{"line":50,"column":58},"end":{"line":69,"column":1}},"line":50},"4":{"name":"(anonymous_4)","decl":{"start":{"line":71,"column":37},"end":{"line":71,"column":38}},"loc":{"start":{"line":71,"column":45},"end":{"line":90,"column":1}},"line":71},"5":{"name":"(anonymous_5)","decl":{"start":{"line":71,"column":45},"end":{"line":71,"column":46}},"loc":{"start":{"line":71,"column":65},"end":{"line":90,"column":1}},"line":71},"6":{"name":"(anonymous_6)","decl":{"start":{"line":92,"column":39},"end":{"line":92,"column":40}},"loc":{"start":{"line":92,"column":45},"end":{"line":111,"column":1}},"line":92},"7":{"name":"(anonymous_7)","decl":{"start":{"line":92,"column":45},"end":{"line":92,"column":46}},"loc":{"start":{"line":92,"column":65},"end":{"line":111,"column":1}},"line":92},"8":{"name":"(anonymous_8)","decl":{"start":{"line":113,"column":38},"end":{"line":113,"column":39}},"loc":{"start":{"line":113,"column":46},"end":{"line":132,"column":1}},"line":113},"9":{"name":"(anonymous_9)","decl":{"start":{"line":113,"column":46},"end":{"line":113,"column":47}},"loc":{"start":{"line":113,"column":66},"end":{"line":132,"column":1}},"line":113},"10":{"name":"(anonymous_10)","decl":{"start":{"line":134,"column":29},"end":{"line":134,"column":30}},"loc":{"start":{"line":134,"column":42},"end":{"line":155,"column":1}},"line":134},"11":{"name":"(anonymous_11)","decl":{"start":{"line":134,"column":42},"end":{"line":134,"column":43}},"loc":{"start":{"line":134,"column":62},"end":{"line":155,"column":1}},"line":134},"12":{"name":"(anonymous_12)","decl":{"start":{"line":157,"column":29},"end":{"line":157,"column":30}},"loc":{"start":{"line":157,"column":37},"end":{"line":179,"column":1}},"line":157},"13":{"name":"(anonymous_13)","decl":{"start":{"line":157,"column":37},"end":{"line":157,"column":38}},"loc":{"start":{"line":157,"column":57},"end":{"line":179,"column":1}},"line":157},"14":{"name":"(anonymous_14)","decl":{"start":{"line":181,"column":29},"end":{"line":181,"column":30}},"loc":{"start":{"line":181,"column":42},"end":{"line":204,"column":1}},"line":181},"15":{"name":"(anonymous_15)","decl":{"start":{"line":181,"column":42},"end":{"line":181,"column":43}},"loc":{"start":{"line":181,"column":62},"end":{"line":204,"column":1}},"line":181}},"branchMap":{"0":{"loc":{"start":{"line":43,"column":8},"end":{"line":45,"column":25}},"type":"cond-expr","locations":[{"start":{"line":44,"column":12},"end":{"line":44,"column":39}},{"start":{"line":45,"column":12},"end":{"line":45,"column":25}}],"line":43},"1":{"loc":{"start":{"line":43,"column":8},"end":{"line":43,"column":53}},"type":"binary-expr","locations":[{"start":{"line":43,"column":8},"end":{"line":43,"column":22}},{"start":{"line":43,"column":26},"end":{"line":43,"column":53}}],"line":43},"2":{"loc":{"start":{"line":64,"column":8},"end":{"line":66,"column":25}},"type":"cond-expr","locations":[{"start":{"line":65,"column":12},"end":{"line":65,"column":39}},{"start":{"line":66,"column":12},"end":{"line":66,"column":25}}],"line":64},"3":{"loc":{"start":{"line":64,"column":8},"end":{"line":64,"column":53}},"type":"binary-expr","locations":[{"start":{"line":64,"column":8},"end":{"line":64,"column":22}},{"start":{"line":64,"column":26},"end":{"line":64,"column":53}}],"line":64},"4":{"loc":{"start":{"line":85,"column":8},"end":{"line":87,"column":25}},"type":"cond-expr","locations":[{"start":{"line":86,"column":12},"end":{"line":86,"column":39}},{"start":{"line":87,"column":12},"end":{"line":87,"column":25}}],"line":85},"5":{"loc":{"start":{"line":85,"column":8},"end":{"line":85,"column":53}},"type":"binary-expr","locations":[{"start":{"line":85,"column":8},"end":{"line":85,"column":22}},{"start":{"line":85,"column":26},"end":{"line":85,"column":53}}],"line":85},"6":{"loc":{"start":{"line":106,"column":8},"end":{"line":108,"column":25}},"type":"cond-expr","locations":[{"start":{"line":107,"column":12},"end":{"line":107,"column":39}},{"start":{"line":108,"column":12},"end":{"line":108,"column":25}}],"line":106},"7":{"loc":{"start":{"line":106,"column":8},"end":{"line":106,"column":53}},"type":"binary-expr","locations":[{"start":{"line":106,"column":8},"end":{"line":106,"column":22}},{"start":{"line":106,"column":26},"end":{"line":106,"column":53}}],"line":106},"8":{"loc":{"start":{"line":127,"column":8},"end":{"line":129,"column":25}},"type":"cond-expr","locations":[{"start":{"line":128,"column":12},"end":{"line":128,"column":39}},{"start":{"line":129,"column":12},"end":{"line":129,"column":25}}],"line":127},"9":{"loc":{"start":{"line":127,"column":8},"end":{"line":127,"column":53}},"type":"binary-expr","locations":[{"start":{"line":127,"column":8},"end":{"line":127,"column":22}},{"start":{"line":127,"column":26},"end":{"line":127,"column":53}}],"line":127},"10":{"loc":{"start":{"line":150,"column":8},"end":{"line":152,"column":25}},"type":"cond-expr","locations":[{"start":{"line":151,"column":12},"end":{"line":151,"column":39}},{"start":{"line":152,"column":12},"end":{"line":152,"column":25}}],"line":150},"11":{"loc":{"start":{"line":150,"column":8},"end":{"line":150,"column":53}},"type":"binary-expr","locations":[{"start":{"line":150,"column":8},"end":{"line":150,"column":22}},{"start":{"line":150,"column":26},"end":{"line":150,"column":53}}],"line":150},"12":{"loc":{"start":{"line":170,"column":6},"end":{"line":172,"column":23}},"type":"cond-expr","locations":[{"start":{"line":171,"column":10},"end":{"line":171,"column":37}},{"start":{"line":172,"column":10},"end":{"line":172,"column":23}}],"line":170},"13":{"loc":{"start":{"line":170,"column":6},"end":{"line":170,"column":51}},"type":"binary-expr","locations":[{"start":{"line":170,"column":6},"end":{"line":170,"column":20}},{"start":{"line":170,"column":24},"end":{"line":170,"column":51}}],"line":170},"14":{"loc":{"start":{"line":195,"column":6},"end":{"line":197,"column":23}},"type":"cond-expr","locations":[{"start":{"line":196,"column":10},"end":{"line":196,"column":37}},{"start":{"line":197,"column":10},"end":{"line":197,"column":23}}],"line":195},"15":{"loc":{"start":{"line":195,"column":6},"end":{"line":195,"column":51}},"type":"binary-expr","locations":[{"start":{"line":195,"column":6},"end":{"line":195,"column":20}},{"start":{"line":195,"column":24},"end":{"line":195,"column":51}}],"line":195}},"s":{"0":1,"1":0,"2":0,"3":0,"4":0,"5":0,"6":0,"7":1,"8":0,"9":0,"10":0,"11":0,"12":0,"13":0,"14":1,"15":0,"16":0,"17":0,"18":0,"19":0,"20":0,"21":1,"22":0,"23":0,"24":0,"25":0,"26":0,"27":0,"28":1,"29":0,"30":0,"31":0,"32":0,"33":0,"34":0,"35":1,"36":0,"37":0,"38":0,"39":0,"40":0,"41":0,"42":1,"43":0,"44":0,"45":0,"46":0,"47":0,"48":0,"49":0,"50":1,"51":0,"52":0,"53":0,"54":0,"55":0,"56":0,"57":0},"f":{"0":0,"1":0,"2":0,"3":0,"4":0,"5":0,"6":0,"7":0,"8":0,"9":0,"10":0,"11":0,"12":0,"13":0,"14":0,"15":0},"b":{"0":[0,0],"1":[0,0],"2":[0,0],"3":[0,0],"4":[0,0],"5":[0,0],"6":[0,0],"7":[0,0],"8":[0,0],"9":[0,0],"10":[0,0],"11":[0,0],"12":[0,0],"13":[0,0],"14":[0,0],"15":[0,0]},"_coverageSchema":"1a1c01bbd47fc00a2c39e90264f33305004495a9","hash":"76cf66447a205d6549f122fedc63f1b735c2994a"}
,"C:\\Users\\39366\\Desktop\\Master\\individualProjects\\Project1-TelemedicinePlatform\\TelemedicinePlatform\\frontend\\src\\actions\\questionActions.js": {"path":"C:\\Users\\39366\\Desktop\\Master\\individualProjects\\Project1-TelemedicinePlatform\\TelemedicinePlatform\\frontend\\src\\actions\\questionActions.js","statementMap":{"0":{"start":{"line":14,"column":30},"end":{"line":35,"column":1}},"1":{"start":{"line":14,"column":44},"end":{"line":35,"column":1}},"2":{"start":{"line":15,"column":2},"end":{"line":34,"column":3}},"3":{"start":{"line":16,"column":4},"end":{"line":18,"column":6}},"4":{"start":{"line":20,"column":21},"end":{"line":20,"column":65}},"5":{"start":{"line":22,"column":4},"end":{"line":25,"column":6}},"6":{"start":{"line":27,"column":4},"end":{"line":33,"column":6}},"7":{"start":{"line":37,"column":30},"end":{"line":59,"column":1}},"8":{"start":{"line":37,"column":38},"end":{"line":59,"column":1}},"9":{"start":{"line":38,"column":2},"end":{"line":58,"column":3}},"10":{"start":{"line":39,"column":4},"end":{"line":41,"column":6}},"11":{"start":{"line":43,"column":4},"end":{"line":43,"column":46}},"12":{"start":{"line":45,"column":4},"end":{"line":47,"column":6}},"13":{"start":{"line":50,"column":6},"end":{"line":52,"column":23}},"14":{"start":{"line":54,"column":4},"end":{"line":57,"column":6}},"15":{"start":{"line":61,"column":30},"end":{"line":85,"column":1}},"16":{"start":{"line":61,"column":44},"end":{"line":85,"column":1}},"17":{"start":{"line":62,"column":2},"end":{"line":84,"column":3}},"18":{"start":{"line":63,"column":4},"end":{"line":63,"column":25}},"19":{"start":{"line":64,"column":4},"end":{"line":66,"column":6}},"20":{"start":{"line":68,"column":21},"end":{"line":68,"column":80}},"21":{"start":{"line":70,"column":4},"end":{"line":73,"column":6}},"22":{"start":{"line":76,"column":6},"end":{"line":78,"column":23}},"23":{"start":{"line":80,"column":4},"end":{"line":83,"column":6}}},"fnMap":{"0":{"name":"(anonymous_0)","decl":{"start":{"line":14,"column":30},"end":{"line":14,"column":31}},"loc":{"start":{"line":14,"column":44},"end":{"line":35,"column":1}},"line":14},"1":{"name":"(anonymous_1)","decl":{"start":{"line":14,"column":44},"end":{"line":14,"column":45}},"loc":{"start":{"line":14,"column":64},"end":{"line":35,"column":1}},"line":14},"2":{"name":"(anonymous_2)","decl":{"start":{"line":37,"column":30},"end":{"line":37,"column":31}},"loc":{"start":{"line":37,"column":38},"end":{"line":59,"column":1}},"line":37},"3":{"name":"(anonymous_3)","decl":{"start":{"line":37,"column":38},"end":{"line":37,"column":39}},"loc":{"start":{"line":37,"column":58},"end":{"line":59,"column":1}},"line":37},"4":{"name":"(anonymous_4)","decl":{"start":{"line":61,"column":30},"end":{"line":61,"column":31}},"loc":{"start":{"line":61,"column":44},"end":{"line":85,"column":1}},"line":61},"5":{"name":"(anonymous_5)","decl":{"start":{"line":61,"column":44},"end":{"line":61,"column":45}},"loc":{"start":{"line":61,"column":64},"end":{"line":85,"column":1}},"line":61}},"branchMap":{"0":{"loc":{"start":{"line":30,"column":8},"end":{"line":32,"column":25}},"type":"cond-expr","locations":[{"start":{"line":31,"column":12},"end":{"line":31,"column":39}},{"start":{"line":32,"column":12},"end":{"line":32,"column":25}}],"line":30},"1":{"loc":{"start":{"line":30,"column":8},"end":{"line":30,"column":53}},"type":"binary-expr","locations":[{"start":{"line":30,"column":8},"end":{"line":30,"column":22}},{"start":{"line":30,"column":26},"end":{"line":30,"column":53}}],"line":30},"2":{"loc":{"start":{"line":50,"column":6},"end":{"line":52,"column":23}},"type":"cond-expr","locations":[{"start":{"line":51,"column":10},"end":{"line":51,"column":37}},{"start":{"line":52,"column":10},"end":{"line":52,"column":23}}],"line":50},"3":{"loc":{"start":{"line":50,"column":6},"end":{"line":50,"column":51}},"type":"binary-expr","locations":[{"start":{"line":50,"column":6},"end":{"line":50,"column":20}},{"start":{"line":50,"column":24},"end":{"line":50,"column":51}}],"line":50},"4":{"loc":{"start":{"line":76,"column":6},"end":{"line":78,"column":23}},"type":"cond-expr","locations":[{"start":{"line":77,"column":10},"end":{"line":77,"column":37}},{"start":{"line":78,"column":10},"end":{"line":78,"column":23}}],"line":76},"5":{"loc":{"start":{"line":76,"column":6},"end":{"line":76,"column":51}},"type":"binary-expr","locations":[{"start":{"line":76,"column":6},"end":{"line":76,"column":20}},{"start":{"line":76,"column":24},"end":{"line":76,"column":51}}],"line":76}},"s":{"0":1,"1":0,"2":0,"3":0,"4":0,"5":0,"6":0,"7":1,"8":0,"9":0,"10":0,"11":0,"12":0,"13":0,"14":0,"15":1,"16":0,"17":0,"18":0,"19":0,"20":0,"21":0,"22":0,"23":0},"f":{"0":0,"1":0,"2":0,"3":0,"4":0,"5":0},"b":{"0":[0,0],"1":[0,0],"2":[0,0],"3":[0,0],"4":[0,0],"5":[0,0]},"_coverageSchema":"1a1c01bbd47fc00a2c39e90264f33305004495a9","hash":"14aa7c12d490f2689ad1f259fa33ce87d3895e92"}
,"C:\\Users\\39366\\Desktop\\Master\\individualProjects\\Project1-TelemedicinePlatform\\TelemedicinePlatform\\frontend\\src\\actions\\surveyActions.js": {"path":"C:\\Users\\39366\\Desktop\\Master\\individualProjects\\Project1-TelemedicinePlatform\\TelemedicinePlatform\\frontend\\src\\actions\\surveyActions.js","statementMap":{"0":{"start":{"line":36,"column":35},"end":{"line":55,"column":1}},"1":{"start":{"line":36,"column":41},"end":{"line":55,"column":1}},"2":{"start":{"line":37,"column":2},"end":{"line":54,"column":3}},"3":{"start":{"line":38,"column":4},"end":{"line":38,"column":52}},"4":{"start":{"line":40,"column":21},"end":{"line":40,"column":52}},"5":{"start":{"line":42,"column":4},"end":{"line":45,"column":6}},"6":{"start":{"line":47,"column":4},"end":{"line":53,"column":6}},"7":{"start":{"line":57,"column":29},"end":{"line":76,"column":1}},"8":{"start":{"line":57,"column":37},"end":{"line":76,"column":1}},"9":{"start":{"line":58,"column":2},"end":{"line":75,"column":3}},"10":{"start":{"line":59,"column":4},"end":{"line":59,"column":38}},"11":{"start":{"line":61,"column":21},"end":{"line":61,"column":58}},"12":{"start":{"line":63,"column":4},"end":{"line":66,"column":6}},"13":{"start":{"line":68,"column":4},"end":{"line":74,"column":6}},"14":{"start":{"line":87,"column":28},"end":{"line":108,"column":1}},"15":{"start":{"line":87,"column":40},"end":{"line":108,"column":1}},"16":{"start":{"line":88,"column":2},"end":{"line":107,"column":3}},"17":{"start":{"line":89,"column":4},"end":{"line":91,"column":6}},"18":{"start":{"line":93,"column":21},"end":{"line":93,"column":61}},"19":{"start":{"line":95,"column":4},"end":{"line":98,"column":6}},"20":{"start":{"line":100,"column":4},"end":{"line":106,"column":6}},"21":{"start":{"line":110,"column":29},"end":{"line":136,"column":1}},"22":{"start":{"line":110,"column":43},"end":{"line":136,"column":1}},"23":{"start":{"line":111,"column":2},"end":{"line":135,"column":3}},"24":{"start":{"line":112,"column":4},"end":{"line":114,"column":6}},"25":{"start":{"line":116,"column":4},"end":{"line":119,"column":6}},"26":{"start":{"line":121,"column":4},"end":{"line":124,"column":6}},"27":{"start":{"line":126,"column":4},"end":{"line":126,"column":62}},"28":{"start":{"line":128,"column":4},"end":{"line":134,"column":6}},"29":{"start":{"line":138,"column":29},"end":{"line":173,"column":1}},"30":{"start":{"line":138,"column":46},"end":{"line":173,"column":1}},"31":{"start":{"line":139,"column":2},"end":{"line":172,"column":3}},"32":{"start":{"line":140,"column":4},"end":{"line":142,"column":6}},"33":{"start":{"line":146,"column":8},"end":{"line":146,"column":18}},"34":{"start":{"line":148,"column":19},"end":{"line":152,"column":5}},"35":{"start":{"line":154,"column":21},"end":{"line":158,"column":5}},"36":{"start":{"line":160,"column":4},"end":{"line":163,"column":6}},"37":{"start":{"line":165,"column":4},"end":{"line":171,"column":6}},"38":{"start":{"line":176,"column":2},"end":{"line":209,"column":3}},"39":{"start":{"line":176,"column":16},"end":{"line":209,"column":3}},"40":{"start":{"line":177,"column":4},"end":{"line":208,"column":5}},"41":{"start":{"line":178,"column":6},"end":{"line":178,"column":59}},"42":{"start":{"line":182,"column":10},"end":{"line":182,"column":20}},"43":{"start":{"line":184,"column":21},"end":{"line":188,"column":7}},"44":{"start":{"line":190,"column":23},"end":{"line":194,"column":7}},"45":{"start":{"line":196,"column":6},"end":{"line":199,"column":8}},"46":{"start":{"line":201,"column":6},"end":{"line":207,"column":8}},"47":{"start":{"line":211,"column":35},"end":{"line":243,"column":1}},"48":{"start":{"line":211,"column":41},"end":{"line":243,"column":1}},"49":{"start":{"line":212,"column":2},"end":{"line":242,"column":3}},"50":{"start":{"line":213,"column":4},"end":{"line":213,"column":47}},"51":{"start":{"line":217,"column":8},"end":{"line":217,"column":18}},"52":{"start":{"line":219,"column":19},"end":{"line":223,"column":5}},"53":{"start":{"line":225,"column":21},"end":{"line":228,"column":5}},"54":{"start":{"line":230,"column":4},"end":{"line":233,"column":6}},"55":{"start":{"line":235,"column":4},"end":{"line":241,"column":6}},"56":{"start":{"line":246,"column":2},"end":{"line":278,"column":3}},"57":{"start":{"line":246,"column":10},"end":{"line":278,"column":3}},"58":{"start":{"line":247,"column":4},"end":{"line":277,"column":5}},"59":{"start":{"line":248,"column":6},"end":{"line":248,"column":62}},"60":{"start":{"line":252,"column":10},"end":{"line":252,"column":20}},"61":{"start":{"line":254,"column":21},"end":{"line":258,"column":7}},"62":{"start":{"line":260,"column":23},"end":{"line":263,"column":7}},"63":{"start":{"line":265,"column":6},"end":{"line":268,"column":8}},"64":{"start":{"line":270,"column":6},"end":{"line":276,"column":8}},"65":{"start":{"line":280,"column":28},"end":{"line":304,"column":1}},"66":{"start":{"line":280,"column":36},"end":{"line":304,"column":1}},"67":{"start":{"line":281,"column":2},"end":{"line":281,"column":17}},"68":{"start":{"line":282,"column":2},"end":{"line":303,"column":3}},"69":{"start":{"line":283,"column":4},"end":{"line":285,"column":6}},"70":{"start":{"line":287,"column":21},"end":{"line":287,"column":71}},"71":{"start":{"line":289,"column":4},"end":{"line":292,"column":6}},"72":{"start":{"line":295,"column":6},"end":{"line":297,"column":23}},"73":{"start":{"line":299,"column":4},"end":{"line":302,"column":6}},"74":{"start":{"line":306,"column":32},"end":{"line":332,"column":1}},"75":{"start":{"line":306,"column":48},"end":{"line":332,"column":1}},"76":{"start":{"line":307,"column":2},"end":{"line":307,"column":25}},"77":{"start":{"line":308,"column":2},"end":{"line":331,"column":3}},"78":{"start":{"line":309,"column":4},"end":{"line":311,"column":6}},"79":{"start":{"line":312,"column":21},"end":{"line":315,"column":5}},"80":{"start":{"line":317,"column":4},"end":{"line":320,"column":6}},"81":{"start":{"line":323,"column":6},"end":{"line":325,"column":23}},"82":{"start":{"line":327,"column":4},"end":{"line":330,"column":6}}},"fnMap":{"0":{"name":"(anonymous_0)","decl":{"start":{"line":36,"column":35},"end":{"line":36,"column":36}},"loc":{"start":{"line":36,"column":41},"end":{"line":55,"column":1}},"line":36},"1":{"name":"(anonymous_1)","decl":{"start":{"line":36,"column":41},"end":{"line":36,"column":42}},"loc":{"start":{"line":36,"column":61},"end":{"line":55,"column":1}},"line":36},"2":{"name":"(anonymous_2)","decl":{"start":{"line":57,"column":29},"end":{"line":57,"column":30}},"loc":{"start":{"line":57,"column":37},"end":{"line":76,"column":1}},"line":57},"3":{"name":"(anonymous_3)","decl":{"start":{"line":57,"column":37},"end":{"line":57,"column":38}},"loc":{"start":{"line":57,"column":57},"end":{"line":76,"column":1}},"line":57},"4":{"name":"(anonymous_4)","decl":{"start":{"line":87,"column":28},"end":{"line":87,"column":29}},"loc":{"start":{"line":87,"column":40},"end":{"line":108,"column":1}},"line":87},"5":{"name":"(anonymous_5)","decl":{"start":{"line":87,"column":40},"end":{"line":87,"column":41}},"loc":{"start":{"line":87,"column":60},"end":{"line":108,"column":1}},"line":87},"6":{"name":"(anonymous_6)","decl":{"start":{"line":110,"column":29},"end":{"line":110,"column":30}},"loc":{"start":{"line":110,"column":43},"end":{"line":136,"column":1}},"line":110},"7":{"name":"(anonymous_7)","decl":{"start":{"line":110,"column":43},"end":{"line":110,"column":44}},"loc":{"start":{"line":110,"column":63},"end":{"line":136,"column":1}},"line":110},"8":{"name":"(anonymous_8)","decl":{"start":{"line":138,"column":29},"end":{"line":138,"column":30}},"loc":{"start":{"line":138,"column":46},"end":{"line":173,"column":1}},"line":138},"9":{"name":"(anonymous_9)","decl":{"start":{"line":138,"column":46},"end":{"line":138,"column":47}},"loc":{"start":{"line":138,"column":76},"end":{"line":173,"column":1}},"line":138},"10":{"name":"(anonymous_10)","decl":{"start":{"line":176,"column":2},"end":{"line":176,"column":3}},"loc":{"start":{"line":176,"column":16},"end":{"line":209,"column":3}},"line":176},"11":{"name":"(anonymous_11)","decl":{"start":{"line":176,"column":16},"end":{"line":176,"column":17}},"loc":{"start":{"line":176,"column":46},"end":{"line":209,"column":3}},"line":176},"12":{"name":"(anonymous_12)","decl":{"start":{"line":211,"column":35},"end":{"line":211,"column":36}},"loc":{"start":{"line":211,"column":41},"end":{"line":243,"column":1}},"line":211},"13":{"name":"(anonymous_13)","decl":{"start":{"line":211,"column":41},"end":{"line":211,"column":42}},"loc":{"start":{"line":211,"column":71},"end":{"line":243,"column":1}},"line":211},"14":{"name":"(anonymous_14)","decl":{"start":{"line":246,"column":2},"end":{"line":246,"column":3}},"loc":{"start":{"line":246,"column":10},"end":{"line":278,"column":3}},"line":246},"15":{"name":"(anonymous_15)","decl":{"start":{"line":246,"column":10},"end":{"line":246,"column":11}},"loc":{"start":{"line":246,"column":40},"end":{"line":278,"column":3}},"line":246},"16":{"name":"(anonymous_16)","decl":{"start":{"line":280,"column":28},"end":{"line":280,"column":29}},"loc":{"start":{"line":280,"column":36},"end":{"line":304,"column":1}},"line":280},"17":{"name":"(anonymous_17)","decl":{"start":{"line":280,"column":36},"end":{"line":280,"column":37}},"loc":{"start":{"line":280,"column":56},"end":{"line":304,"column":1}},"line":280},"18":{"name":"(anonymous_18)","decl":{"start":{"line":306,"column":32},"end":{"line":306,"column":33}},"loc":{"start":{"line":306,"column":48},"end":{"line":332,"column":1}},"line":306},"19":{"name":"(anonymous_19)","decl":{"start":{"line":306,"column":48},"end":{"line":306,"column":49}},"loc":{"start":{"line":306,"column":68},"end":{"line":332,"column":1}},"line":306}},"branchMap":{"0":{"loc":{"start":{"line":50,"column":8},"end":{"line":52,"column":25}},"type":"cond-expr","locations":[{"start":{"line":51,"column":12},"end":{"line":51,"column":39}},{"start":{"line":52,"column":12},"end":{"line":52,"column":25}}],"line":50},"1":{"loc":{"start":{"line":50,"column":8},"end":{"line":50,"column":53}},"type":"binary-expr","locations":[{"start":{"line":50,"column":8},"end":{"line":50,"column":22}},{"start":{"line":50,"column":26},"end":{"line":50,"column":53}}],"line":50},"2":{"loc":{"start":{"line":71,"column":8},"end":{"line":73,"column":25}},"type":"cond-expr","locations":[{"start":{"line":72,"column":12},"end":{"line":72,"column":39}},{"start":{"line":73,"column":12},"end":{"line":73,"column":25}}],"line":71},"3":{"loc":{"start":{"line":71,"column":8},"end":{"line":71,"column":53}},"type":"binary-expr","locations":[{"start":{"line":71,"column":8},"end":{"line":71,"column":22}},{"start":{"line":71,"column":26},"end":{"line":71,"column":53}}],"line":71},"4":{"loc":{"start":{"line":103,"column":8},"end":{"line":105,"column":25}},"type":"cond-expr","locations":[{"start":{"line":104,"column":12},"end":{"line":104,"column":39}},{"start":{"line":105,"column":12},"end":{"line":105,"column":25}}],"line":103},"5":{"loc":{"start":{"line":103,"column":8},"end":{"line":103,"column":53}},"type":"binary-expr","locations":[{"start":{"line":103,"column":8},"end":{"line":103,"column":22}},{"start":{"line":103,"column":26},"end":{"line":103,"column":53}}],"line":103},"6":{"loc":{"start":{"line":131,"column":8},"end":{"line":133,"column":25}},"type":"cond-expr","locations":[{"start":{"line":132,"column":12},"end":{"line":132,"column":39}},{"start":{"line":133,"column":12},"end":{"line":133,"column":25}}],"line":131},"7":{"loc":{"start":{"line":131,"column":8},"end":{"line":131,"column":53}},"type":"binary-expr","locations":[{"start":{"line":131,"column":8},"end":{"line":131,"column":22}},{"start":{"line":131,"column":26},"end":{"line":131,"column":53}}],"line":131},"8":{"loc":{"start":{"line":168,"column":8},"end":{"line":170,"column":25}},"type":"cond-expr","locations":[{"start":{"line":169,"column":12},"end":{"line":169,"column":39}},{"start":{"line":170,"column":12},"end":{"line":170,"column":25}}],"line":168},"9":{"loc":{"start":{"line":168,"column":8},"end":{"line":168,"column":53}},"type":"binary-expr","locations":[{"start":{"line":168,"column":8},"end":{"line":168,"column":22}},{"start":{"line":168,"column":26},"end":{"line":168,"column":53}}],"line":168},"10":{"loc":{"start":{"line":204,"column":10},"end":{"line":206,"column":27}},"type":"cond-expr","locations":[{"start":{"line":205,"column":14},"end":{"line":205,"column":41}},{"start":{"line":206,"column":14},"end":{"line":206,"column":27}}],"line":204},"11":{"loc":{"start":{"line":204,"column":10},"end":{"line":204,"column":55}},"type":"binary-expr","locations":[{"start":{"line":204,"column":10},"end":{"line":204,"column":24}},{"start":{"line":204,"column":28},"end":{"line":204,"column":55}}],"line":204},"12":{"loc":{"start":{"line":238,"column":8},"end":{"line":240,"column":25}},"type":"cond-expr","locations":[{"start":{"line":239,"column":12},"end":{"line":239,"column":39}},{"start":{"line":240,"column":12},"end":{"line":240,"column":25}}],"line":238},"13":{"loc":{"start":{"line":238,"column":8},"end":{"line":238,"column":53}},"type":"binary-expr","locations":[{"start":{"line":238,"column":8},"end":{"line":238,"column":22}},{"start":{"line":238,"column":26},"end":{"line":238,"column":53}}],"line":238},"14":{"loc":{"start":{"line":273,"column":10},"end":{"line":275,"column":27}},"type":"cond-expr","locations":[{"start":{"line":274,"column":14},"end":{"line":274,"column":41}},{"start":{"line":275,"column":14},"end":{"line":275,"column":27}}],"line":273},"15":{"loc":{"start":{"line":273,"column":10},"end":{"line":273,"column":55}},"type":"binary-expr","locations":[{"start":{"line":273,"column":10},"end":{"line":273,"column":24}},{"start":{"line":273,"column":28},"end":{"line":273,"column":55}}],"line":273},"16":{"loc":{"start":{"line":295,"column":6},"end":{"line":297,"column":23}},"type":"cond-expr","locations":[{"start":{"line":296,"column":10},"end":{"line":296,"column":37}},{"start":{"line":297,"column":10},"end":{"line":297,"column":23}}],"line":295},"17":{"loc":{"start":{"line":295,"column":6},"end":{"line":295,"column":51}},"type":"binary-expr","locations":[{"start":{"line":295,"column":6},"end":{"line":295,"column":20}},{"start":{"line":295,"column":24},"end":{"line":295,"column":51}}],"line":295},"18":{"loc":{"start":{"line":323,"column":6},"end":{"line":325,"column":23}},"type":"cond-expr","locations":[{"start":{"line":324,"column":10},"end":{"line":324,"column":37}},{"start":{"line":325,"column":10},"end":{"line":325,"column":23}}],"line":323},"19":{"loc":{"start":{"line":323,"column":6},"end":{"line":323,"column":51}},"type":"binary-expr","locations":[{"start":{"line":323,"column":6},"end":{"line":323,"column":20}},{"start":{"line":323,"column":24},"end":{"line":323,"column":51}}],"line":323}},"s":{"0":1,"1":0,"2":0,"3":0,"4":0,"5":0,"6":0,"7":1,"8":0,"9":0,"10":0,"11":0,"12":0,"13":0,"14":1,"15":0,"16":0,"17":0,"18":0,"19":0,"20":0,"21":1,"22":0,"23":0,"24":0,"25":0,"26":0,"27":0,"28":0,"29":1,"30":0,"31":0,"32":0,"33":0,"34":0,"35":0,"36":0,"37":0,"38":1,"39":0,"40":0,"41":0,"42":0,"43":0,"44":0,"45":0,"46":0,"47":1,"48":0,"49":0,"50":0,"51":0,"52":0,"53":0,"54":0,"55":0,"56":1,"57":0,"58":0,"59":0,"60":0,"61":0,"62":0,"63":0,"64":0,"65":1,"66":0,"67":0,"68":0,"69":0,"70":0,"71":0,"72":0,"73":0,"74":1,"75":0,"76":0,"77":0,"78":0,"79":0,"80":0,"81":0,"82":0},"f":{"0":0,"1":0,"2":0,"3":0,"4":0,"5":0,"6":0,"7":0,"8":0,"9":0,"10":0,"11":0,"12":0,"13":0,"14":0,"15":0,"16":0,"17":0,"18":0,"19":0},"b":{"0":[0,0],"1":[0,0],"2":[0,0],"3":[0,0],"4":[0,0],"5":[0,0],"6":[0,0],"7":[0,0],"8":[0,0],"9":[0,0],"10":[0,0],"11":[0,0],"12":[0,0],"13":[0,0],"14":[0,0],"15":[0,0],"16":[0,0],"17":[0,0],"18":[0,0],"19":[0,0]},"_coverageSchema":"1a1c01bbd47fc00a2c39e90264f33305004495a9","hash":"cf1c53b0141db5beb16badaf874b953b1369c795"}
,"C:\\Users\\39366\\Desktop\\Master\\individualProjects\\Project1-TelemedicinePlatform\\TelemedicinePlatform\\frontend\\src\\actions\\timeSlotActions.js": {"path":"C:\\Users\\39366\\Desktop\\Master\\individualProjects\\Project1-TelemedicinePlatform\\TelemedicinePlatform\\frontend\\src\\actions\\timeSlotActions.js","statementMap":{"0":{"start":{"line":11,"column":34},"end":{"line":30,"column":1}},"1":{"start":{"line":11,"column":42},"end":{"line":30,"column":1}},"2":{"start":{"line":12,"column":2},"end":{"line":29,"column":3}},"3":{"start":{"line":13,"column":4},"end":{"line":13,"column":48}},"4":{"start":{"line":15,"column":21},"end":{"line":15,"column":59}},"5":{"start":{"line":17,"column":4},"end":{"line":20,"column":6}},"6":{"start":{"line":22,"column":4},"end":{"line":28,"column":6}},"7":{"start":{"line":32,"column":31},"end":{"line":53,"column":1}},"8":{"start":{"line":32,"column":46},"end":{"line":53,"column":1}},"9":{"start":{"line":33,"column":2},"end":{"line":52,"column":3}},"10":{"start":{"line":34,"column":4},"end":{"line":36,"column":6}},"11":{"start":{"line":38,"column":21},"end":{"line":38,"column":65}},"12":{"start":{"line":40,"column":4},"end":{"line":43,"column":6}},"13":{"start":{"line":45,"column":4},"end":{"line":51,"column":6}}},"fnMap":{"0":{"name":"(anonymous_0)","decl":{"start":{"line":11,"column":34},"end":{"line":11,"column":35}},"loc":{"start":{"line":11,"column":42},"end":{"line":30,"column":1}},"line":11},"1":{"name":"(anonymous_1)","decl":{"start":{"line":11,"column":42},"end":{"line":11,"column":43}},"loc":{"start":{"line":11,"column":62},"end":{"line":30,"column":1}},"line":11},"2":{"name":"(anonymous_2)","decl":{"start":{"line":32,"column":31},"end":{"line":32,"column":32}},"loc":{"start":{"line":32,"column":46},"end":{"line":53,"column":1}},"line":32},"3":{"name":"(anonymous_3)","decl":{"start":{"line":32,"column":46},"end":{"line":32,"column":47}},"loc":{"start":{"line":32,"column":66},"end":{"line":53,"column":1}},"line":32}},"branchMap":{"0":{"loc":{"start":{"line":25,"column":8},"end":{"line":27,"column":25}},"type":"cond-expr","locations":[{"start":{"line":26,"column":12},"end":{"line":26,"column":39}},{"start":{"line":27,"column":12},"end":{"line":27,"column":25}}],"line":25},"1":{"loc":{"start":{"line":25,"column":8},"end":{"line":25,"column":53}},"type":"binary-expr","locations":[{"start":{"line":25,"column":8},"end":{"line":25,"column":22}},{"start":{"line":25,"column":26},"end":{"line":25,"column":53}}],"line":25},"2":{"loc":{"start":{"line":48,"column":8},"end":{"line":50,"column":25}},"type":"cond-expr","locations":[{"start":{"line":49,"column":12},"end":{"line":49,"column":39}},{"start":{"line":50,"column":12},"end":{"line":50,"column":25}}],"line":48},"3":{"loc":{"start":{"line":48,"column":8},"end":{"line":48,"column":53}},"type":"binary-expr","locations":[{"start":{"line":48,"column":8},"end":{"line":48,"column":22}},{"start":{"line":48,"column":26},"end":{"line":48,"column":53}}],"line":48}},"s":{"0":1,"1":0,"2":0,"3":0,"4":0,"5":0,"6":0,"7":1,"8":0,"9":0,"10":0,"11":0,"12":0,"13":0},"f":{"0":0,"1":0,"2":0,"3":0},"b":{"0":[0,0],"1":[0,0],"2":[0,0],"3":[0,0]},"_coverageSchema":"1a1c01bbd47fc00a2c39e90264f33305004495a9","hash":"5137be94b9d9c56aa91b839121787abf74349772"}
,"C:\\Users\\39366\\Desktop\\Master\\individualProjects\\Project1-TelemedicinePlatform\\TelemedicinePlatform\\frontend\\src\\components\\Disease.js": {"path":"C:\\Users\\39366\\Desktop\\Master\\individualProjects\\Project1-TelemedicinePlatform\\TelemedicinePlatform\\frontend\\src\\components\\Disease.js","statementMap":{"0":{"start":{"line":14,"column":16},"end":{"line":53,"column":1}},"1":{"start":{"line":15,"column":19},"end":{"line":15,"column":32}},"2":{"start":{"line":17,"column":24},"end":{"line":21,"column":3}},"3":{"start":{"line":18,"column":4},"end":{"line":20,"column":5}},"4":{"start":{"line":19,"column":6},"end":{"line":19,"column":33}},"5":{"start":{"line":23,"column":2},"end":{"line":52,"column":3}},"6":{"start":{"line":39,"column":25},"end":{"line":39,"column":51}}},"fnMap":{"0":{"name":"(anonymous_0)","decl":{"start":{"line":14,"column":16},"end":{"line":14,"column":17}},"loc":{"start":{"line":14,"column":33},"end":{"line":53,"column":1}},"line":14},"1":{"name":"(anonymous_1)","decl":{"start":{"line":17,"column":24},"end":{"line":17,"column":25}},"loc":{"start":{"line":17,"column":32},"end":{"line":21,"column":3}},"line":17},"2":{"name":"(anonymous_2)","decl":{"start":{"line":39,"column":19},"end":{"line":39,"column":20}},"loc":{"start":{"line":39,"column":25},"end":{"line":39,"column":51}},"line":39}},"branchMap":{"0":{"loc":{"start":{"line":18,"column":4},"end":{"line":20,"column":5}},"type":"if","locations":[{"start":{"line":18,"column":4},"end":{"line":20,"column":5}},{"start":{"line":18,"column":4},"end":{"line":20,"column":5}}],"line":18}},"s":{"0":1,"1":2,"2":2,"3":0,"4":0,"5":2,"6":0},"f":{"0":2,"1":0,"2":0},"b":{"0":[0,0]},"_coverageSchema":"1a1c01bbd47fc00a2c39e90264f33305004495a9","hash":"7cd30a1a80c8ac4cda5c33ef4d49408ed2bb02a1"}
,"C:\\Users\\39366\\Desktop\\Master\\individualProjects\\Project1-TelemedicinePlatform\\TelemedicinePlatform\\frontend\\src\\components\\Footer.js": {"path":"C:\\Users\\39366\\Desktop\\Master\\individualProjects\\Project1-TelemedicinePlatform\\TelemedicinePlatform\\frontend\\src\\components\\Footer.js","statementMap":{"0":{"start":{"line":4,"column":15},"end":{"line":16,"column":1}},"1":{"start":{"line":5,"column":2},"end":{"line":15,"column":3}}},"fnMap":{"0":{"name":"(anonymous_0)","decl":{"start":{"line":4,"column":15},"end":{"line":4,"column":16}},"loc":{"start":{"line":4,"column":21},"end":{"line":16,"column":1}},"line":4}},"branchMap":{},"s":{"0":1,"1":1},"f":{"0":1},"b":{},"_coverageSchema":"1a1c01bbd47fc00a2c39e90264f33305004495a9","hash":"5a43224661e66aadbd530c576102fd4c296f25ce"}
,"C:\\Users\\39366\\Desktop\\Master\\individualProjects\\Project1-TelemedicinePlatform\\TelemedicinePlatform\\frontend\\src\\components\\Header.js": {"path":"C:\\Users\\39366\\Desktop\\Master\\individualProjects\\Project1-TelemedicinePlatform\\TelemedicinePlatform\\frontend\\src\\components\\Header.js","statementMap":{"0":{"start":{"line":8,"column":15},"end":{"line":83,"column":1}},"1":{"start":{"line":9,"column":19},"end":{"line":9,"column":32}},"2":{"start":{"line":11,"column":20},"end":{"line":11,"column":61}},"3":{"start":{"line":11,"column":43},"end":{"line":11,"column":60}},"4":{"start":{"line":12,"column":23},"end":{"line":12,"column":32}},"5":{"start":{"line":14,"column":24},"end":{"line":16,"column":3}},"6":{"start":{"line":15,"column":4},"end":{"line":15,"column":22}},"7":{"start":{"line":17,"column":2},"end":{"line":82,"column":3}}},"fnMap":{"0":{"name":"(anonymous_0)","decl":{"start":{"line":8,"column":15},"end":{"line":8,"column":16}},"loc":{"start":{"line":8,"column":21},"end":{"line":83,"column":1}},"line":8},"1":{"name":"(anonymous_1)","decl":{"start":{"line":11,"column":32},"end":{"line":11,"column":33}},"loc":{"start":{"line":11,"column":43},"end":{"line":11,"column":60}},"line":11},"2":{"name":"(anonymous_2)","decl":{"start":{"line":14,"column":24},"end":{"line":14,"column":25}},"loc":{"start":{"line":14,"column":30},"end":{"line":16,"column":3}},"line":14}},"branchMap":{"0":{"loc":{"start":{"line":45,"column":15},"end":{"line":60,"column":15}},"type":"cond-expr","locations":[{"start":{"line":46,"column":16},"end":{"line":53,"column":30}},{"start":{"line":55,"column":16},"end":{"line":59,"column":32}}],"line":45},"1":{"loc":{"start":{"line":61,"column":15},"end":{"line":76,"column":15}},"type":"binary-expr","locations":[{"start":{"line":61,"column":15},"end":{"line":61,"column":23}},{"start":{"line":61,"column":27},"end":{"line":61,"column":43}},{"start":{"line":62,"column":16},"end":{"line":75,"column":30}}],"line":61}},"s":{"0":1,"1":3,"2":3,"3":6,"4":3,"5":3,"6":0,"7":3},"f":{"0":3,"1":6,"2":0},"b":{"0":[0,3],"1":[3,0,0]},"_coverageSchema":"1a1c01bbd47fc00a2c39e90264f33305004495a9","hash":"10cc97a0205264451ba0eb7576a4b45d1812dea4"}
,"C:\\Users\\39366\\Desktop\\Master\\individualProjects\\Project1-TelemedicinePlatform\\TelemedicinePlatform\\frontend\\src\\components\\Loader.js": {"path":"C:\\Users\\39366\\Desktop\\Master\\individualProjects\\Project1-TelemedicinePlatform\\TelemedicinePlatform\\frontend\\src\\components\\Loader.js","statementMap":{"0":{"start":{"line":4,"column":15},"end":{"line":21,"column":1}},"1":{"start":{"line":5,"column":2},"end":{"line":20,"column":3}}},"fnMap":{"0":{"name":"(anonymous_0)","decl":{"start":{"line":4,"column":15},"end":{"line":4,"column":16}},"loc":{"start":{"line":4,"column":21},"end":{"line":21,"column":1}},"line":4}},"branchMap":{},"s":{"0":4,"1":1},"f":{"0":1},"b":{},"_coverageSchema":"1a1c01bbd47fc00a2c39e90264f33305004495a9","hash":"90372a4e1086cff8f3c46966580a22950635806f"}
,"C:\\Users\\39366\\Desktop\\Master\\individualProjects\\Project1-TelemedicinePlatform\\TelemedicinePlatform\\frontend\\src\\components\\Message.js": {"path":"C:\\Users\\39366\\Desktop\\Master\\individualProjects\\Project1-TelemedicinePlatform\\TelemedicinePlatform\\frontend\\src\\components\\Message.js","statementMap":{"0":{"start":{"line":4,"column":16},"end":{"line":6,"column":1}},"1":{"start":{"line":5,"column":2},"end":{"line":5,"column":52}},"2":{"start":{"line":7,"column":0},"end":{"line":9,"column":1}}},"fnMap":{"0":{"name":"(anonymous_0)","decl":{"start":{"line":4,"column":16},"end":{"line":4,"column":17}},"loc":{"start":{"line":4,"column":43},"end":{"line":6,"column":1}},"line":4}},"branchMap":{},"s":{"0":4,"1":2,"2":4},"f":{"0":2},"b":{},"_coverageSchema":"1a1c01bbd47fc00a2c39e90264f33305004495a9","hash":"49b63a9951cb7ed1cc2a4e33efb8177871e0f1a8"}
,"C:\\Users\\39366\\Desktop\\Master\\individualProjects\\Project1-TelemedicinePlatform\\TelemedicinePlatform\\frontend\\src\\components\\Patient.js": {"path":"C:\\Users\\39366\\Desktop\\Master\\individualProjects\\Project1-TelemedicinePlatform\\TelemedicinePlatform\\frontend\\src\\components\\Patient.js","statementMap":{"0":{"start":{"line":15,"column":16},"end":{"line":57,"column":1}},"1":{"start":{"line":16,"column":19},"end":{"line":16,"column":32}},"2":{"start":{"line":18,"column":24},"end":{"line":25,"column":3}},"3":{"start":{"line":19,"column":4},"end":{"line":24,"column":5}},"4":{"start":{"line":20,"column":6},"end":{"line":23,"column":8}},"5":{"start":{"line":21,"column":8},"end":{"line":21,"column":32}},"6":{"start":{"line":22,"column":8},"end":{"line":22,"column":42}},"7":{"start":{"line":27,"column":2},"end":{"line":27,"column":33}},"8":{"start":{"line":29,"column":2},"end":{"line":56,"column":3}},"9":{"start":{"line":49,"column":25},"end":{"line":49,"column":51}}},"fnMap":{"0":{"name":"(anonymous_0)","decl":{"start":{"line":15,"column":16},"end":{"line":15,"column":17}},"loc":{"start":{"line":15,"column":33},"end":{"line":57,"column":1}},"line":15},"1":{"name":"(anonymous_1)","decl":{"start":{"line":18,"column":24},"end":{"line":18,"column":25}},"loc":{"start":{"line":18,"column":32},"end":{"line":25,"column":3}},"line":18},"2":{"name":"(anonymous_2)","decl":{"start":{"line":20,"column":39},"end":{"line":20,"column":40}},"loc":{"start":{"line":20,"column":45},"end":{"line":23,"column":7}},"line":20},"3":{"name":"(anonymous_3)","decl":{"start":{"line":27,"column":12},"end":{"line":27,"column":13}},"loc":{"start":{"line":27,"column":18},"end":{"line":27,"column":20}},"line":27},"4":{"name":"(anonymous_4)","decl":{"start":{"line":49,"column":19},"end":{"line":49,"column":20}},"loc":{"start":{"line":49,"column":25},"end":{"line":49,"column":51}},"line":49}},"branchMap":{"0":{"loc":{"start":{"line":19,"column":4},"end":{"line":24,"column":5}},"type":"if","locations":[{"start":{"line":19,"column":4},"end":{"line":24,"column":5}},{"start":{"line":19,"column":4},"end":{"line":24,"column":5}}],"line":19}},"s":{"0":1,"1":2,"2":2,"3":0,"4":0,"5":0,"6":0,"7":2,"8":2,"9":0},"f":{"0":2,"1":0,"2":0,"3":2,"4":0},"b":{"0":[0,0]},"_coverageSchema":"1a1c01bbd47fc00a2c39e90264f33305004495a9","hash":"540753ce18fb78042b6a930ed784017bcb2eeec7"}
,"C:\\Users\\39366\\Desktop\\Master\\individualProjects\\Project1-TelemedicinePlatform\\TelemedicinePlatform\\frontend\\src\\components\\Sidebar.js": {"path":"C:\\Users\\39366\\Desktop\\Master\\individualProjects\\Project1-TelemedicinePlatform\\TelemedicinePlatform\\frontend\\src\\components\\Sidebar.js","statementMap":{"0":{"start":{"line":26,"column":16},"end":{"line":126,"column":1}},"1":{"start":{"line":27,"column":32},"end":{"line":27,"column":47}},"2":{"start":{"line":29,"column":30},"end":{"line":29,"column":45}},"3":{"start":{"line":31,"column":54},"end":{"line":31,"column":69}},"4":{"start":{"line":33,"column":25},"end":{"line":33,"column":73}},"5":{"start":{"line":33,"column":31},"end":{"line":33,"column":73}},"6":{"start":{"line":35,"column":21},"end":{"line":35,"column":45}},"7":{"start":{"line":35,"column":27},"end":{"line":35,"column":45}},"8":{"start":{"line":37,"column":19},"end":{"line":37,"column":32}},"9":{"start":{"line":39,"column":29},"end":{"line":39,"column":77}},"10":{"start":{"line":39,"column":52},"end":{"line":39,"column":76}},"11":{"start":{"line":40,"column":38},"end":{"line":40,"column":56}},"12":{"start":{"line":42,"column":2},"end":{"line":44,"column":16}},"13":{"start":{"line":43,"column":4},"end":{"line":43,"column":35}},"14":{"start":{"line":46,"column":2},"end":{"line":125,"column":3}},"15":{"start":{"line":76,"column":18},"end":{"line":97,"column":21}},"16":{"start":{"line":88,"column":32},"end":{"line":88,"column":67}}},"fnMap":{"0":{"name":"(anonymous_0)","decl":{"start":{"line":26,"column":16},"end":{"line":26,"column":17}},"loc":{"start":{"line":26,"column":22},"end":{"line":126,"column":1}},"line":26},"1":{"name":"(anonymous_1)","decl":{"start":{"line":33,"column":25},"end":{"line":33,"column":26}},"loc":{"start":{"line":33,"column":31},"end":{"line":33,"column":73}},"line":33},"2":{"name":"(anonymous_2)","decl":{"start":{"line":35,"column":21},"end":{"line":35,"column":22}},"loc":{"start":{"line":35,"column":27},"end":{"line":35,"column":45}},"line":35},"3":{"name":"(anonymous_3)","decl":{"start":{"line":39,"column":41},"end":{"line":39,"column":42}},"loc":{"start":{"line":39,"column":52},"end":{"line":39,"column":76}},"line":39},"4":{"name":"(anonymous_4)","decl":{"start":{"line":42,"column":12},"end":{"line":42,"column":13}},"loc":{"start":{"line":42,"column":18},"end":{"line":44,"column":3}},"line":42},"5":{"name":"(anonymous_5)","decl":{"start":{"line":75,"column":29},"end":{"line":75,"column":30}},"loc":{"start":{"line":76,"column":18},"end":{"line":97,"column":21}},"line":76},"6":{"name":"(anonymous_6)","decl":{"start":{"line":87,"column":39},"end":{"line":87,"column":40}},"loc":{"start":{"line":88,"column":32},"end":{"line":88,"column":67}},"line":88}},"branchMap":{"0":{"loc":{"start":{"line":65,"column":17},"end":{"line":69,"column":24}},"type":"cond-expr","locations":[{"start":{"line":66,"column":18},"end":{"line":66,"column":44}},{"start":{"line":67,"column":20},"end":{"line":69,"column":24}}],"line":65},"1":{"loc":{"start":{"line":67,"column":20},"end":{"line":69,"column":24}},"type":"cond-expr","locations":[{"start":{"line":68,"column":18},"end":{"line":68,"column":46}},{"start":{"line":69,"column":20},"end":{"line":69,"column":24}}],"line":67},"2":{"loc":{"start":{"line":73,"column":13},"end":{"line":102,"column":13}},"type":"cond-expr","locations":[{"start":{"line":74,"column":14},"end":{"line":99,"column":17}},{"start":{"line":101,"column":14},"end":{"line":101,"column":19}}],"line":73},"3":{"loc":{"start":{"line":77,"column":21},"end":{"line":96,"column":21}},"type":"cond-expr","locations":[{"start":{"line":78,"column":22},"end":{"line":78,"column":27}},{"start":{"line":80,"column":22},"end":{"line":95,"column":25}}],"line":77}},"s":{"0":1,"1":3,"2":2,"3":2,"4":2,"5":0,"6":2,"7":0,"8":2,"9":2,"10":2,"11":2,"12":2,"13":0,"14":2,"15":0,"16":0},"f":{"0":3,"1":0,"2":0,"3":2,"4":0,"5":0,"6":0},"b":{"0":[0,2],"1":[2,0],"2":[0,2],"3":[0,0]},"_coverageSchema":"1a1c01bbd47fc00a2c39e90264f33305004495a9","hash":"38c79ed2adc83f433324a29395f29eab58b22572"}
,"C:\\Users\\39366\\Desktop\\Master\\individualProjects\\Project1-TelemedicinePlatform\\TelemedicinePlatform\\frontend\\src\\constants\\diseaseConstants.js": {"path":"C:\\Users\\39366\\Desktop\\Master\\individualProjects\\Project1-TelemedicinePlatform\\TelemedicinePlatform\\frontend\\src\\constants\\diseaseConstants.js","statementMap":{"0":{"start":{"line":1,"column":36},"end":{"line":1,"column":58}},"1":{"start":{"line":2,"column":36},"end":{"line":2,"column":58}},"2":{"start":{"line":3,"column":33},"end":{"line":3,"column":52}},"3":{"start":{"line":5,"column":44},"end":{"line":5,"column":74}},"4":{"start":{"line":6,"column":44},"end":{"line":6,"column":74}},"5":{"start":{"line":7,"column":41},"end":{"line":7,"column":68}},"6":{"start":{"line":9,"column":38},"end":{"line":9,"column":62}},"7":{"start":{"line":10,"column":38},"end":{"line":10,"column":62}},"8":{"start":{"line":11,"column":35},"end":{"line":11,"column":56}},"9":{"start":{"line":12,"column":36},"end":{"line":12,"column":58}},"10":{"start":{"line":14,"column":38},"end":{"line":14,"column":62}},"11":{"start":{"line":15,"column":38},"end":{"line":15,"column":62}},"12":{"start":{"line":16,"column":35},"end":{"line":16,"column":56}},"13":{"start":{"line":18,"column":38},"end":{"line":18,"column":62}},"14":{"start":{"line":19,"column":38},"end":{"line":19,"column":62}},"15":{"start":{"line":20,"column":35},"end":{"line":20,"column":56}},"16":{"start":{"line":21,"column":36},"end":{"line":21,"column":58}}},"fnMap":{},"branchMap":{},"s":{"0":4,"1":4,"2":4,"3":4,"4":4,"5":4,"6":4,"7":4,"8":4,"9":4,"10":4,"11":4,"12":4,"13":4,"14":4,"15":4,"16":4},"f":{},"b":{},"_coverageSchema":"1a1c01bbd47fc00a2c39e90264f33305004495a9","hash":"1a2ef2acdc139379b29fe10a8786db63eed9c0e0"}
,"C:\\Users\\39366\\Desktop\\Master\\individualProjects\\Project1-TelemedicinePlatform\\TelemedicinePlatform\\frontend\\src\\constants\\doctorConstants.js": {"path":"C:\\Users\\39366\\Desktop\\Master\\individualProjects\\Project1-TelemedicinePlatform\\TelemedicinePlatform\\frontend\\src\\constants\\doctorConstants.js","statementMap":{"0":{"start":{"line":1,"column":36},"end":{"line":1,"column":58}},"1":{"start":{"line":2,"column":36},"end":{"line":2,"column":58}},"2":{"start":{"line":3,"column":33},"end":{"line":3,"column":52}},"3":{"start":{"line":4,"column":29},"end":{"line":4,"column":44}},"4":{"start":{"line":6,"column":39},"end":{"line":6,"column":64}},"5":{"start":{"line":7,"column":39},"end":{"line":7,"column":64}},"6":{"start":{"line":8,"column":36},"end":{"line":8,"column":58}},"7":{"start":{"line":9,"column":37},"end":{"line":9,"column":60}},"8":{"start":{"line":11,"column":38},"end":{"line":11,"column":62}},"9":{"start":{"line":12,"column":38},"end":{"line":12,"column":62}},"10":{"start":{"line":13,"column":35},"end":{"line":13,"column":56}},"11":{"start":{"line":14,"column":36},"end":{"line":14,"column":58}},"12":{"start":{"line":16,"column":45},"end":{"line":16,"column":76}},"13":{"start":{"line":17,"column":45},"end":{"line":17,"column":76}},"14":{"start":{"line":18,"column":42},"end":{"line":18,"column":70}},"15":{"start":{"line":19,"column":43},"end":{"line":19,"column":72}},"16":{"start":{"line":21,"column":35},"end":{"line":21,"column":56}},"17":{"start":{"line":22,"column":35},"end":{"line":22,"column":56}},"18":{"start":{"line":23,"column":32},"end":{"line":23,"column":50}},"19":{"start":{"line":24,"column":33},"end":{"line":24,"column":52}},"20":{"start":{"line":26,"column":37},"end":{"line":26,"column":60}},"21":{"start":{"line":27,"column":37},"end":{"line":27,"column":60}},"22":{"start":{"line":28,"column":34},"end":{"line":28,"column":54}},"23":{"start":{"line":30,"column":37},"end":{"line":30,"column":60}},"24":{"start":{"line":31,"column":37},"end":{"line":31,"column":60}},"25":{"start":{"line":32,"column":34},"end":{"line":32,"column":54}},"26":{"start":{"line":33,"column":35},"end":{"line":33,"column":56}},"27":{"start":{"line":35,"column":43},"end":{"line":35,"column":72}},"28":{"start":{"line":36,"column":43},"end":{"line":36,"column":72}},"29":{"start":{"line":37,"column":40},"end":{"line":37,"column":66}}},"fnMap":{},"branchMap":{},"s":{"0":4,"1":4,"2":4,"3":4,"4":4,"5":4,"6":4,"7":4,"8":4,"9":4,"10":4,"11":4,"12":4,"13":4,"14":4,"15":4,"16":4,"17":4,"18":4,"19":4,"20":4,"21":4,"22":4,"23":4,"24":4,"25":4,"26":4,"27":4,"28":4,"29":4},"f":{},"b":{},"_coverageSchema":"1a1c01bbd47fc00a2c39e90264f33305004495a9","hash":"134ac11e593a61d728e87c5210489bba35175299"}
[...]
:{"start":{"line":16,"column":70},"end":{"line":27,"column":1}},"line":16},"1":{"name":"(anonymous_1)","decl":{"start":{"line":30,"column":35},"end":{"line":30,"column":36}},"loc":{"start":{"line":30,"column":59},"end":{"line":50,"column":1}},"line":30},"2":{"name":"(anonymous_2)","decl":{"start":{"line":53,"column":35},"end":{"line":53,"column":36}},"loc":{"start":{"line":53,"column":59},"end":{"line":73,"column":1}},"line":53},"3":{"name":"(anonymous_3)","decl":{"start":{"line":75,"column":40},"end":{"line":75,"column":41}},"loc":{"start":{"line":78,"column":5},"end":{"line":89,"column":1}},"line":78}},"branchMap":{"0":{"loc":{"start":{"line":16,"column":34},"end":{"line":16,"column":57}},"type":"default-arg","locations":[{"start":{"line":16,"column":42},"end":{"line":16,"column":57}}],"line":16},"1":{"loc":{"start":{"line":17,"column":2},"end":{"line":26,"column":3}},"type":"switch","locations":[{"start":{"line":18,"column":4},"end":{"line":19,"column":43}},{"start":{"line":20,"column":4},"end":{"line":21,"column":56}},{"start":{"line":22,"column":4},"end":{"line":23,"column":54}},{"start":{"line":24,"column":4},"end":{"line":25,"column":18}}],"line":17},"2":{"loc":{"start":{"line":30,"column":36},"end":{"line":30,"column":46}},"type":"default-arg","locations":[{"start":{"line":30,"column":44},"end":{"line":30,"column":46}}],"line":30},"3":{"loc":{"start":{"line":31,"column":2},"end":{"line":49,"column":3}},"type":"switch","locations":[{"start":{"line":32,"column":4},"end":{"line":35,"column":7}},{"start":{"line":36,"column":4},"end":{"line":41,"column":7}},{"start":{"line":42,"column":4},"end":{"line":46,"column":7}},{"start":{"line":47,"column":4},"end":{"line":48,"column":18}}],"line":31},"4":{"loc":{"start":{"line":53,"column":36},"end":{"line":53,"column":46}},"type":"default-arg","locations":[{"start":{"line":53,"column":44},"end":{"line":53,"column":46}}],"line":53},"5":{"loc":{"start":{"line":54,"column":2},"end":{"line":72,"column":3}},"type":"switch","locations":[{"start":{"line":55,"column":4},"end":{"line":58,"column":7}},{"start":{"line":59,"column":4},"end":{"line":64,"column":7}},{"start":{"line":65,"column":4},"end":{"line":69,"column":7}},{"start":{"line":70,"column":4},"end":{"line":71,"column":18}}],"line":54},"6":{"loc":{"start":{"line":76,"column":2},"end":{"line":76,"column":32}},"type":"default-arg","locations":[{"start":{"line":76,"column":10},"end":{"line":76,"column":32}}],"line":76},"7":{"loc":{"start":{"line":79,"column":2},"end":{"line":88,"column":3}},"type":"switch","locations":[{"start":{"line":80,"column":4},"end":{"line":81,"column":50}},{"start":{"line":82,"column":4},"end":{"line":83,"column":63}},{"start":{"line":84,"column":4},"end":{"line":85,"column":54}},{"start":{"line":86,"column":4},"end":{"line":87,"column":18}}],"line":79}},"s":{"0":4,"1":16,"2":0,"3":0,"4":0,"5":16,"6":4,"7":16,"8":0,"9":0,"10":0,"11":16,"12":4,"13":16,"14":0,"15":0,"16":0,"17":16,"18":4,"19":16,"20":0,"21":0,"22":0,"23":16},"f":{"0":16,"1":16,"2":16,"3":16},"b":{"0":[12],"1":[0,0,0,16],"2":[12],"3":[0,0,0,16],"4":[12],"5":[0,0,0,16],"6":[12],"7":[0,0,0,16]},"_coverageSchema":"1a1c01bbd47fc00a2c39e90264f33305004495a9","hash":"b94ace1e7486445d171e9f0609c518d2f202e06f"}
,"C:\\Users\\39366\\Desktop\\Master\\individualProjects\\Project1-TelemedicinePlatform\\TelemedicinePlatform\\frontend\\src\\reducers\\surveyReducers.js": {"path":"C:\\Users\\39366\\Desktop\\Master\\individualProjects\\Project1-TelemedicinePlatform\\TelemedicinePlatform\\frontend\\src\\reducers\\surveyReducers.js","statementMap":{"0":{"start":{"line":36,"column":41},"end":{"line":47,"column":1}},"1":{"start":{"line":37,"column":2},"end":{"line":46,"column":3}},"2":{"start":{"line":39,"column":6},"end":{"line":39,"column":43}},"3":{"start":{"line":41,"column":6},"end":{"line":41,"column":56}},"4":{"start":{"line":43,"column":6},"end":{"line":43,"column":54}},"5":{"start":{"line":45,"column":6},"end":{"line":45,"column":18}},"6":{"start":{"line":49,"column":29},"end":{"line":60,"column":1}},"7":{"start":{"line":50,"column":2},"end":{"line":59,"column":3}},"8":{"start":{"line":52,"column":6},"end":{"line":52,"column":40}},"9":{"start":{"line":54,"column":6},"end":{"line":54,"column":55}},"10":{"start":{"line":56,"column":6},"end":{"line":56,"column":54}},"11":{"start":{"line":58,"column":6},"end":{"line":58,"column":18}},"12":{"start":{"line":62,"column":35},"end":{"line":74,"column":1}},"13":{"start":{"line":63,"column":2},"end":{"line":73,"column":3}},"14":{"start":{"line":65,"column":6},"end":{"line":68,"column":7}},"15":{"start":{"line":70,"column":6},"end":{"line":70,"column":29}},"16":{"start":{"line":72,"column":6},"end":{"line":72,"column":18}},"17":{"start":{"line":76,"column":36},"end":{"line":96,"column":1}},"18":{"start":{"line":77,"column":2},"end":{"line":95,"column":3}},"19":{"start":{"line":79,"column":6},"end":{"line":81,"column":7}},"20":{"start":{"line":83,"column":6},"end":{"line":87,"column":7}},"21":{"start":{"line":89,"column":6},"end":{"line":92,"column":7}},"22":{"start":{"line":94,"column":6},"end":{"line":94,"column":18}},"23":{"start":{"line":99,"column":35},"end":{"line":119,"column":1}},"24":{"start":{"line":100,"column":2},"end":{"line":118,"column":3}},"25":{"start":{"line":102,"column":6},"end":{"line":104,"column":7}},"26":{"start":{"line":106,"column":6},"end":{"line":110,"column":7}},"27":{"start":{"line":112,"column":6},"end":{"line":115,"column":7}},"28":{"start":{"line":117,"column":6},"end":{"line":117,"column":18}},"29":{"start":{"line":121,"column":46},"end":{"line":141,"column":1}},"30":{"start":{"line":122,"column":2},"end":{"line":140,"column":3}},"31":{"start":{"line":124,"column":6},"end":{"line":126,"column":7}},"32":{"start":{"line":128,"column":6},"end":{"line":132,"column":7}},"33":{"start":{"line":134,"column":6},"end":{"line":137,"column":7}},"34":{"start":{"line":139,"column":6},"end":{"line":139,"column":18}},"35":{"start":{"line":143,"column":46},"end":{"line":157,"column":1}},"36":{"start":{"line":147,"column":2},"end":{"line":156,"column":3}},"37":{"start":{"line":149,"column":6},"end":{"line":149,"column":52}},"38":{"start":{"line":151,"column":6},"end":{"line":151,"column":65}},"39":{"start":{"line":153,"column":6},"end":{"line":153,"column":54}},"40":{"start":{"line":155,"column":6},"end":{"line":155,"column":18}},"41":{"start":{"line":159,"column":38},"end":{"line":173,"column":1}},"42":{"start":{"line":163,"column":2},"end":{"line":172,"column":3}},"43":{"start":{"line":165,"column":6},"end":{"line":165,"column":52}},"44":{"start":{"line":167,"column":6},"end":{"line":167,"column":65}},"45":{"start":{"line":169,"column":6},"end":{"line":169,"column":54}},"46":{"start":{"line":171,"column":6},"end":{"line":171,"column":18}},"47":{"start":{"line":175,"column":48},"end":{"line":189,"column":1}},"48":{"start":{"line":179,"column":2},"end":{"line":188,"column":3}},"49":{"start":{"line":181,"column":6},"end":{"line":181,"column":53}},"50":{"start":{"line":183,"column":6},"end":{"line":183,"column":66}},"51":{"start":{"line":185,"column":6},"end":{"line":185,"column":54}},"52":{"start":{"line":187,"column":6},"end":{"line":187,"column":18}},"53":{"start":{"line":192,"column":35},"end":{"line":208,"column":1}},"54":{"start":{"line":193,"column":2},"end":{"line":207,"column":3}},"55":{"start":{"line":195,"column":6},"end":{"line":197,"column":7}},"56":{"start":{"line":199,"column":6},"end":{"line":202,"column":7}},"57":{"start":{"line":204,"column":6},"end":{"line":204,"column":54}},"58":{"start":{"line":206,"column":6},"end":{"line":206,"column":18}},"59":{"start":{"line":210,"column":39},"end":{"line":226,"column":1}},"60":{"start":{"line":211,"column":2},"end":{"line":225,"column":3}},"61":{"start":{"line":213,"column":6},"end":{"line":215,"column":7}},"62":{"start":{"line":217,"column":6},"end":{"line":220,"column":7}},"63":{"start":{"line":222,"column":6},"end":{"line":222,"column":54}},"64":{"start":{"line":224,"column":6},"end":{"line":224,"column":18}}},"fnMap":{"0":{"name":"(anonymous_0)","decl":{"start":{"line":36,"column":41},"end":{"line":36,"column":42}},"loc":{"start":{"line":36,"column":78},"end":{"line":47,"column":1}},"line":36},"1":{"name":"(anonymous_1)","decl":{"start":{"line":49,"column":29},"end":{"line":49,"column":30}},"loc":{"start":{"line":49,"column":65},"end":{"line":60,"column":1}},"line":49},"2":{"name":"(anonymous_2)","decl":{"start":{"line":62,"column":35},"end":{"line":62,"column":36}},"loc":{"start":{"line":62,"column":73},"end":{"line":74,"column":1}},"line":62},"3":{"name":"(anonymous_3)","decl":{"start":{"line":76,"column":36},"end":{"line":76,"column":37}},"loc":{"start":{"line":76,"column":60},"end":{"line":96,"column":1}},"line":76},"4":{"name":"(anonymous_4)","decl":{"start":{"line":99,"column":35},"end":{"line":99,"column":36}},"loc":{"start":{"line":99,"column":59},"end":{"line":119,"column":1}},"line":99},"5":{"name":"(anonymous_5)","decl":{"start":{"line":121,"column":46},"end":{"line":121,"column":47}},"loc":{"start":{"line":121,"column":70},"end":{"line":141,"column":1}},"line":121},"6":{"name":"(anonymous_6)","decl":{"start":{"line":143,"column":46},"end":{"line":143,"column":47}},"loc":{"start":{"line":146,"column":5},"end":{"line":157,"column":1}},"line":146},"7":{"name":"(anonymous_7)","decl":{"start":{"line":159,"column":38},"end":{"line":159,"column":39}},"loc":{"start":{"line":162,"column":5},"end":{"line":173,"column":1}},"line":162},"8":{"name":"(anonymous_8)","decl":{"start":{"line":175,"column":48},"end":{"line":175,"column":49}},"loc":{"start":{"line":178,"column":5},"end":{"line":189,"column":1}},"line":178},"9":{"name":"(anonymous_9)","decl":{"start":{"line":192,"column":35},"end":{"line":192,"column":36}},"loc":{"start":{"line":192,"column":59},"end":{"line":208,"column":1}},"line":192},"10":{"name":"(anonymous_10)","decl":{"start":{"line":210,"column":39},"end":{"line":210,"column":40}},"loc":{"start":{"line":210,"column":63},"end":{"line":226,"column":1}},"line":210}},"branchMap":{"0":{"loc":{"start":{"line":36,"column":42},"end":{"line":36,"column":65}},"type":"default-arg","locations":[{"start":{"line":36,"column":50},"end":{"line":36,"column":65}}],"line":36},"1":{"loc":{"start":{"line":37,"column":2},"end":{"line":46,"column":3}},"type":"switch","locations":[{"start":{"line":38,"column":4},"end":{"line":39,"column":43}},{"start":{"line":40,"column":4},"end":{"line":41,"column":56}},{"start":{"line":42,"column":4},"end":{"line":43,"column":54}},{"start":{"line":44,"column":4},"end":{"line":45,"column":18}}],"line":37},"2":{"loc":{"start":{"line":49,"column":30},"end":{"line":49,"column":52}},"type":"default-arg","locations":[{"start":{"line":49,"column":38},"end":{"line":49,"column":52}}],"line":49},"3":{"loc":{"start":{"line":50,"column":2},"end":{"line":59,"column":3}},"type":"switch","locations":[{"start":{"line":51,"column":4},"end":{"line":52,"column":40}},{"start":{"line":53,"column":4},"end":{"line":54,"column":55}},{"start":{"line":55,"column":4},"end":{"line":56,"column":54}},{"start":{"line":57,"column":4},"end":{"line":58,"column":18}}],"line":50},"4":{"loc":{"start":{"line":62,"column":36},"end":{"line":62,"column":60}},"type":"default-arg","locations":[{"start":{"line":62,"column":44},"end":{"line":62,"column":60}}],"line":62},"5":{"loc":{"start":{"line":63,"column":2},"end":{"line":73,"column":3}},"type":"switch","locations":[{"start":{"line":64,"column":4},"end":{"line":68,"column":7}},{"start":{"line":69,"column":4},"end":{"line":70,"column":29}},{"start":{"line":71,"column":4},"end":{"line":72,"column":18}}],"line":63},"6":{"loc":{"start":{"line":76,"column":37},"end":{"line":76,"column":47}},"type":"default-arg","locations":[{"start":{"line":76,"column":45},"end":{"line":76,"column":47}}],"line":76},"7":{"loc":{"start":{"line":77,"column":2},"end":{"line":95,"column":3}},"type":"switch","locations":[{"start":{"line":78,"column":4},"end":{"line":81,"column":7}},{"start":{"line":82,"column":4},"end":{"line":87,"column":7}},{"start":{"line":88,"column":4},"end":{"line":92,"column":7}},{"start":{"line":93,"column":4},"end":{"line":94,"column":18}}],"line":77},"8":{"loc":{"start":{"line":99,"column":36},"end":{"line":99,"column":46}},"type":"default-arg","locations":[{"start":{"line":99,"column":44},"end":{"line":99,"column":46}}],"line":99},"9":{"loc":{"start":{"line":100,"column":2},"end":{"line":118,"column":3}},"type":"switch","locations":[{"start":{"line":101,"column":4},"end":{"line":104,"column":7}},{"start":{"line":105,"column":4},"end":{"line":110,"column":7}},{"start":{"line":111,"column":4},"end":{"line":115,"column":7}},{"start":{"line":116,"column":4},"end":{"line":117,"column":18}}],"line":100},"10":{"loc":{"start":{"line":121,"column":47},"end":{"line":121,"column":57}},"type":"default-arg","locations":[{"start":{"line":121,"column":55},"end":{"line":121,"column":57}}],"line":121},"11":{"loc":{"start":{"line":122,"column":2},"end":{"line":140,"column":3}},"type":"switch","locations":[{"start":{"line":123,"column":4},"end":{"line":126,"column":7}},{"start":{"line":127,"column":4},"end":{"line":132,"column":7}},{"start":{"line":133,"column":4},"end":{"line":137,"column":7}},{"start":{"line":138,"column":4},"end":{"line":139,"column":18}}],"line":122},"12":{"loc":{"start":{"line":144,"column":2},"end":{"line":144,"column":34}},"type":"default-arg","locations":[{"start":{"line":144,"column":10},"end":{"line":144,"column":34}}],"line":144},"13":{"loc":{"start":{"line":147,"column":2},"end":{"line":156,"column":3}},"type":"switch","locations":[{"start":{"line":148,"column":4},"end":{"line":149,"column":52}},{"start":{"line":150,"column":4},"end":{"line":151,"column":65}},{"start":{"line":152,"column":4},"end":{"line":153,"column":54}},{"start":{"line":154,"column":4},"end":{"line":155,"column":18}}],"line":147},"14":{"loc":{"start":{"line":160,"column":2},"end":{"line":160,"column":34}},"type":"default-arg","locations":[{"start":{"line":160,"column":10},"end":{"line":160,"column":34}}],"line":160},"15":{"loc":{"start":{"line":163,"column":2},"end":{"line":172,"column":3}},"type":"switch","locations":[{"start":{"line":164,"column":4},"end":{"line":165,"column":52}},{"start":{"line":166,"column":4},"end":{"line":167,"column":65}},{"start":{"line":168,"column":4},"end":{"line":169,"column":54}},{"start":{"line":170,"column":4},"end":{"line":171,"column":18}}],"line":163},"16":{"loc":{"start":{"line":176,"column":2},"end":{"line":176,"column":35}},"type":"default-arg","locations":[{"start":{"line":176,"column":10},"end":{"line":176,"column":35}}],"line":176},"17":{"loc":{"start":{"line":179,"column":2},"end":{"line":188,"column":3}},"type":"switch","locations":[{"start":{"line":180,"column":4},"end":{"line":181,"column":53}},{"start":{"line":182,"column":4},"end":{"line":183,"column":66}},{"start":{"line":184,"column":4},"end":{"line":185,"column":54}},{"start":{"line":186,"column":4},"end":{"line":187,"column":18}}],"line":179},"18":{"loc":{"start":{"line":192,"column":36},"end":{"line":192,"column":46}},"type":"default-arg","locations":[{"start":{"line":192,"column":44},"end":{"line":192,"column":46}}],"line":192},"19":{"loc":{"start":{"line":193,"column":2},"end":{"line":207,"column":3}},"type":"switch","locations":[{"start":{"line":194,"column":4},"end":{"line":197,"column":7}},{"start":{"line":198,"column":4},"end":{"line":202,"column":7}},{"start":{"line":203,"column":4},"end":{"line":204,"column":54}},{"start":{"line":205,"column":4},"end":{"line":206,"column":18}}],"line":193},"20":{"loc":{"start":{"line":210,"column":40},"end":{"line":210,"column":50}},"type":"default-arg","locations":[{"start":{"line":210,"column":48},"end":{"line":210,"column":50}}],"line":210},"21":{"loc":{"start":{"line":211,"column":2},"end":{"line":225,"column":3}},"type":"switch","locations":[{"start":{"line":212,"column":4},"end":{"line":215,"column":7}},{"start":{"line":216,"column":4},"end":{"line":220,"column":7}},{"start":{"line":221,"column":4},"end":{"line":222,"column":54}},{"start":{"line":223,"column":4},"end":{"line":224,"column":18}}],"line":211}},"s":{"0":4,"1":16,"2":0,"3":0,"4":0,"5":16,"6":4,"7":16,"8":0,"9":0,"10":0,"11":16,"12":4,"13":0,"14":0,"15":0,"16":0,"17":4,"18":16,"19":0,"20":0,"21":0,"22":16,"23":4,"24":16,"25":0,"26":0,"27":0,"28":16,"29":4,"30":16,"31":0,"32":0,"33":0,"34":16,"35":4,"36":16,"37":0,"38":0,"39":0,"40":16,"41":4,"42":16,"43":0,"44":0,"45":0,"46":16,"47":4,"48":16,"49":0,"50":0,"51":0,"52":16,"53":4,"54":16,"55":0,"56":0,"57":0,"58":16,"59":4,"60":16,"61":0,"62":0,"63":0,"64":16},"f":{"0":16,"1":16,"2":0,"3":16,"4":16,"5":16,"6":16,"7":16,"8":16,"9":16,"10":16},"b":{"0":[12],"1":[0,0,0,16],"2":[12],"3":[0,0,0,16],"4":[0],"5":[0,0,0],"6":[12],"7":[0,0,0,16],"8":[12],"9":[0,0,0,16],"10":[12],"11":[0,0,0,16],"12":[12],"13":[0,0,0,16],"14":[12],"15":[0,0,0,16],"16":[12],"17":[0,0,0,16],"18":[12],"19":[0,0,0,16],"20":[12],"21":[0,0,0,16]},"_coverageSchema":"1a1c01bbd47fc00a2c39e90264f33305004495a9","hash":"9302656e5f851aaecaf332e1cc6176d8b76ff678"}
,"C:\\Users\\39366\\Desktop\\Master\\individualProjects\\Project1-TelemedicinePlatform\\TelemedicinePlatform\\frontend\\src\\reducers\\timeSlotReducers.js": {"path":"C:\\Users\\39366\\Desktop\\Master\\individualProjects\\Project1-TelemedicinePlatform\\TelemedicinePlatform\\frontend\\src\\reducers\\timeSlotReducers.js","statementMap":{"0":{"start":{"line":10,"column":41},"end":{"line":24,"column":1}},"1":{"start":{"line":14,"column":2},"end":{"line":23,"column":3}},"2":{"start":{"line":16,"column":6},"end":{"line":16,"column":40}},"3":{"start":{"line":18,"column":6},"end":{"line":18,"column":64}},"4":{"start":{"line":20,"column":6},"end":{"line":20,"column":54}},"5":{"start":{"line":22,"column":6},"end":{"line":22,"column":18}},"6":{"start":{"line":27,"column":37},"end":{"line":47,"column":1}},"7":{"start":{"line":28,"column":2},"end":{"line":46,"column":3}},"8":{"start":{"line":30,"column":6},"end":{"line":32,"column":7}},"9":{"start":{"line":34,"column":6},"end":{"line":38,"column":7}},"10":{"start":{"line":40,"column":6},"end":{"line":43,"column":7}},"11":{"start":{"line":45,"column":6},"end":{"line":45,"column":18}}},"fnMap":{"0":{"name":"(anonymous_0)","decl":{"start":{"line":10,"column":41},"end":{"line":10,"column":42}},"loc":{"start":{"line":13,"column":5},"end":{"line":24,"column":1}},"line":13},"1":{"name":"(anonymous_1)","decl":{"start":{"line":27,"column":37},"end":{"line":27,"column":38}},"loc":{"start":{"line":27,"column":61},"end":{"line":47,"column":1}},"line":27}},"branchMap":{"0":{"loc":{"start":{"line":11,"column":2},"end":{"line":11,"column":33}},"type":"default-arg","locations":[{"start":{"line":11,"column":10},"end":{"line":11,"column":33}}],"line":11},"1":{"loc":{"start":{"line":14,"column":2},"end":{"line":23,"column":3}},"type":"switch","locations":[{"start":{"line":15,"column":4},"end":{"line":16,"column":40}},{"start":{"line":17,"column":4},"end":{"line":18,"column":64}},{"start":{"line":19,"column":4},"end":{"line":20,"column":54}},{"start":{"line":21,"column":4},"end":{"line":22,"column":18}}],"line":14},"2":{"loc":{"start":{"line":27,"column":38},"end":{"line":27,"column":48}},"type":"default-arg","locations":[{"start":{"line":27,"column":46},"end":{"line":27,"column":48}}],"line":27},"3":{"loc":{"start":{"line":28,"column":2},"end":{"line":46,"column":3}},"type":"switch","locations":[{"start":{"line":29,"column":4},"end":{"line":32,"column":7}},{"start":{"line":33,"column":4},"end":{"line":38,"column":7}},{"start":{"line":39,"column":4},"end":{"line":43,"column":7}},{"start":{"line":44,"column":4},"end":{"line":45,"column":18}}],"line":28}},"s":{"0":4,"1":16,"2":0,"3":0,"4":0,"5":16,"6":4,"7":16,"8":0,"9":0,"10":0,"11":16},"f":{"0":16,"1":16},"b":{"0":[12],"1":[0,0,0,16],"2":[12],"3":[0,0,0,16]},"_coverageSchema":"1a1c01bbd47fc00a2c39e90264f33305004495a9","hash":"0fb39b70b3a4a212ae415724611557f216a269be"}
}
