TN:
SF:src\icons.js
FNF:0
FNH:0
DA:1,2
LF:1
LH:1
BRF:0
BRH:0
end_of_record
TN:
SF:src\sensorTableData.js
FNF:0
FNH:0
DA:2,1
DA:17,1
DA:23,1
DA:32,1
LF:4
LH:4
BRF:0
BRH:0
end_of_record
TN:
SF:src\store.js
FNF:0
FNH:0
DA:65,11
DA:109,11
DA:113,11
DA:117,11
DA:122,11
DA:124,11
LF:6
LH:6
BRDA:109,0,0,0
BRDA:109,0,1,11
BRDA:113,1,0,0
BRDA:113,1,1,11
BRF:4
BRH:2
end_of_record
TN:
SF:src\actions\diseaseActions.js
FN:21,(anonymous_0)
FN:21,(anonymous_1)
FN:45,(anonymous_2)
FN:45,(anonymous_3)
FN:66,(anonymous_4)
FN:66,(anonymous_5)
FN:88,(anonymous_6)
FN:88,(anonymous_7)
FN:113,(anonymous_8)
FN:113,(anonymous_9)
FNF:10
FNH:4
FNDA:4,(anonymous_0)
FNDA:4,(anonymous_1)
FNDA:1,(anonymous_2)
FNDA:1,(anonymous_3)
FNDA:0,(anonymous_4)
FNDA:0,(anonymous_5)
FNDA:0,(anonymous_6)
FNDA:0,(anonymous_7)
FNDA:0,(anonymous_8)
FNDA:0,(anonymous_9)
DA:21,7
DA:22,4
DA:23,4
DA:26,4
DA:28,4
DA:30,2
DA:35,0
DA:45,7
DA:46,1
DA:47,1
DA:49,1
DA:51,0
DA:56,0
DA:66,7
DA:67,0
DA:68,0
DA:72,0
DA:73,0
DA:78,0
DA:88,7
DA:89,0
DA:90,0
DA:94,0
DA:96,0
DA:102,0
DA:106,0
DA:113,7
DA:114,0
DA:115,0
DA:119,0
DA:121,0
DA:127,0
DA:131,0
LF:33
LH:13
BRDA:38,0,0,0
BRDA:38,0,1,0
BRDA:38,1,0,0
BRDA:38,1,1,0
BRDA:59,2,0,0
BRDA:59,2,1,0
BRDA:59,3,0,0
BRDA:59,3,1,0
BRDA:81,4,0,0
BRDA:81,4,1,0
BRDA:81,5,0,0
BRDA:81,5,1,0
BRDA:102,6,0,0
BRDA:102,6,1,0
BRDA:102,7,0,0
BRDA:102,7,1,0
BRDA:127,8,0,0
BRDA:127,8,1,0
BRDA:127,9,0,0
BRDA:127,9,1,0
BRF:20
BRH:0
end_of_record
TN:
SF:src\actions\doctorActions.js
FN:34,(anonymous_0)
FN:34,(anonymous_1)
FN:71,(anonymous_2)
FN:71,(anonymous_3)
FN:79,(anonymous_4)
FN:79,(anonymous_5)
FN:129,(anonymous_6)
FN:129,(anonymous_7)
FN:163,(anonymous_8)
FN:163,(anonymous_9)
FN:206,(anonymous_10)
FN:206,(anonymous_11)
FN:243,(anonymous_12)
FN:243,(anonymous_13)
FN:277,(anonymous_14)
FN:277,(anonymous_15)
FN:316,(anonymous_16)
FN:316,(anonymous_17)
FNF:18
FNH:2
FNDA:1,(anonymous_0)
FNDA:1,(anonymous_1)
FNDA:0,(anonymous_2)
FNDA:0,(anonymous_3)
FNDA:0,(anonymous_4)
FNDA:0,(anonymous_5)
FNDA:0,(anonymous_6)
FNDA:0,(anonymous_7)
FNDA:0,(anonymous_8)
FNDA:0,(anonymous_9)
FNDA:0,(anonymous_10)
FNDA:0,(anonymous_11)
FNDA:0,(anonymous_12)
FNDA:0,(anonymous_13)
FNDA:0,(anonymous_14)
FNDA:0,(anonymous_15)
FNDA:0,(anonymous_16)
FNDA:0,(anonymous_17)
DA:34,3
DA:35,1
DA:36,1
DA:40,1
DA:46,1
DA:52,0
DA:58,0
DA:60,0
DA:71,3
DA:72,0
DA:73,0
DA:74,0
DA:75,0
DA:79,3
DA:80,0
DA:81,0
DA:87,0
DA:89,0
DA:95,0
DA:101,0
DA:113,0
DA:117,0
DA:119,0
DA:129,3
DA:130,0
DA:131,0
DA:137,0
DA:139,0
DA:146,0
DA:148,0
DA:153,0
DA:163,3
DA:164,0
DA:165,0
DA:171,0
DA:173,0
DA:180,0
DA:182,0
DA:186,0
DA:190,0
DA:193,0
DA:196,0
DA:197,0
DA:199,0
DA:206,3
DA:207,0
DA:208,0
DA:214,0
DA:216,0
DA:222,0
DA:224,0
DA:230,0
DA:233,0
DA:234,0
DA:236,0
DA:243,3
DA:244,0
DA:245,0
DA:251,0
DA:253,0
DA:259,0
DA:261,0
DA:264,0
DA:267,0
DA:268,0
DA:270,0
DA:277,3
DA:278,0
DA:279,0
DA:285,0
DA:287,0
DA:294,0
DA:296,0
DA:298,0
DA:300,0
DA:303,0
DA:306,0
DA:307,0
DA:309,0
DA:316,3
DA:317,0
DA:318,0
DA:324,0
DA:326,0
DA:332,0
DA:334,0
DA:340,0
DA:343,0
DA:344,0
DA:346,0
LF:90
LH:13
BRDA:63,0,0,0
BRDA:63,0,1,0
BRDA:63,1,0,0
BRDA:63,1,1,0
BRDA:122,2,0,0
BRDA:122,2,1,0
BRDA:122,3,0,0
BRDA:122,3,1,0
BRDA:156,4,0,0
BRDA:156,4,1,0
BRDA:156,5,0,0
BRDA:156,5,1,0
BRDA:193,6,0,0
BRDA:193,6,1,0
BRDA:193,7,0,0
BRDA:193,7,1,0
BRDA:196,8,0,0
BRDA:196,8,1,0
BRDA:230,9,0,0
BRDA:230,9,1,0
BRDA:230,10,0,0
BRDA:230,10,1,0
BRDA:233,11,0,0
BRDA:233,11,1,0
BRDA:264,12,0,0
BRDA:264,12,1,0
BRDA:264,13,0,0
BRDA:264,13,1,0
BRDA:267,14,0,0
BRDA:267,14,1,0
BRDA:303,15,0,0
BRDA:303,15,1,0
BRDA:303,16,0,0
BRDA:303,16,1,0
BRDA:306,17,0,0
BRDA:306,17,1,0
BRDA:340,18,0,0
BRDA:340,18,1,0
BRDA:340,19,0,0
BRDA:340,19,1,0
BRDA:343,20,0,0
BRDA:343,20,1,0
BRF:42
BRH:0
end_of_record
TN:
SF:src\actions\patientActions.js
FN:29,(anonymous_0)
FN:29,(anonymous_1)
FN:50,(anonymous_2)
FN:50,(anonymous_3)
FN:71,(anonymous_4)
FN:71,(anonymous_5)
FN:92,(anonymous_6)
FN:92,(anonymous_7)
FN:113,(anonymous_8)
FN:113,(anonymous_9)
FN:134,(anonymous_10)
FN:134,(anonymous_11)
FN:157,(anonymous_12)
FN:157,(anonymous_13)
FN:181,(anonymous_14)
FN:181,(anonymous_15)
FNF:16
FNH:4
FNDA:0,(anonymous_0)
FNDA:0,(anonymous_1)
FNDA:1,(anonymous_2)
FNDA:1,(anonymous_3)
FNDA:0,(anonymous_4)
FNDA:0,(anonymous_5)
FNDA:1,(anonymous_6)
FNDA:1,(anonymous_7)
FNDA:0,(anonymous_8)
FNDA:0,(anonymous_9)
FNDA:0,(anonymous_10)
FNDA:0,(anonymous_11)
FNDA:0,(anonymous_12)
FNDA:0,(anonymous_13)
FNDA:0,(anonymous_14)
FNDA:0,(anonymous_15)
DA:29,5
DA:30,0
DA:31,0
DA:33,0
DA:35,0
DA:40,0
DA:50,5
DA:51,1
DA:52,1
DA:54,1
DA:56,0
DA:61,0
DA:71,5
DA:72,0
DA:73,0
DA:75,0
DA:77,0
DA:82,0
DA:92,5
DA:93,1
DA:94,1
DA:96,1
DA:98,0
DA:103,0
DA:113,5
DA:114,0
DA:115,0
DA:117,0
DA:119,0
DA:124,0
DA:134,5
DA:135,0
DA:136,0
DA:140,0
DA:142,0
DA:147,0
DA:157,5
DA:158,0
DA:159,0
DA:163,0
DA:165,0
DA:170,0
DA:174,0
DA:181,5
DA:182,0
DA:183,0
DA:187,0
DA:189,0
DA:195,0
DA:199,0
LF:50
LH:14
BRDA:43,0,0,0
BRDA:43,0,1,0
BRDA:43,1,0,0
BRDA:43,1,1,0
BRDA:64,2,0,0
BRDA:64,2,1,0
BRDA:64,3,0,0
BRDA:64,3,1,0
BRDA:85,4,0,0
BRDA:85,4,1,0
BRDA:85,5,0,0
BRDA:85,5,1,0
BRDA:106,6,0,0
BRDA:106,6,1,0
BRDA:106,7,0,0
BRDA:106,7,1,0
BRDA:127,8,0,0
BRDA:127,8,1,0
BRDA:127,9,0,0
BRDA:127,9,1,0
BRDA:150,10,0,0
BRDA:150,10,1,0
BRDA:150,11,0,0
BRDA:150,11,1,0
BRDA:170,12,0,0
BRDA:170,12,1,0
BRDA:170,13,0,0
BRDA:170,13,1,0
BRDA:195,14,0,0
BRDA:195,14,1,0
BRDA:195,15,0,0
BRDA:195,15,1,0
BRF:32
BRH:0
end_of_record
TN:
SF:src\actions\questionActions.js
FN:14,(anonymous_0)
FN:14,(anonymous_1)
FN:37,(anonymous_2)
FN:37,(anonymous_3)
FN:61,(anonymous_4)
FN:61,(anonymous_5)
FNF:6
FNH:0
FNDA:0,(anonymous_0)
FNDA:0,(anonymous_1)
FNDA:0,(anonymous_2)
FNDA:0,(anonymous_3)
FNDA:0,(anonymous_4)
FNDA:0,(anonymous_5)
DA:14,2
DA:15,0
DA:16,0
DA:20,0
DA:22,0
DA:27,0
DA:37,2
DA:38,0
DA:39,0
DA:43,0
DA:45,0
DA:50,0
DA:54,0
DA:61,2
DA:62,0
DA:63,0
DA:64,0
DA:68,0
DA:70,0
DA:76,0
DA:80,0
LF:21
LH:3
BRDA:30,0,0,0
BRDA:30,0,1,0
BRDA:30,1,0,0
BRDA:30,1,1,0
BRDA:50,2,0,0
BRDA:50,2,1,0
BRDA:50,3,0,0
BRDA:50,3,1,0
BRDA:76,4,0,0
BRDA:76,4,1,0
BRDA:76,5,0,0
BRDA:76,5,1,0
BRF:12
BRH:0
end_of_record
TN:
SF:src\actions\responsesActions.js
FN:14,(anonymous_0)
FN:14,(anonymous_1)
FN:21,(anonymous_2)
FN:21,(anonymous_3)
FNF:4
FNH:2
FNDA:0,(anonymous_0)
FNDA:0,(anonymous_1)
FNDA:1,(anonymous_2)
FNDA:1,(anonymous_3)
DA:14,1
DA:15,0
DA:16,0
DA:17,0
DA:18,0
DA:21,1
DA:22,1
DA:23,1
DA:29,1
DA:31,1
DA:37,0
DA:39,0
DA:45,1
DA:48,1
DA:49,0
DA:50,0
DA:51,0
DA:52,0
DA:54,1
LF:19
LH:9
BRDA:45,0,0,0
BRDA:45,0,1,1
BRDA:45,1,0,1
BRDA:45,1,1,0
BRDA:48,2,0,0
BRDA:48,2,1,1
BRF:6
BRH:3
end_of_record
TN:
SF:src\actions\surveyActions.js
FN:36,(anonymous_0)
FN:36,(anonymous_1)
FN:57,(anonymous_2)
FN:57,(anonymous_3)
FN:87,(anonymous_4)
FN:87,(anonymous_5)
FN:110,(anonymous_6)
FN:110,(anonymous_7)
FN:138,(anonymous_8)
FN:138,(anonymous_9)
FN:176,(anonymous_10)
FN:176,(anonymous_11)
FN:211,(anonymous_12)
FN:211,(anonymous_13)
FN:246,(anonymous_14)
FN:246,(anonymous_15)
FN:280,(anonymous_16)
FN:280,(anonymous_17)
FN:306,(anonymous_18)
FN:306,(anonymous_19)
FNF:20
FNH:2
FNDA:3,(anonymous_0)
FNDA:3,(anonymous_1)
FNDA:0,(anonymous_2)
FNDA:0,(anonymous_3)
FNDA:0,(anonymous_4)
FNDA:0,(anonymous_5)
FNDA:0,(anonymous_6)
FNDA:0,(anonymous_7)
FNDA:0,(anonymous_8)
FNDA:0,(anonymous_9)
FNDA:0,(anonymous_10)
FNDA:0,(anonymous_11)
FNDA:0,(anonymous_12)
FNDA:0,(anonymous_13)
FNDA:0,(anonymous_14)
FNDA:0,(anonymous_15)
FNDA:0,(anonymous_16)
FNDA:0,(anonymous_17)
FNDA:0,(anonymous_18)
FNDA:0,(anonymous_19)
DA:36,3
DA:37,3
DA:38,3
DA:40,3
DA:42,1
DA:47,0
DA:57,2
DA:58,0
DA:59,0
DA:61,0
DA:63,0
DA:68,0
DA:87,2
DA:88,0
DA:89,0
DA:93,0
DA:95,0
DA:100,0
DA:110,2
DA:111,0
DA:112,0
DA:116,0
DA:121,0
DA:126,0
DA:128,0
DA:138,2
DA:139,0
DA:140,0
DA:146,0
DA:148,0
DA:154,0
DA:160,0
DA:165,0
DA:176,2
DA:177,0
DA:178,0
DA:182,0
DA:184,0
DA:190,0
DA:196,0
DA:201,0
DA:211,2
DA:212,0
DA:213,0
DA:217,0
DA:219,0
DA:225,0
DA:230,0
DA:235,0
DA:246,2
DA:247,0
DA:248,0
DA:252,0
DA:254,0
DA:260,0
DA:265,0
DA:270,0
DA:280,2
DA:281,0
DA:282,0
DA:283,0
DA:287,0
DA:289,0
DA:295,0
DA:299,0
DA:306,2
DA:307,0
DA:308,0
DA:309,0
DA:312,0
DA:317,0
DA:323,0
DA:327,0
LF:73
LH:14
BRDA:50,0,0,0
BRDA:50,0,1,0
BRDA:50,1,0,0
BRDA:50,1,1,0
BRDA:71,2,0,0
BRDA:71,2,1,0
BRDA:71,3,0,0
BRDA:71,3,1,0
BRDA:103,4,0,0
BRDA:103,4,1,0
BRDA:103,5,0,0
BRDA:103,5,1,0
BRDA:131,6,0,0
BRDA:131,6,1,0
BRDA:131,7,0,0
BRDA:131,7,1,0
BRDA:168,8,0,0
BRDA:168,8,1,0
BRDA:168,9,0,0
BRDA:168,9,1,0
BRDA:204,10,0,0
BRDA:204,10,1,0
BRDA:204,11,0,0
BRDA:204,11,1,0
BRDA:238,12,0,0
BRDA:238,12,1,0
BRDA:238,13,0,0
BRDA:238,13,1,0
BRDA:273,14,0,0
BRDA:273,14,1,0
BRDA:273,15,0,0
BRDA:273,15,1,0
BRDA:295,16,0,0
BRDA:295,16,1,0
BRDA:295,17,0,0
BRDA:295,17,1,0
BRDA:323,18,0,0
BRDA:323,18,1,0
BRDA:323,19,0,0
BRDA:323,19,1,0
BRF:40
BRH:0
end_of_record
TN:
SF:src\actions\timeSlotActions.js
FN:11,(anonymous_0)
FN:11,(anonymous_1)
FN:32,(anonymous_2)
FN:32,(anonymous_3)
FNF:4
FNH:0
FNDA:0,(anonymous_0)
FNDA:0,(anonymous_1)
FNDA:0,(anonymous_2)
FNDA:0,(anonymous_3)
DA:11,1
DA:12,0
DA:13,0
DA:15,0
DA:17,0
DA:22,0
DA:32,1
DA:33,0
DA:34,0
DA:38,0
DA:40,0
DA:45,0
LF:12
LH:2
BRDA:25,0,0,0
BRDA:25,0,1,0
BRDA:25,1,0,0
BRDA:25,1,1,0
BRDA:48,2,0,0
BRDA:48,2,1,0
BRDA:48,3,0,0
BRDA:48,3,1,0
BRF:8
BRH:0
end_of_record
TN:
SF:src\components\Disease.js
FN:14,(anonymous_0)
FN:17,(anonymous_1)
FN:39,(anonymous_2)
FNF:3
FNH:1
FNDA:2,(anonymous_0)
FNDA:0,(anonymous_1)
FNDA:0,(anonymous_2)
DA:14,2
DA:15,2
DA:17,2
DA:18,0
DA:19,0
DA:23,2
DA:39,0
LF:7
LH:4
BRDA:18,0,0,0
BRDA:18,0,1,0
BRF:2
BRH:0
end_of_record
TN:
SF:src\components\Footer.js
FN:4,(anonymous_0)
FNF:1
FNH:1
FNDA:1,(anonymous_0)
DA:4,1
DA:5,1
LF:2
LH:2
BRF:0
BRH:0
end_of_record
TN:
SF:src\components\FormContainter.js
FN:4,(anonymous_0)
FNF:1
FNH:1
FNDA:28,(anonymous_0)
DA:4,2
DA:5,28
LF:2
LH:2
BRF:0
BRH:0
end_of_record
TN:
SF:src\components\Header.js
FN:8,(anonymous_0)
FN:11,(anonymous_1)
FN:14,(anonymous_2)
FNF:3
FNH:2
FNDA:3,(anonymous_0)
FNDA:6,(anonymous_1)
FNDA:0,(anonymous_2)
DA:8,1
DA:9,3
DA:11,6
DA:12,3
DA:14,3
DA:15,0
DA:17,3
LF:7
LH:6
BRDA:45,0,0,0
BRDA:45,0,1,3
BRDA:61,1,0,3
BRDA:61,1,1,0
BRDA:61,1,2,0
BRF:5
BRH:2
end_of_record
TN:
SF:src\components\Loader.js
FN:4,(anonymous_0)
FNF:1
FNH:1
FNDA:4,(anonymous_0)
DA:4,10
DA:5,4
LF:2
LH:2
BRF:0
BRH:0
end_of_record
TN:
SF:src\components\Message.js
FN:4,(anonymous_0)
FNF:1
FNH:1
FNDA:2,(anonymous_0)
DA:4,10
DA:5,2
DA:7,10
LF:3
LH:3
BRF:0
BRH:0
end_of_record
TN:
SF:src\components\Patient.js
FN:15,(anonymous_0)
FN:18,(anonymous_1)
FN:20,(anonymous_2)
FN:27,(anonymous_3)
FN:49,(anonymous_4)
FNF:5
FNH:2
FNDA:2,(anonymous_0)
FNDA:0,(anonymous_1)
FNDA:0,(anonymous_2)
FNDA:2,(anonymous_3)
FNDA:0,(anonymous_4)
DA:15,4
DA:16,2
DA:18,2
DA:19,0
DA:20,0
DA:21,0
DA:22,0
DA:27,2
DA:29,2
DA:49,0
LF:10
LH:5
BRDA:19,0,0,0
BRDA:19,0,1,0
BRF:2
BRH:0
end_of_record
TN:
SF:src\components\Sidebar.js
FN:26,(anonymous_0)
FN:33,(anonymous_1)
FN:35,(anonymous_2)
FN:39,(anonymous_3)
FN:42,(anonymous_4)
FN:76,(anonymous_5)
FN:88,(anonymous_6)
FNF:7
FNH:5
FNDA:9,(anonymous_0)
FNDA:0,(anonymous_1)
FNDA:1,(anonymous_2)
FNDA:15,(anonymous_3)
FNDA:3,(anonymous_4)
FNDA:2,(anonymous_5)
FNDA:0,(anonymous_6)
DA:26,1
DA:27,9
DA:29,8
DA:31,8
DA:33,8
DA:35,8
DA:37,8
DA:39,15
DA:40,8
DA:42,8
DA:43,3
DA:46,8
DA:77,2
DA:89,0
LF:14
LH:13
BRDA:66,0,0,2
BRDA:66,0,1,6
BRDA:68,1,0,6
BRDA:68,1,1,0
BRDA:74,2,0,2
BRDA:74,2,1,6
BRDA:78,3,0,0
BRDA:78,3,1,2
BRF:8
BRH:6
end_of_record
TN:
SF:src\constants\diseaseConstants.js
FNF:0
FNH:0
DA:1,11
DA:2,11
DA:3,11
DA:5,11
DA:6,11
DA:7,11
DA:9,11
DA:10,11
DA:11,11
DA:12,11
DA:14,11
DA:15,11
DA:16,11
DA:18,11
DA:19,11
DA:20,11
DA:21,11
LF:17
LH:17
BRF:0
BRH:0
end_of_record
TN:
SF:src\constants\doctorConstants.js
FNF:0
FNH:0
DA:1,11
DA:2,11
DA:3,11
DA:4,11
DA:6,11
DA:7,11
DA:8,11
DA:9,11
DA:11,11
DA:12,11
DA:13,11
DA:14,11
DA:16,11
DA:17,11
DA:18,11
DA:19,11
DA:21,11
DA:22,11
DA:23,11
DA:24,11
DA:26,11
DA:27,11
DA:28,11
DA:30,11
DA:31,11
DA:32,11
DA:33,11
DA:35,11
DA:36,11
DA:37,11
LF:30
LH:30
BRF:0
BRH:0
end_of_record
TN:
SF:src\constants\patientConstants.js
FNF:0
FNH:0
DA:1,11
DA:2,11
DA:3,11
DA:5,11
DA:6,11
DA:7,11
DA:9,11
DA:10,11
DA:11,11
DA:14,11
DA:16,11
DA:17,11
DA:19,11
DA:20,11
DA:21,11
DA:23,11
DA:24,11
DA:25,11
DA:27,11
DA:28,11
DA:29,11
DA:30,11
DA:33,11
DA:35,11
DA:36,11
LF:25
LH:25
BRF:0
BRH:0
end_of_record
TN:
SF:src\constants\questionConstants.js
FNF:0
FNH:0
DA:1,11
DA:2,11
DA:3,11
DA:4,11
DA:6,11
DA:7,11
DA:8,11
DA:10,11
DA:11,11
DA:12,11
DA:13,11
LF:11
LH:11
BRF:0
BRH:0
end_of_record
TN:
SF:src\constants\responsesConstants.js
FNF:0
FNH:0
DA:1,11
DA:2,11
DA:3,11
LF:3
LH:3
BRF:0
BRH:0
end_of_record
TN:
SF:src\constants\sensorConstants.js
FNF:0
FNH:0
DA:1,11
DA:2,11
DA:3,11
DA:5,11
DA:6,11
DA:7,11
DA:9,11
DA:10,11
DA:11,11
DA:13,11
DA:14,11
DA:15,11
DA:17,11
DA:18,11
DA:19,11
DA:21,11
DA:22,11
DA:23,11
LF:18
LH:18
BRF:0
BRH:0
end_of_record
TN:
SF:src\constants\surveyConstants.js
FNF:0
FNH:0
DA:1,11
DA:2,11
DA:3,11
DA:5,11
DA:6,11
DA:7,11
DA:9,11
DA:10,11
DA:11,11
DA:13,11
DA:14,11
DA:16,11
DA:17,11
DA:18,11
DA:20,11
DA:21,11
DA:22,11
DA:25,11
DA:27,11
DA:28,11
DA:31,11
DA:33,11
DA:34,11
DA:36,11
DA:37,11
DA:38,11
DA:41,11
DA:43,11
DA:45,11
DA:47,11
DA:48,11
DA:49,11
DA:51,11
DA:52,11
DA:53,11
LF:35
LH:35
BRF:0
BRH:0
end_of_record
TN:
SF:src\constants\timeSlotConstants.js
FNF:0
FNH:0
DA:1,11
DA:2,11
DA:3,11
DA:5,11
DA:6,11
DA:7,11
LF:6
LH:6
BRF:0
BRH:0
end_of_record
TN:
SF:src\modals\AddDiseaseModal.js
FN:10,(anonymous_0)
FN:16,(anonymous_1)
FN:25,(anonymous_2)
FN:26,(anonymous_3)
FN:29,(anonymous_4)
FN:45,(anonymous_5)
FN:78,(anonymous_6)
FN:94,(anonymous_7)
FNF:8
FNH:3
FNDA:4,(anonymous_0)
FNDA:11,(anonymous_1)
FNDA:0,(anonymous_2)
FNDA:0,(anonymous_3)
FNDA:0,(anonymous_4)
FNDA:1,(anonymous_5)
FNDA:0,(anonymous_6)
FNDA:0,(anonymous_7)
DA:10,1
DA:11,4
DA:12,4
DA:14,4
DA:16,11
DA:22,4
DA:24,4
DA:25,4
DA:26,4
DA:27,4
DA:29,4
DA:30,0
DA:31,0
DA:32,0
DA:33,0
DA:36,0
DA:38,0
DA:42,0
DA:45,4
DA:46,1
DA:49,4
DA:78,0
DA:94,0
LF:23
LH:14
BRDA:31,0,0,0
BRDA:31,0,1,0
BRDA:61,1,0,4
BRDA:61,1,1,0
BRF:4
BRH:1
end_of_record
TN:
SF:src\modals\AddPatientModal.js
FN:14,(anonymous_0)
FN:25,(anonymous_1)
FN:26,(anonymous_2)
FN:32,(anonymous_3)
FN:35,(anonymous_4)
FN:43,(anonymous_5)
FN:46,(anonymous_6)
FN:67,(anonymous_7)
FN:69,(anonymous_8)
FN:82,(anonymous_9)
FN:87,(anonymous_10)
FN:93,hasDuplicates
FN:97,(anonymous_12)
FN:103,(anonymous_13)
FN:109,(anonymous_14)
FN:143,(anonymous_15)
FN:160,(anonymous_16)
FN:178,(anonymous_17)
FN:194,(anonymous_18)
FN:227,(anonymous_19)
FN:231,(anonymous_20)
FN:233,(anonymous_21)
FNF:22
FNH:0
FNDA:0,(anonymous_0)
FNDA:0,(anonymous_1)
FNDA:0,(anonymous_2)
FNDA:0,(anonymous_3)
FNDA:0,(anonymous_4)
FNDA:0,(anonymous_5)
FNDA:0,(anonymous_6)
FNDA:0,(anonymous_7)
FNDA:0,(anonymous_8)
FNDA:0,(anonymous_9)
FNDA:0,(anonymous_10)
FNDA:0,hasDuplicates
FNDA:0,(anonymous_12)
FNDA:0,(anonymous_13)
FNDA:0,(anonymous_14)
FNDA:0,(anonymous_15)
FNDA:0,(anonymous_16)
FNDA:0,(anonymous_17)
FNDA:0,(anonymous_18)
FNDA:0,(anonymous_19)
FNDA:0,(anonymous_20)
FNDA:0,(anonymous_21)
DA:14,1
DA:15,0
DA:16,0
DA:17,0
DA:18,0
DA:21,0
DA:22,0
DA:24,0
DA:25,0
DA:26,0
DA:27,0
DA:28,0
DA:30,0
DA:32,0
DA:33,0
DA:35,0
DA:41,0
DA:43,0
DA:44,0
DA:46,0
DA:47,0
DA:48,0
DA:49,0
DA:50,0
DA:53,0
DA:55,0
DA:64,0
DA:67,0
DA:68,0
DA:69,0
DA:70,0
DA:71,0
DA:72,0
DA:75,0
DA:76,0
DA:77,0
DA:78,0
DA:79,0
DA:82,0
DA:83,0
DA:87,0
DA:88,0
DA:89,0
DA:90,0
DA:94,0
DA:97,0
DA:98,0
DA:99,0
DA:100,0
DA:103,0
DA:104,0
DA:105,0
DA:106,0
DA:109,0
DA:110,0
DA:111,0
DA:112,0
DA:115,0
DA:143,0
DA:160,0
DA:178,0
DA:194,0
DA:229,0
DA:231,0
DA:234,0
LF:65
LH:1
BRDA:48,0,0,0
BRDA:48,0,1,0
BRDA:70,1,0,0
BRDA:70,1,1,0
BRDA:71,2,0,0
BRDA:71,2,1,0
BRDA:71,3,0,0
BRDA:71,3,1,0
BRDA:221,4,0,0
BRDA:221,4,1,0
BRDA:223,5,0,0
BRDA:223,5,1,0
BRF:12
BRH:0
end_of_record
TN:
SF:src\modals\AddQuestionModal.js
FN:24,(anonymous_0)
FN:29,(anonymous_1)
FN:30,(anonymous_2)
FN:54,(anonymous_3)
FN:131,(anonymous_4)
FN:139,(anonymous_5)
FN:152,(anonymous_6)
FN:158,(anonymous_7)
FN:197,(anonymous_8)
FN:202,(anonymous_9)
FN:208,(anonymous_10)
FN:234,(anonymous_11)
FN:354,(anonymous_12)
FN:378,(anonymous_13)
FN:396,(anonymous_14)
FN:400,(anonymous_15)
FN:403,(anonymous_16)
FN:448,(anonymous_17)
FN:472,(anonymous_18)
FN:490,(anonymous_19)
FN:494,(anonymous_20)
FN:497,(anonymous_21)
FN:548,(anonymous_22)
FN:563,(anonymous_23)
FN:569,(anonymous_24)
FN:572,(anonymous_25)
FN:614,(anonymous_26)
FN:629,(anonymous_27)
FN:635,(anonymous_28)
FN:638,(anonymous_29)
FN:685,(anonymous_30)
FN:691,(anonymous_31)
FN:694,(anonymous_32)
FNF:33
FNH:3
FNDA:8,(anonymous_0)
FNDA:0,(anonymous_1)
FNDA:0,(anonymous_2)
FNDA:0,(anonymous_3)
FNDA:15,(anonymous_4)
FNDA:0,(anonymous_5)
FNDA:0,(anonymous_6)
FNDA:0,(anonymous_7)
FNDA:0,(anonymous_8)
FNDA:0,(anonymous_9)
FNDA:3,(anonymous_10)
FNDA:0,(anonymous_11)
FNDA:0,(anonymous_12)
FNDA:0,(anonymous_13)
FNDA:0,(anonymous_14)
FNDA:0,(anonymous_15)
FNDA:0,(anonymous_16)
FNDA:0,(anonymous_17)
FNDA:0,(anonymous_18)
FNDA:0,(anonymous_19)
FNDA:0,(anonymous_20)
FNDA:0,(anonymous_21)
FNDA:0,(anonymous_22)
FNDA:0,(anonymous_23)
FNDA:0,(anonymous_24)
FNDA:0,(anonymous_25)
FNDA:0,(anonymous_26)
FNDA:0,(anonymous_27)
FNDA:0,(anonymous_28)
FNDA:0,(anonymous_29)
FNDA:0,(anonymous_30)
FNDA:0,(anonymous_31)
FNDA:0,(anonymous_32)
DA:24,1
DA:25,8
DA:28,8
DA:29,8
DA:30,8
DA:33,8
DA:34,8
DA:35,8
DA:36,8
DA:37,8
DA:38,8
DA:39,8
DA:40,8
DA:41,8
DA:42,8
DA:45,8
DA:47,8
DA:48,8
DA:49,8
DA:50,8
DA:51,8
DA:52,8
DA:54,8
DA:55,0
DA:56,0
DA:58,0
DA:59,0
DA:60,0
DA:61,0
DA:62,0
DA:63,0
DA:64,0
DA:65,0
DA:67,0
DA:68,0
DA:69,0
DA:70,0
DA:71,0
DA:72,0
DA:73,0
DA:74,0
DA:76,0
DA:77,0
DA:78,0
DA:79,0
DA:80,0
DA:81,0
DA:82,0
DA:83,0
DA:85,0
DA:86,0
DA:87,0
DA:88,0
DA:89,0
DA:90,0
DA:91,0
DA:92,0
DA:94,0
DA:95,0
DA:96,0
DA:97,0
DA:98,0
DA:99,0
DA:100,0
DA:101,0
DA:103,0
DA:104,0
DA:105,0
DA:106,0
DA:107,0
DA:108,0
DA:109,0
DA:110,0
DA:112,0
DA:113,0
DA:114,0
DA:115,0
DA:116,0
DA:117,0
DA:118,0
DA:119,0
DA:122,0
DA:123,0
DA:124,0
DA:125,0
DA:126,0
DA:129,8
DA:131,15
DA:137,8
DA:139,8
DA:140,0
DA:141,0
DA:152,8
DA:153,0
DA:154,0
DA:155,0
DA:158,8
DA:159,0
DA:160,0
DA:161,0
DA:162,0
DA:164,0
DA:166,0
DA:179,0
DA:180,0
DA:184,0
DA:190,0
DA:191,0
DA:197,0
DA:198,0
DA:202,8
DA:203,0
DA:204,0
DA:205,0
DA:208,8
DA:209,3
DA:210,0
DA:214,8
DA:234,0
DA:354,0
DA:379,0
DA:396,0
DA:401,0
DA:404,0
DA:448,0
DA:473,0
DA:490,0
DA:495,0
DA:498,0
DA:548,0
DA:564,0
DA:570,0
DA:573,0
DA:614,0
DA:630,0
DA:636,0
DA:639,0
DA:686,0
DA:692,0
DA:695,0
LF:140
LH:33
BRDA:56,0,0,0
BRDA:56,0,1,0
BRDA:56,0,2,0
BRDA:56,0,3,0
BRDA:56,0,4,0
BRDA:56,0,5,0
BRDA:56,0,6,0
BRDA:56,0,7,0
BRDA:140,1,0,0
BRDA:140,1,1,0
BRDA:160,2,0,0
BRDA:160,2,1,0
BRDA:179,3,0,0
BRDA:179,3,1,0
BRDA:179,4,0,0
BRDA:179,4,1,0
BRDA:190,5,0,0
BRDA:190,5,1,0
BRDA:209,6,0,0
BRDA:209,6,1,3
BRDA:344,7,0,0
BRDA:344,7,1,8
BRDA:420,8,0,0
BRDA:420,8,1,0
BRDA:438,9,0,0
BRDA:438,9,1,8
BRDA:514,10,0,0
BRDA:514,10,1,0
BRDA:532,11,0,0
BRDA:532,11,1,8
BRDA:589,12,0,0
BRDA:589,12,1,0
BRDA:655,13,0,0
BRDA:655,13,1,0
BRDA:672,14,0,0
BRDA:672,14,1,8
BRDA:674,15,0,0
BRDA:674,15,1,8
BRDA:711,16,0,0
BRDA:711,16,1,0
BRDA:735,17,0,0
BRDA:735,17,1,8
BRF:42
BRH:7
end_of_record
TN:
SF:src\modals\AddSurveyModal.js
FN:7,(anonymous_0)
FN:16,(anonymous_1)
FN:17,(anonymous_2)
FN:19,(anonymous_3)
FN:27,(anonymous_4)
FN:40,(anonymous_5)
FN:45,(anonymous_6)
FN:74,(anonymous_7)
FN:87,(anonymous_8)
FNF:9
FNH:3
FNDA:8,(anonymous_0)
FNDA:0,(anonymous_1)
FNDA:0,(anonymous_2)
FNDA:15,(anonymous_3)
FNDA:0,(anonymous_4)
FNDA:0,(anonymous_5)
FNDA:3,(anonymous_6)
FNDA:0,(anonymous_7)
FNDA:0,(anonymous_8)
DA:7,1
DA:8,8
DA:10,8
DA:11,8
DA:12,8
DA:14,8
DA:16,8
DA:17,8
DA:19,15
DA:25,8
DA:27,8
DA:28,0
DA:29,0
DA:30,0
DA:31,0
DA:34,0
DA:36,0
DA:40,0
DA:41,0
DA:45,8
DA:46,3
DA:47,0
DA:48,0
DA:49,0
DA:53,8
DA:74,0
DA:87,0
LF:27
LH:14
BRDA:29,0,0,0
BRDA:29,0,1,0
BRDA:46,1,0,0
BRDA:46,1,1,3
BRF:4
BRH:1
end_of_record
TN:
SF:src\modals\AddSurveyTIme.js
FN:17,(anonymous_0)
FN:20,(anonymous_1)
FN:22,(anonymous_2)
FN:33,(anonymous_3)
FN:36,(anonymous_4)
FN:44,(anonymous_5)
FN:48,(anonymous_6)
FN:55,(anonymous_7)
FN:68,(anonymous_8)
FN:75,(anonymous_9)
FN:89,(anonymous_10)
FN:103,(anonymous_11)
FN:117,(anonymous_12)
FN:132,(anonymous_13)
FN:146,(anonymous_14)
FN:160,(anonymous_15)
FN:174,(anonymous_16)
FN:188,(anonymous_17)
FN:283,(anonymous_18)
FN:303,(anonymous_19)
FN:312,(anonymous_20)
FN:329,(anonymous_21)
FN:338,(anonymous_22)
FN:360,(anonymous_23)
FN:369,(anonymous_24)
FN:386,(anonymous_25)
FN:395,(anonymous_26)
FNF:27
FNH:4
FNDA:8,(anonymous_0)
FNDA:0,(anonymous_1)
FNDA:0,(anonymous_2)
FNDA:15,(anonymous_3)
FNDA:15,(anonymous_4)
FNDA:0,(anonymous_5)
FNDA:3,(anonymous_6)
FNDA:0,(anonymous_7)
FNDA:0,(anonymous_8)
FNDA:0,(anonymous_9)
FNDA:0,(anonymous_10)
FNDA:0,(anonymous_11)
FNDA:0,(anonymous_12)
FNDA:0,(anonymous_13)
FNDA:0,(anonymous_14)
FNDA:0,(anonymous_15)
FNDA:0,(anonymous_16)
FNDA:0,(anonymous_17)
FNDA:0,(anonymous_18)
FNDA:0,(anonymous_19)
FNDA:0,(anonymous_20)
FNDA:0,(anonymous_21)
FNDA:0,(anonymous_22)
FNDA:0,(anonymous_23)
FNDA:0,(anonymous_24)
FNDA:0,(anonymous_25)
FNDA:0,(anonymous_26)
DA:17,1
DA:18,8
DA:19,8
DA:20,8
DA:22,8
DA:23,0
DA:24,0
DA:26,8
DA:27,8
DA:28,8
DA:29,8
DA:31,8
DA:33,15
DA:34,8
DA:36,15
DA:42,8
DA:44,8
DA:45,0
DA:48,8
DA:49,3
DA:50,0
DA:51,0
DA:55,8
DA:56,0
DA:68,8
DA:69,0
DA:70,0
DA:71,0
DA:75,8
DA:76,0
DA:77,0
DA:78,0
DA:79,0
DA:80,0
DA:81,0
DA:83,0
DA:84,0
DA:85,0
DA:89,8
DA:90,0
DA:91,0
DA:92,0
DA:93,0
DA:94,0
DA:95,0
DA:97,0
DA:98,0
DA:99,0
DA:103,8
DA:104,0
DA:105,0
DA:106,0
DA:107,0
DA:108,0
DA:109,0
DA:111,0
DA:112,0
DA:113,0
DA:117,8
DA:118,0
DA:119,0
DA:120,0
DA:121,0
DA:122,0
DA:123,0
DA:125,0
DA:126,0
DA:127,0
DA:132,8
DA:133,0
DA:134,0
DA:135,0
DA:136,0
DA:137,0
DA:138,0
DA:140,0
DA:141,0
DA:142,0
DA:146,8
DA:147,0
DA:148,0
DA:149,0
DA:150,0
DA:151,0
DA:152,0
DA:154,0
DA:155,0
DA:156,0
DA:160,8
DA:161,0
DA:162,0
DA:163,0
DA:164,0
DA:165,0
DA:166,0
DA:168,0
DA:169,0
DA:170,0
DA:174,8
DA:175,0
DA:176,0
DA:177,0
DA:178,0
DA:179,0
DA:180,0
DA:182,0
DA:183,0
DA:184,0
DA:188,8
DA:189,0
DA:190,0
DA:191,0
DA:192,0
DA:193,0
DA:194,0
DA:195,0
DA:197,0
DA:198,0
DA:199,0
DA:200,0
DA:201,0
DA:203,0
DA:204,0
DA:209,0
DA:210,0
DA:214,0
DA:216,0
DA:220,8
DA:284,0
DA:303,0
DA:312,0
DA:329,0
DA:338,0
DA:360,0
DA:369,0
DA:386,0
DA:395,0
LF:137
LH:29
BRDA:31,0,0,8
BRDA:31,0,1,8
BRDA:46,1,0,8
BRDA:46,1,1,8
BRDA:49,2,0,0
BRDA:49,2,1,3
BRDA:78,3,0,0
BRDA:78,3,1,0
BRDA:92,4,0,0
BRDA:92,4,1,0
BRDA:106,5,0,0
BRDA:106,5,1,0
BRDA:120,6,0,0
BRDA:120,6,1,0
BRDA:135,7,0,0
BRDA:135,7,1,0
BRDA:149,8,0,0
BRDA:149,8,1,0
BRDA:163,9,0,0
BRDA:163,9,1,0
BRDA:177,10,0,0
BRDA:177,10,1,0
BRDA:191,11,0,0
BRDA:191,11,1,0
BRDA:197,12,0,0
BRDA:197,12,1,0
BRDA:209,13,0,0
BRDA:209,13,1,0
BRDA:237,14,0,0
BRDA:237,14,1,8
BRDA:276,15,0,0
BRDA:276,15,1,8
BRDA:278,16,0,0
BRDA:278,16,1,8
BRDA:282,17,0,8
BRDA:282,17,1,0
BRF:36
BRH:9
end_of_record
TN:
SF:src\modals\EditDiseaseModal.js
FN:10,(anonymous_0)
FN:14,(anonymous_1)
FN:15,(anonymous_2)
FN:19,(anonymous_3)
FN:27,(anonymous_4)
FN:32,(anonymous_5)
FN:52,(anonymous_6)
FN:61,(anonymous_7)
FNF:8
FNH:2
FNDA:6,(anonymous_0)
FNDA:0,(anonymous_1)
FNDA:0,(anonymous_2)
FNDA:0,(anonymous_3)
FNDA:0,(anonymous_4)
FNDA:3,(anonymous_5)
FNDA:0,(anonymous_6)
FNDA:0,(anonymous_7)
DA:10,1
DA:11,6
DA:12,6
DA:13,6
DA:14,6
DA:15,6
DA:17,6
DA:19,6
DA:20,0
DA:21,0
DA:27,0
DA:28,0
DA:32,6
DA:34,6
DA:52,0
DA:61,0
LF:16
LH:10
BRF:0
BRH:0
end_of_record
TN:
SF:src\modals\EditPatientModal.js
FN:14,(anonymous_0)
FN:25,(anonymous_1)
FN:26,(anonymous_2)
FN:30,(anonymous_3)
FN:33,(anonymous_4)
FN:36,(anonymous_5)
FN:46,(anonymous_6)
FN:52,(anonymous_7)
FN:54,(anonymous_8)
FN:59,(anonymous_9)
FN:64,(anonymous_10)
FN:70,(anonymous_11)
FN:76,(anonymous_12)
FN:99,(anonymous_13)
FN:109,(anonymous_14)
FN:119,(anonymous_15)
FN:130,(anonymous_16)
FN:163,(anonymous_17)
FN:168,(anonymous_18)
FN:171,(anonymous_19)
FNF:20
FNH:6
FNDA:4,(anonymous_0)
FNDA:0,(anonymous_1)
FNDA:0,(anonymous_2)
FNDA:10,(anonymous_3)
FNDA:10,(anonymous_4)
FNDA:0,(anonymous_5)
FNDA:0,(anonymous_6)
FNDA:2,(anonymous_7)
FNDA:0,(anonymous_8)
FNDA:2,(anonymous_9)
FNDA:0,(anonymous_10)
FNDA:0,(anonymous_11)
FNDA:0,(anonymous_12)
FNDA:0,(anonymous_13)
FNDA:0,(anonymous_14)
FNDA:0,(anonymous_15)
FNDA:0,(anonymous_16)
FNDA:2,(anonymous_17)
FNDA:0,(anonymous_18)
FNDA:0,(anonymous_19)
DA:14,4
DA:15,4
DA:16,4
DA:17,4
DA:18,4
DA:20,4
DA:21,4
DA:22,4
DA:24,4
DA:25,4
DA:26,4
DA:28,4
DA:30,10
DA:31,4
DA:33,10
DA:34,4
DA:36,4
DA:37,0
DA:38,0
DA:46,0
DA:47,0
DA:48,0
DA:52,4
DA:53,2
DA:54,2
DA:55,0
DA:56,0
DA:59,2
DA:60,2
DA:64,4
DA:65,0
DA:66,0
DA:67,0
DA:70,4
DA:71,0
DA:72,0
DA:73,0
DA:76,4
DA:77,0
DA:78,0
DA:79,0
DA:82,4
DA:99,0
DA:109,0
DA:119,0
DA:130,0
DA:164,2
DA:168,0
DA:172,0
LF:49
LH:27
BRDA:55,0,0,0
BRDA:55,0,1,0
BRDA:157,1,0,3
BRDA:157,1,1,1
BRDA:159,2,0,0
BRDA:159,2,1,1
BRF:6
BRH:3
end_of_record
TN:
SF:src\modals\EditQuestionModal.js
FN:25,(anonymous_0)
FN:30,(anonymous_1)
FN:31,(anonymous_2)
FN:63,(anonymous_3)
FN:136,(anonymous_4)
FN:144,(anonymous_5)
FN:152,(anonymous_6)
FN:166,(anonymous_7)
FN:172,(anonymous_8)
FN:194,(anonymous_9)
FN:199,(anonymous_10)
FN:205,(anonymous_11)
FN:211,(anonymous_12)
FN:245,(anonymous_13)
FN:372,(anonymous_14)
FN:396,(anonymous_15)
FN:404,(anonymous_16)
FN:417,(anonymous_17)
FN:421,(anonymous_18)
FN:424,(anonymous_19)
FN:475,(anonymous_20)
FN:498,(anonymous_21)
FN:507,(anonymous_22)
FN:520,(anonymous_23)
FN:524,(anonymous_24)
FN:527,(anonymous_25)
FN:575,(anonymous_26)
FN:582,(anonymous_27)
FN:595,(anonymous_28)
FN:599,(anonymous_29)
FN:602,(anonymous_30)
FN:656,(anonymous_31)
FN:666,(anonymous_32)
FNF:33
FNH:0
FNDA:0,(anonymous_0)
FNDA:0,(anonymous_1)
FNDA:0,(anonymous_2)
FNDA:0,(anonymous_3)
FNDA:0,(anonymous_4)
FNDA:0,(anonymous_5)
FNDA:0,(anonymous_6)
FNDA:0,(anonymous_7)
FNDA:0,(anonymous_8)
FNDA:0,(anonymous_9)
FNDA:0,(anonymous_10)
FNDA:0,(anonymous_11)
FNDA:0,(anonymous_12)
FNDA:0,(anonymous_13)
FNDA:0,(anonymous_14)
FNDA:0,(anonymous_15)
FNDA:0,(anonymous_16)
FNDA:0,(anonymous_17)
FNDA:0,(anonymous_18)
FNDA:0,(anonymous_19)
FNDA:0,(anonymous_20)
FNDA:0,(anonymous_21)
FNDA:0,(anonymous_22)
FNDA:0,(anonymous_23)
FNDA:0,(anonymous_24)
FNDA:0,(anonymous_25)
FNDA:0,(anonymous_26)
FNDA:0,(anonymous_27)
FNDA:0,(anonymous_28)
FNDA:0,(anonymous_29)
FNDA:0,(anonymous_30)
FNDA:0,(anonymous_31)
FNDA:0,(anonymous_32)
DA:25,1
DA:26,0
DA:29,0
DA:30,0
DA:31,0
DA:34,0
DA:35,0
DA:36,0
DA:37,0
DA:38,0
DA:39,0
DA:40,0
DA:41,0
DA:42,0
DA:45,0
DA:48,0
DA:51,0
DA:52,0
DA:57,0
DA:58,0
DA:60,0
DA:61,0
DA:63,0
DA:64,0
DA:65,0
DA:67,0
DA:68,0
DA:69,0
DA:70,0
DA:71,0
DA:72,0
DA:73,0
DA:74,0
DA:76,0
DA:77,0
DA:78,0
DA:79,0
DA:80,0
DA:81,0
DA:82,0
DA:83,0
DA:85,0
DA:86,0
DA:87,0
DA:88,0
DA:89,0
DA:90,0
DA:91,0
DA:92,0
DA:94,0
DA:95,0
DA:96,0
DA:97,0
DA:98,0
DA:99,0
DA:100,0
DA:101,0
DA:103,0
DA:104,0
DA:105,0
DA:106,0
DA:107,0
DA:108,0
DA:109,0
DA:110,0
DA:112,0
DA:113,0
DA:114,0
DA:115,0
DA:116,0
DA:117,0
DA:118,0
DA:119,0
DA:121,0
DA:122,0
DA:123,0
DA:124,0
DA:125,0
DA:126,0
DA:127,0
DA:128,0
DA:131,0
DA:134,0
DA:136,0
DA:142,0
DA:144,0
DA:150,0
DA:152,0
DA:153,0
DA:154,0
DA:166,0
DA:167,0
DA:168,0
DA:169,0
DA:172,0
DA:173,0
DA:174,0
DA:175,0
DA:176,0
DA:178,0
DA:180,0
DA:194,0
DA:195,0
DA:199,0
DA:200,0
DA:201,0
DA:202,0
DA:205,0
DA:206,0
DA:207,0
DA:208,0
DA:211,0
DA:212,0
DA:213,0
DA:217,0
DA:245,0
DA:372,0
DA:397,0
DA:404,0
DA:417,0
DA:422,0
DA:425,0
DA:475,0
DA:499,0
DA:507,0
DA:520,0
DA:525,0
DA:528,0
DA:576,0
DA:582,0
DA:595,0
DA:600,0
DA:603,0
DA:656,0
DA:666,0
LF:135
LH:1
BRDA:65,0,0,0
BRDA:65,0,1,0
BRDA:65,0,2,0
BRDA:65,0,3,0
BRDA:65,0,4,0
BRDA:65,0,5,0
BRDA:65,0,6,0
BRDA:65,0,7,0
BRDA:153,1,0,0
BRDA:153,1,1,0
BRDA:174,2,0,0
BRDA:174,2,1,0
BRDA:212,3,0,0
BRDA:212,3,1,0
BRDA:362,4,0,0
BRDA:362,4,1,0
BRDA:441,5,0,0
BRDA:441,5,1,0
BRDA:443,6,0,0
BRDA:443,6,1,0
BRDA:465,7,0,0
BRDA:465,7,1,0
BRDA:544,8,0,0
BRDA:544,8,1,0
BRDA:546,9,0,0
BRDA:546,9,1,0
BRDA:568,10,0,0
BRDA:568,10,1,0
BRDA:619,11,0,0
BRDA:619,11,1,0
BRDA:621,12,0,0
BRDA:621,12,1,0
BRDA:643,13,0,0
BRDA:643,13,1,0
BRDA:679,14,0,0
BRDA:679,14,1,0
BRF:36
BRH:0
end_of_record
TN:
SF:src\modals\EditSurveyModal.js
FN:11,(anonymous_0)
FN:14,(anonymous_1)
FN:15,(anonymous_2)
FN:19,(anonymous_3)
FN:26,(anonymous_4)
FN:36,(anonymous_5)
FN:57,(anonymous_6)
FNF:7
FNH:0
FNDA:0,(anonymous_0)
FNDA:0,(anonymous_1)
FNDA:0,(anonymous_2)
FNDA:0,(anonymous_3)
FNDA:0,(anonymous_4)
FNDA:0,(anonymous_5)
FNDA:0,(anonymous_6)
DA:11,1
DA:12,0
DA:13,0
DA:14,0
DA:15,0
DA:17,0
DA:19,0
DA:24,0
DA:26,0
DA:27,0
DA:28,0
DA:33,0
DA:36,0
DA:38,0
DA:57,0
LF:15
LH:1
BRF:0
BRH:0
end_of_record
TN:
SF:src\reducers\diseaseReducers.js
FN:21,(anonymous_0)
FN:35,(anonymous_1)
FN:52,(anonymous_2)
FN:77,(anonymous_3)
FN:96,(anonymous_4)
FNF:5
FNH:5
FNDA:53,(anonymous_0)
FNDA:53,(anonymous_1)
FNDA:53,(anonymous_2)
FNDA:53,(anonymous_3)
FNDA:53,(anonymous_4)
DA:21,11
DA:22,53
DA:24,4
DA:26,2
DA:28,0
DA:30,47
DA:35,11
DA:39,53
DA:41,1
DA:43,0
DA:45,0
DA:47,52
DA:52,11
DA:53,53
DA:55,0
DA:59,0
DA:65,0
DA:70,4
DA:72,49
DA:77,11
DA:78,53
DA:80,0
DA:84,0
DA:89,0
DA:91,53
DA:96,11
DA:97,53
DA:99,0
DA:101,0
DA:107,0
DA:109,0
DA:111,53
LF:32
LH:19
BRDA:21,0,0,33
BRDA:22,1,0,4
BRDA:22,1,1,2
BRDA:22,1,2,0
BRDA:22,1,3,47
BRDA:36,2,0,33
BRDA:39,3,0,1
BRDA:39,3,1,0
BRDA:39,3,2,0
BRDA:39,3,3,52
BRDA:52,4,0,33
BRDA:53,5,0,0
BRDA:53,5,1,0
BRDA:53,5,2,0
BRDA:53,5,3,4
BRDA:53,5,4,49
BRDA:77,6,0,33
BRDA:78,7,0,0
BRDA:78,7,1,0
BRDA:78,7,2,0
BRDA:78,7,3,53
BRDA:96,8,0,33
BRDA:97,9,0,0
BRDA:97,9,1,0
BRDA:97,9,2,0
BRDA:97,9,3,0
BRDA:97,9,4,53
BRF:27
BRH:14
end_of_record
TN:
SF:src\reducers\doctorReducers.js
FN:34,(anonymous_0)
FN:52,(anonymous_1)
FN:69,(anonymous_2)
FN:85,(anonymous_3)
FN:100,(anonymous_4)
FN:115,(anonymous_5)
FN:128,(anonymous_6)
FN:145,(anonymous_7)
FNF:8
FNH:8
FNDA:53,(anonymous_0)
FNDA:53,(anonymous_1)
FNDA:53,(anonymous_2)
FNDA:53,(anonymous_3)
FNDA:53,(anonymous_4)
FNDA:53,(anonymous_5)
FNDA:53,(anonymous_6)
FNDA:53,(anonymous_7)
DA:34,11
DA:35,53
DA:37,1
DA:39,0
DA:44,0
DA:46,0
DA:48,52
DA:52,11
DA:53,53
DA:55,0
DA:57,0
DA:59,0
DA:61,0
DA:63,0
DA:65,53
DA:69,11
DA:70,53
DA:72,0
DA:74,0
DA:76,0
DA:78,0
DA:81,53
DA:85,11
DA:86,53
DA:88,0
DA:90,0
DA:92,0
DA:94,0
DA:96,53
DA:100,11
DA:101,53
DA:103,0
DA:105,0
DA:107,0
DA:109,0
DA:111,53
DA:115,11
DA:116,53
DA:118,0
DA:120,0
DA:122,0
DA:124,53
DA:128,11
DA:129,53
DA:131,0
DA:133,0
DA:135,0
DA:137,0
DA:141,53
DA:145,11
DA:149,53
DA:151,0
DA:153,0
DA:155,0
DA:157,53
LF:55
LH:25
BRDA:34,0,0,22
BRDA:35,1,0,1
BRDA:35,1,1,0
BRDA:35,1,2,0
BRDA:35,1,3,0
BRDA:35,1,4,52
BRDA:52,2,0,33
BRDA:53,3,0,0
BRDA:53,3,1,0
BRDA:53,3,2,0
BRDA:53,3,3,0
BRDA:53,3,4,0
BRDA:53,3,5,53
BRDA:69,4,0,33
BRDA:70,5,0,0
BRDA:70,5,1,0
BRDA:70,5,2,0
BRDA:70,5,3,0
BRDA:70,5,4,53
BRDA:85,6,0,33
BRDA:86,7,0,0
BRDA:86,7,1,0
BRDA:86,7,2,0
BRDA:86,7,3,0
BRDA:86,7,4,53
BRDA:100,8,0,33
BRDA:101,9,0,0
BRDA:101,9,1,0
BRDA:101,9,2,0
BRDA:101,9,3,0
BRDA:101,9,4,53
BRDA:115,10,0,33
BRDA:116,11,0,0
BRDA:116,11,1,0
BRDA:116,11,2,0
BRDA:116,11,3,53
BRDA:128,12,0,33
BRDA:129,13,0,0
BRDA:129,13,1,0
BRDA:129,13,2,0
BRDA:129,13,3,0
BRDA:129,13,4,53
BRDA:146,14,0,33
BRDA:149,15,0,0
BRDA:149,15,1,0
BRDA:149,15,2,0
BRDA:149,15,3,53
BRF:47
BRH:17
end_of_record
TN:
SF:src\reducers\patientReducers.js
FN:32,(anonymous_0)
FN:45,(anonymous_1)
FN:59,(anonymous_2)
FN:76,(anonymous_3)
FN:93,(anonymous_4)
FN:110,(anonymous_5)
FN:132,(anonymous_6)
FN:145,(anonymous_7)
FNF:8
FNH:8
FNDA:53,(anonymous_0)
FNDA:53,(anonymous_1)
FNDA:53,(anonymous_2)
FNDA:53,(anonymous_3)
FNDA:53,(anonymous_4)
FNDA:53,(anonymous_5)
FNDA:53,(anonymous_6)
FNDA:53,(anonymous_7)
DA:32,11
DA:33,53
DA:35,0
DA:37,0
DA:39,0
DA:41,53
DA:45,11
DA:46,53
DA:48,1
DA:50,0
DA:52,0
DA:54,52
DA:59,11
DA:63,53
DA:65,0
DA:67,0
DA:69,0
DA:71,53
DA:76,11
DA:80,53
DA:82,0
DA:84,0
DA:86,0
DA:88,53
DA:93,11
DA:97,53
DA:99,1
DA:101,0
DA:103,0
DA:105,52
DA:110,11
DA:111,53
DA:113,0
DA:117,0
DA:123,0
DA:128,53
DA:132,11
DA:133,53
DA:135,0
DA:137,0
DA:139,0
DA:141,53
DA:145,11
DA:146,53
DA:148,0
DA:150,0
DA:152,0
DA:154,0
DA:156,53
LF:49
LH:26
BRDA:32,0,0,33
BRDA:33,1,0,0
BRDA:33,1,1,0
BRDA:33,1,2,0
BRDA:33,1,3,53
BRDA:45,2,0,33
BRDA:46,3,0,1
BRDA:46,3,1,0
BRDA:46,3,2,0
BRDA:46,3,3,52
BRDA:60,4,0,33
BRDA:63,5,0,0
BRDA:63,5,1,0
BRDA:63,5,2,0
BRDA:63,5,3,53
BRDA:77,6,0,33
BRDA:80,7,0,0
BRDA:80,7,1,0
BRDA:80,7,2,0
BRDA:80,7,3,53
BRDA:94,8,0,33
BRDA:97,9,0,1
BRDA:97,9,1,0
BRDA:97,9,2,0
BRDA:97,9,3,52
BRDA:110,10,0,33
BRDA:111,11,0,0
BRDA:111,11,1,0
BRDA:111,11,2,0
BRDA:111,11,3,53
BRDA:132,12,0,33
BRDA:133,13,0,0
BRDA:133,13,1,0
BRDA:133,13,2,0
BRDA:133,13,3,53
BRDA:145,14,0,33
BRDA:146,15,0,0
BRDA:146,15,1,0
BRDA:146,15,2,0
BRDA:146,15,3,0
BRDA:146,15,4,53
BRF:41
BRH:18
end_of_record
TN:
SF:src\reducers\questionReducers.js
FN:15,(anonymous_0)
FN:37,(anonymous_1)
FN:50,(anonymous_2)
FNF:3
FNH:3
FNDA:53,(anonymous_0)
FNDA:53,(anonymous_1)
FNDA:53,(anonymous_2)
DA:15,11
DA:16,53
DA:18,0
DA:22,0
DA:28,0
DA:33,53
DA:37,11
DA:38,53
DA:40,0
DA:42,0
DA:44,0
DA:46,53
DA:50,11
DA:51,53
DA:53,0
DA:55,0
DA:57,0
DA:59,0
DA:61,53
LF:19
LH:9
BRDA:15,0,0,33
BRDA:16,1,0,0
BRDA:16,1,1,0
BRDA:16,1,2,0
BRDA:16,1,3,53
BRDA:37,2,0,33
BRDA:38,3,0,0
BRDA:38,3,1,0
BRDA:38,3,2,0
BRDA:38,3,3,53
BRDA:50,4,0,33
BRDA:51,5,0,0
BRDA:51,5,1,0
BRDA:51,5,2,0
BRDA:51,5,3,0
BRDA:51,5,4,53
BRF:16
BRH:6
end_of_record
TN:
SF:src\reducers\responsesReducers.js
FN:7,(anonymous_0)
FNF:1
FNH:1
FNDA:53,(anonymous_0)
DA:7,11
DA:8,53
DA:10,1
DA:12,0
DA:14,1
DA:16,51
LF:6
LH:5
BRDA:7,0,0,33
BRDA:8,1,0,1
BRDA:8,1,1,0
BRDA:8,1,2,1
BRDA:8,1,3,51
BRF:5
BRH:4
end_of_record
TN:
SF:src\reducers\sensorReducers.js
FN:16,(anonymous_0)
FN:30,(anonymous_1)
FN:53,(anonymous_2)
FN:75,(anonymous_3)
FNF:4
FNH:4
FNDA:53,(anonymous_0)
FNDA:53,(anonymous_1)
FNDA:53,(anonymous_2)
FNDA:53,(anonymous_3)
DA:16,11
DA:17,53
DA:19,0
DA:21,0
DA:23,0
DA:25,53
DA:30,11
DA:31,53
DA:33,0
DA:37,0
DA:43,0
DA:48,53
DA:53,11
DA:54,53
DA:56,0
DA:60,0
DA:66,0
DA:71,53
DA:75,11
DA:79,53
DA:81,0
DA:83,0
DA:85,0
DA:87,53
LF:24
LH:12
BRDA:16,0,0,33
BRDA:17,1,0,0
BRDA:17,1,1,0
BRDA:17,1,2,0
BRDA:17,1,3,53
BRDA:30,2,0,33
BRDA:31,3,0,0
BRDA:31,3,1,0
BRDA:31,3,2,0
BRDA:31,3,3,53
BRDA:53,4,0,33
BRDA:54,5,0,0
BRDA:54,5,1,0
BRDA:54,5,2,0
BRDA:54,5,3,53
BRDA:76,6,0,33
BRDA:79,7,0,0
BRDA:79,7,1,0
BRDA:79,7,2,0
BRDA:79,7,3,53
BRF:20
BRH:8
end_of_record
TN:
SF:src\reducers\surveyReducers.js
FN:36,(anonymous_0)
FN:49,(anonymous_1)
FN:62,(anonymous_2)
FN:76,(anonymous_3)
FN:99,(anonymous_4)
FN:121,(anonymous_5)
FN:143,(anonymous_6)
FN:159,(anonymous_7)
FN:175,(anonymous_8)
FN:192,(anonymous_9)
FN:210,(anonymous_10)
FNF:11
FNH:10
FNDA:53,(anonymous_0)
FNDA:53,(anonymous_1)
FNDA:0,(anonymous_2)
FNDA:53,(anonymous_3)
FNDA:53,(anonymous_4)
FNDA:53,(anonymous_5)
FNDA:53,(anonymous_6)
FNDA:53,(anonymous_7)
FNDA:53,(anonymous_8)
FNDA:53,(anonymous_9)
FNDA:53,(anonymous_10)
DA:36,11
DA:37,53
DA:39,3
DA:41,1
DA:43,0
DA:45,49
DA:49,11
DA:50,53
DA:52,0
DA:54,0
DA:56,0
DA:58,53
DA:62,11
DA:63,0
DA:65,0
DA:70,0
DA:72,0
DA:76,11
DA:77,53
DA:79,0
DA:83,0
DA:89,0
DA:94,53
DA:99,11
DA:100,53
DA:102,0
DA:106,0
DA:112,0
DA:117,53
DA:121,11
DA:122,53
DA:124,0
DA:128,0
DA:134,0
DA:139,53
DA:143,11
DA:147,53
DA:149,0
DA:151,0
DA:153,0
DA:155,53
DA:159,11
DA:163,53
DA:165,0
DA:167,0
DA:169,0
DA:171,53
DA:175,11
DA:179,53
DA:181,0
DA:183,0
DA:185,0
DA:187,53
DA:192,11
DA:193,53
DA:195,0
DA:199,0
DA:204,0
DA:206,53
DA:210,11
DA:211,53
DA:213,0
DA:217,0
DA:222,0
DA:224,53
LF:65
LH:33
BRDA:36,0,0,33
BRDA:37,1,0,3
BRDA:37,1,1,1
BRDA:37,1,2,0
BRDA:37,1,3,49
BRDA:49,2,0,33
BRDA:50,3,0,0
BRDA:50,3,1,0
BRDA:50,3,2,0
BRDA:50,3,3,53
BRDA:62,4,0,0
BRDA:63,5,0,0
BRDA:63,5,1,0
BRDA:63,5,2,0
BRDA:76,6,0,33
BRDA:77,7,0,0
BRDA:77,7,1,0
BRDA:77,7,2,0
BRDA:77,7,3,53
BRDA:99,8,0,33
BRDA:100,9,0,0
BRDA:100,9,1,0
BRDA:100,9,2,0
BRDA:100,9,3,53
BRDA:121,10,0,33
BRDA:122,11,0,0
BRDA:122,11,1,0
BRDA:122,11,2,0
BRDA:122,11,3,53
BRDA:144,12,0,33
BRDA:147,13,0,0
BRDA:147,13,1,0
BRDA:147,13,2,0
BRDA:147,13,3,53
BRDA:160,14,0,33
BRDA:163,15,0,0
BRDA:163,15,1,0
BRDA:163,15,2,0
BRDA:163,15,3,53
BRDA:176,16,0,33
BRDA:179,17,0,0
BRDA:179,17,1,0
BRDA:179,17,2,0
BRDA:179,17,3,53
BRDA:192,18,0,33
BRDA:193,19,0,0
BRDA:193,19,1,0
BRDA:193,19,2,0
BRDA:193,19,3,53
BRDA:210,20,0,33
BRDA:211,21,0,0
BRDA:211,21,1,0
BRDA:211,21,2,0
BRDA:211,21,3,53
BRF:54
BRH:22
end_of_record
TN:
SF:src\reducers\timeSlotReducers.js
FN:10,(anonymous_0)
FN:27,(anonymous_1)
FNF:2
FNH:2
FNDA:53,(anonymous_0)
FNDA:53,(anonymous_1)
DA:10,11
DA:14,53
DA:16,0
DA:18,0
DA:20,0
DA:22,53
DA:27,11
DA:28,53
DA:30,0
DA:34,0
DA:40,0
DA:45,53
LF:12
LH:6
BRDA:11,0,0,33
BRDA:14,1,0,0
BRDA:14,1,1,0
BRDA:14,1,2,0
BRDA:14,1,3,53
BRDA:27,2,0,33
BRDA:28,3,0,0
BRDA:28,3,1,0
BRDA:28,3,2,0
BRDA:28,3,3,53
BRF:10
BRH:4
end_of_record
TN:
SF:src\screens\DiseaseListScreen.js
FN:19,(anonymous_0)
FN:22,(anonymous_1)
FN:29,(anonymous_2)
FN:36,(anonymous_3)
FN:39,(anonymous_4)
FN:42,(anonymous_5)
FN:47,(anonymous_6)
FN:83,(anonymous_7)
FN:103,(anonymous_8)
FNF:9
FNH:7
FNDA:5,(anonymous_0)
FNDA:11,(anonymous_1)
FNDA:11,(anonymous_2)
FNDA:11,(anonymous_3)
FNDA:1,(anonymous_4)
FNDA:1,(anonymous_5)
FNDA:0,(anonymous_6)
FNDA:6,(anonymous_7)
FNDA:0,(anonymous_8)
DA:19,1
DA:20,5
DA:22,11
DA:27,4
DA:29,11
DA:34,4
DA:36,11
DA:37,4
DA:39,4
DA:40,1
DA:41,1
DA:42,1
DA:43,1
DA:47,4
DA:48,0
DA:49,0
DA:53,4
DA:84,6
DA:103,0
LF:19
LH:16
BRDA:48,0,0,0
BRDA:48,0,1,0
BRDA:71,1,0,4
BRDA:71,1,1,0
BRDA:72,2,0,4
BRDA:72,2,1,0
BRDA:73,3,0,1
BRDA:73,3,1,3
BRDA:75,4,0,0
BRDA:75,4,1,3
BRF:10
BRH:5
end_of_record
TN:
SF:src\screens\HomeScreen.js
FN:5,(anonymous_0)
FNF:1
FNH:1
FNDA:1,(anonymous_0)
DA:5,1
DA:6,1
LF:2
LH:2
BRF:0
BRH:0
end_of_record
TN:
SF:src\screens\LoginScreen.js
FN:10,(anonymous_0)
FN:16,(anonymous_1)
FN:21,(anonymous_2)
FN:27,(anonymous_3)
FN:44,(anonymous_4)
FN:54,(anonymous_5)
FNF:6
FNH:6
FNDA:27,(anonymous_0)
FNDA:29,(anonymous_1)
FNDA:2,(anonymous_2)
FNDA:1,(anonymous_3)
FNDA:13,(anonymous_4)
FNDA:12,(anonymous_5)
DA:10,1
DA:11,27
DA:12,27
DA:14,27
DA:16,29
DA:17,27
DA:19,27
DA:21,27
DA:22,2
DA:23,0
DA:27,27
DA:28,1
DA:29,1
DA:32,27
DA:44,13
DA:54,12
LF:16
LH:15
BRDA:19,0,0,0
BRDA:19,0,1,27
BRDA:22,1,0,0
BRDA:22,1,1,2
BRDA:35,2,0,27
BRDA:35,2,1,0
BRDA:36,3,0,27
BRDA:36,3,1,1
BRF:8
BRH:5
end_of_record
TN:
SF:src\screens\PatientListScreen.js
FN:22,(anonymous_0)
FN:25,(anonymous_1)
FN:29,(anonymous_2)
FN:44,(anonymous_3)
FN:48,(anonymous_4)
FN:54,(anonymous_5)
FN:57,(anonymous_6)
FN:58,(anonymous_7)
FN:59,(anonymous_8)
FN:95,(anonymous_9)
FNF:10
FNH:6
FNDA:3,(anonymous_0)
FNDA:5,(anonymous_1)
FNDA:5,(anonymous_2)
FNDA:1,(anonymous_3)
FNDA:1,(anonymous_4)
FNDA:2,(anonymous_5)
FNDA:0,(anonymous_6)
FNDA:0,(anonymous_7)
FNDA:0,(anonymous_8)
FNDA:0,(anonymous_9)
DA:22,1
DA:23,3
DA:25,5
DA:26,3
DA:28,3
DA:29,5
DA:35,3
DA:40,3
DA:42,3
DA:44,3
DA:45,1
DA:48,3
DA:49,1
DA:50,0
DA:54,3
DA:55,2
DA:56,2
DA:57,1
DA:58,0
DA:59,0
DA:65,3
DA:96,0
LF:22
LH:18
BRDA:40,0,0,3
BRDA:40,0,1,3
BRDA:49,1,0,0
BRDA:49,1,1,1
BRDA:56,2,0,1
BRDA:56,2,1,1
BRDA:56,3,0,2
BRDA:56,3,1,2
BRDA:58,4,0,0
BRDA:58,4,1,0
BRDA:69,5,0,0
BRDA:69,5,1,3
BRDA:86,6,0,0
BRDA:86,6,1,0
BRDA:88,7,0,0
BRDA:88,7,1,0
BRF:16
BRH:8
end_of_record
TN:
SF:src\screens\PatientScreen.js
FN:23,(anonymous_0)
FN:26,(anonymous_1)
FN:29,(anonymous_2)
FN:33,(anonymous_3)
FN:40,(anonymous_4)
FN:45,(anonymous_5)
FN:65,(anonymous_6)
FN:120,(anonymous_7)
FN:140,(anonymous_8)
FN:167,(anonymous_9)
FN:169,(anonymous_10)
FN:193,(anonymous_11)
FNF:12
FNH:6
FNDA:2,(anonymous_0)
FNDA:7,(anonymous_1)
FNDA:7,(anonymous_2)
FNDA:7,(anonymous_3)
FNDA:1,(anonymous_4)
FNDA:1,(anonymous_5)
FNDA:0,(anonymous_6)
FNDA:0,(anonymous_7)
FNDA:0,(anonymous_8)
FNDA:0,(anonymous_9)
FNDA:0,(anonymous_10)
FNDA:0,(anonymous_11)
DA:23,1
DA:24,2
DA:26,7
DA:27,2
DA:29,7
DA:31,2
DA:33,7
DA:38,2
DA:40,2
DA:41,1
DA:42,1
DA:45,2
DA:46,1
DA:49,2
DA:66,0
DA:121,0
DA:141,0
DA:168,0
DA:170,0
DA:194,0
LF:20
LH:14
BRDA:51,0,0,1
BRDA:51,0,1,1
BRDA:53,1,0,0
BRDA:53,1,1,1
BRDA:112,2,0,0
BRDA:112,2,1,1
BRDA:114,3,0,0
BRDA:114,3,1,1
BRDA:118,4,0,1
BRDA:118,4,1,0
BRDA:122,5,0,0
BRDA:122,5,1,0
BRDA:142,6,0,0
BRDA:142,6,1,0
BRDA:143,7,0,0
BRDA:143,7,1,0
BRDA:144,8,0,0
BRDA:144,8,1,0
BRDA:152,9,0,0
BRDA:152,9,1,0
BRDA:153,10,0,0
BRDA:153,10,1,0
BRDA:175,11,0,0
BRDA:175,11,1,0
BRDA:177,12,0,0
BRDA:177,12,1,0
BRDA:180,13,0,0
BRDA:180,13,1,0
BRDA:184,14,0,0
BRDA:184,14,1,0
BRDA:186,15,0,0
BRDA:186,15,1,0
BRDA:188,16,0,0
BRDA:188,16,1,0
BRDA:190,17,0,0
BRDA:190,17,1,0
BRDA:202,18,0,0
BRDA:202,18,1,0
BRF:38
BRH:6
end_of_record
TN:
SF:src\screens\PatientsByDisease.js
FN:13,(anonymous_0)
FN:19,(anonymous_1)
FN:23,(anonymous_2)
FN:32,(anonymous_3)
FN:38,(anonymous_4)
FN:67,(anonymous_5)
FN:69,(anonymous_6)
FNF:7
FNH:5
FNDA:1,(anonymous_0)
FNDA:2,(anonymous_1)
FNDA:2,(anonymous_2)
FNDA:1,(anonymous_3)
FNDA:1,(anonymous_4)
FNDA:0,(anonymous_5)
FNDA:0,(anonymous_6)
DA:13,1
DA:14,1
DA:16,1
DA:18,1
DA:19,2
DA:21,1
DA:23,2
DA:28,1
DA:30,1
DA:32,1
DA:33,1
DA:34,0
DA:38,1
DA:39,1
DA:40,0
DA:44,1
DA:68,0
DA:69,0
LF:18
LH:14
BRDA:30,0,0,1
BRDA:30,0,1,1
BRDA:33,1,0,0
BRDA:33,1,1,1
BRDA:39,2,0,0
BRDA:39,2,1,1
BRDA:48,3,0,0
BRDA:48,3,1,1
BRDA:58,4,0,0
BRDA:58,4,1,0
BRDA:60,5,0,0
BRDA:60,5,1,0
BRDA:69,6,0,0
BRDA:69,6,1,0
BRF:14
BRH:5
end_of_record
TN:
SF:src\screens\SurveyCreationScreen.js
FN:58,(anonymous_0)
FN:63,(anonymous_1)
FN:71,(anonymous_2)
FN:79,(anonymous_3)
FN:82,(anonymous_4)
FN:90,(anonymous_5)
FN:106,(anonymous_6)
FN:109,(anonymous_7)
FN:116,(anonymous_8)
FN:122,(anonymous_9)
FN:124,(anonymous_10)
FN:130,(anonymous_11)
FN:136,(anonymous_12)
FN:153,(anonymous_13)
FN:161,(anonymous_14)
FN:164,(anonymous_15)
FN:167,(anonymous_16)
FN:173,(anonymous_17)
FN:177,(anonymous_18)
FN:180,(anonymous_19)
FN:190,(anonymous_20)
FN:196,(anonymous_21)
FN:199,(anonymous_22)
FN:251,(anonymous_23)
FN:268,(anonymous_24)
FN:281,(anonymous_25)
FN:294,(anonymous_26)
FN:325,(anonymous_27)
FN:526,(anonymous_28)
FN:537,(anonymous_29)
FNF:30
FNH:12
FNDA:2,(anonymous_0)
FNDA:3,(anonymous_1)
FNDA:3,(anonymous_2)
FNDA:3,(anonymous_3)
FNDA:3,(anonymous_4)
FNDA:3,(anonymous_5)
FNDA:3,(anonymous_6)
FNDA:3,(anonymous_7)
FNDA:0,(anonymous_8)
FNDA:0,(anonymous_9)
FNDA:0,(anonymous_10)
FNDA:0,(anonymous_11)
FNDA:0,(anonymous_12)
FNDA:0,(anonymous_13)
FNDA:1,(anonymous_14)
FNDA:0,(anonymous_15)
FNDA:0,(anonymous_16)
FNDA:1,(anonymous_17)
FNDA:0,(anonymous_18)
FNDA:0,(anonymous_19)
FNDA:1,(anonymous_20)
FNDA:1,(anonymous_21)
FNDA:0,(anonymous_22)
FNDA:0,(anonymous_23)
FNDA:0,(anonymous_24)
FNDA:0,(anonymous_25)
FNDA:0,(anonymous_26)
FNDA:0,(anonymous_27)
FNDA:0,(anonymous_28)
FNDA:0,(anonymous_29)
DA:38,1
DA:53,1
DA:58,1
DA:59,2
DA:61,2
DA:63,3
DA:68,2
DA:70,2
DA:71,3
DA:77,2
DA:79,3
DA:80,2
DA:82,3
DA:87,2
DA:89,2
DA:90,3
DA:97,2
DA:99,2
DA:100,2
DA:102,2
DA:103,2
DA:104,2
DA:106,3
DA:107,2
DA:109,3
DA:114,2
DA:116,2
DA:117,0
DA:118,0
DA:119,0
DA:122,2
DA:123,0
DA:124,0
DA:125,0
DA:130,2
DA:131,0
DA:132,0
DA:136,2
DA:137,0
DA:143,0
DA:144,0
DA:145,0
DA:150,0
DA:153,0
DA:157,0
DA:161,2
DA:162,1
DA:163,0
DA:165,0
DA:168,0
DA:173,2
DA:174,1
DA:175,0
DA:176,0
DA:178,0
DA:181,0
DA:185,1
DA:188,2
DA:190,2
DA:191,1
DA:192,0
DA:196,2
DA:197,1
DA:198,1
DA:199,1
DA:200,1
DA:204,2
DA:252,0
DA:269,0
DA:281,0
DA:295,0
DA:326,0
DA:527,0
DA:537,0
LF:74
LH:44
BRDA:61,0,0,2
BRDA:61,0,1,2
BRDA:123,1,0,0
BRDA:123,1,1,0
BRDA:131,2,0,0
BRDA:131,2,1,0
BRDA:144,3,0,0
BRDA:144,3,1,0
BRDA:150,4,0,0
BRDA:150,4,1,0
BRDA:162,5,0,0
BRDA:162,5,1,1
BRDA:162,6,0,1
BRDA:162,6,1,1
BRDA:174,7,0,0
BRDA:174,7,1,1
BRDA:175,8,0,0
BRDA:175,8,1,0
BRDA:191,9,0,0
BRDA:191,9,1,1
BRDA:191,10,0,1
BRDA:191,10,1,1
BRDA:197,11,0,1
BRDA:197,11,1,0
BRDA:212,12,0,0
BRDA:212,12,1,2
BRDA:214,13,0,0
BRDA:214,13,1,0
BRDA:216,14,0,0
BRDA:216,14,1,0
BRDA:220,15,0,0
BRDA:220,15,1,0
BRDA:235,16,0,0
BRDA:235,16,1,0
BRDA:292,17,0,0
BRDA:292,17,1,0
BRDA:305,18,0,0
BRDA:305,18,1,0
BRDA:305,19,0,0
BRDA:305,19,1,0
BRDA:323,20,0,0
BRDA:323,20,1,0
BRDA:336,21,0,0
BRDA:336,21,1,0
BRDA:336,22,0,0
BRDA:336,22,1,0
BRDA:354,23,0,0
BRDA:354,23,1,0
BRDA:357,24,0,0
BRDA:357,24,1,0
BRDA:357,25,0,0
BRDA:357,25,1,0
BRDA:387,26,0,0
BRDA:387,26,1,0
BRDA:387,27,0,0
BRDA:387,27,1,0
BRDA:402,28,0,0
BRDA:402,28,1,0
BRDA:415,29,0,0
BRDA:415,29,1,0
BRDA:417,30,0,0
BRDA:417,30,1,0
BRDA:417,31,0,0
BRDA:417,31,1,0
BRDA:442,32,0,0
BRDA:442,32,1,0
BRDA:520,33,0,0
BRDA:520,33,1,2
BRDA:522,34,0,0
BRDA:522,34,1,2
BRDA:533,35,0,0
BRDA:533,35,1,0
BRF:72
BRH:13
end_of_record
